[2017-02-04 21:49:00,258]-[AWT-EventQueue-0] INFO  org.hibernate.annotations.common.Version  - HCANN000001: Hibernate Commons Annotations {5.0.1.Final}
[2017-02-04 21:49:00,372]-[AWT-EventQueue-0] WARN  org.hibernate.orm.connections.pooling  - HHH10001002: Using Hibernate built-in connection pool (not for production use!)
[2017-02-04 21:49:00,376]-[AWT-EventQueue-0] INFO  org.hibernate.orm.connections.pooling  - HHH10001005: using driver [org.h2.Driver] at URL [jdbc:h2:./db/wyccdb]
[2017-02-04 21:49:00,378]-[AWT-EventQueue-0] INFO  org.hibernate.orm.connections.pooling  - HHH10001001: Connection properties: {user=wycc, password=****}
[2017-02-04 21:49:00,378]-[AWT-EventQueue-0] INFO  org.hibernate.orm.connections.pooling  - HHH10001003: Autocommit mode: false
[2017-02-04 21:49:00,383]-[AWT-EventQueue-0] INFO  org.hibernate.engine.jdbc.connections.internal.DriverManagerConnectionProviderImpl  - HHH000115: Hibernate connection pool size: 1 (min=1)
[2017-02-04 21:49:00,620]-[AWT-EventQueue-0] INFO  org.hibernate.dialect.Dialect  - HHH000400: Using dialect: org.hibernate.dialect.H2Dialect
[2017-02-04 21:49:01,180]-[AWT-EventQueue-0] INFO  org.hibernate.hql.internal.QueryTranslatorFactoryInitiator  - HHH000397: Using ASTQueryTranslatorFactory
[2017-02-04 21:49:01,287]-[AWT-EventQueue-0] WARN  org.hibernate.engine.jdbc.spi.SqlExceptionHelper  - SQL Error: 42122, SQLState: 42S22
[2017-02-04 21:49:01,288]-[AWT-EventQueue-0] ERROR org.hibernate.engine.jdbc.spi.SqlExceptionHelper  - Column "BENEFICIAI0_.BENEFICIAIRIES_ID" not found; SQL statement:
select beneficiai0_.BENEFICIAIRIES_ID as BENEFICI1_0_, beneficiai0_.DRESTEJ as DRESTEJ2_0_, beneficiai0_.END_MOVEMENT as END_MOVE3_0_, beneficiai0_.ENDCOMP as ENDCOMP4_0_, beneficiai0_.ERESTEJ as ERESTEJ5_0_, beneficiai0_.FIRST_NAME as FIRST_NA6_0_, beneficiai0_.JOUR as JOUR7_0_, beneficiai0_.LINE as LINE8_0_, beneficiai0_.MONTHLY_SALARY as MONTHLY_9_0_, beneficiai0_.NAME as NAME10_0_, beneficiai0_.NEXTCOMP as NEXTCOM11_0_, beneficiai0_.NEXTMVT as NEXTMVT12_0_, beneficiai0_.PREVMVT as PREVMVT13_0_, beneficiai0_.START_MOVEMENT as START_M14_0_, beneficiai0_.TO_INVOICE as TO_INVO15_0_, beneficiai0_.WYCC_ID as WYCC_ID16_0_ from PUBLIC.BENEFICIAIRIES beneficiai0_ [42122-193]
[2017-02-04 21:51:33,560]-[AWT-EventQueue-0] INFO  org.hibernate.Version  - HHH000412: Hibernate Core {5.2.6.Final}
[2017-02-04 21:51:33,565]-[AWT-EventQueue-0] INFO  org.hibernate.cfg.Environment  - HHH000206: hibernate.properties not found
[2017-02-04 21:51:33,768]-[AWT-EventQueue-0] INFO  org.hibernate.annotations.common.Version  - HCANN000001: Hibernate Commons Annotations {5.0.1.Final}
[2017-02-04 21:51:33,880]-[AWT-EventQueue-0] WARN  org.hibernate.orm.connections.pooling  - HHH10001002: Using Hibernate built-in connection pool (not for production use!)
[2017-02-04 21:51:33,884]-[AWT-EventQueue-0] INFO  org.hibernate.orm.connections.pooling  - HHH10001005: using driver [org.h2.Driver] at URL [jdbc:h2:./db/wyccdb]
[2017-02-04 21:51:33,884]-[AWT-EventQueue-0] INFO  org.hibernate.orm.connections.pooling  - HHH10001001: Connection properties: {user=wycc, password=****}
[2017-02-04 21:51:33,884]-[AWT-EventQueue-0] INFO  org.hibernate.orm.connections.pooling  - HHH10001003: Autocommit mode: false
[2017-02-04 21:51:33,886]-[AWT-EventQueue-0] INFO  org.hibernate.engine.jdbc.connections.internal.DriverManagerConnectionProviderImpl  - HHH000115: Hibernate connection pool size: 1 (min=1)
[2017-02-04 21:51:34,105]-[AWT-EventQueue-0] INFO  org.hibernate.dialect.Dialect  - HHH000400: Using dialect: org.hibernate.dialect.H2Dialect
[2017-02-04 21:51:34,647]-[AWT-EventQueue-0] INFO  org.hibernate.hql.internal.QueryTranslatorFactoryInitiator  - HHH000397: Using ASTQueryTranslatorFactory
[2017-02-04 21:51:34,772]-[AWT-EventQueue-0] WARN  org.hibernate.engine.jdbc.spi.SqlExceptionHelper  - SQL Error: 42122, SQLState: 42S22
[2017-02-04 21:51:34,773]-[AWT-EventQueue-0] ERROR org.hibernate.engine.jdbc.spi.SqlExceptionHelper  - Column "BENEFICIAI0_.BENEFICIAIRIES_ID" not found; SQL statement:
select beneficiai0_.BENEFICIAIRIES_ID as BENEFICI1_0_, beneficiai0_.DRESTEJ as DRESTEJ2_0_, beneficiai0_.END_MOVEMENT as END_MOVE3_0_, beneficiai0_.ENDCOMP as ENDCOMP4_0_, beneficiai0_.ERESTEJ as ERESTEJ5_0_, beneficiai0_.FIRST_NAME as FIRST_NA6_0_, beneficiai0_.JOUR as JOUR7_0_, beneficiai0_.LINE as LINE8_0_, beneficiai0_.MONTHLY_SALARY as MONTHLY_9_0_, beneficiai0_.NAME as NAME10_0_, beneficiai0_.NEXTCOMP as NEXTCOM11_0_, beneficiai0_.NEXTMVT as NEXTMVT12_0_, beneficiai0_.PREVMVT as PREVMVT13_0_, beneficiai0_.START_MOVEMENT as START_M14_0_, beneficiai0_.TO_INVOICE as TO_INVO15_0_, beneficiai0_.WYCC_ID as WYCC_ID16_0_ from PUBLIC.BENEFICIAIRIES beneficiai0_ [42122-193]
[2017-02-04 21:58:36,870]-[AWT-EventQueue-0] INFO  org.hibernate.Version  - HHH000412: Hibernate Core {5.2.6.Final}
[2017-02-04 21:58:36,874]-[AWT-EventQueue-0] INFO  org.hibernate.cfg.Environment  - HHH000206: hibernate.properties not found
[2017-02-04 21:58:37,080]-[AWT-EventQueue-0] INFO  org.hibernate.annotations.common.Version  - HCANN000001: Hibernate Commons Annotations {5.0.1.Final}
[2017-02-04 21:58:37,188]-[AWT-EventQueue-0] WARN  org.hibernate.orm.connections.pooling  - HHH10001002: Using Hibernate built-in connection pool (not for production use!)
[2017-02-04 21:58:37,192]-[AWT-EventQueue-0] INFO  org.hibernate.orm.connections.pooling  - HHH10001005: using driver [org.h2.Driver] at URL [jdbc:h2:./db/wyccdb]
[2017-02-04 21:58:37,193]-[AWT-EventQueue-0] INFO  org.hibernate.orm.connections.pooling  - HHH10001001: Connection properties: {user=wycc, password=****}
[2017-02-04 21:58:37,193]-[AWT-EventQueue-0] INFO  org.hibernate.orm.connections.pooling  - HHH10001003: Autocommit mode: false
[2017-02-04 21:58:37,195]-[AWT-EventQueue-0] INFO  org.hibernate.engine.jdbc.connections.internal.DriverManagerConnectionProviderImpl  - HHH000115: Hibernate connection pool size: 1 (min=1)
[2017-02-04 21:58:37,430]-[AWT-EventQueue-0] INFO  org.hibernate.dialect.Dialect  - HHH000400: Using dialect: org.hibernate.dialect.H2Dialect
[2017-02-04 21:58:37,967]-[AWT-EventQueue-0] INFO  org.hibernate.hql.internal.QueryTranslatorFactoryInitiator  - HHH000397: Using ASTQueryTranslatorFactory
[2017-02-04 21:58:38,069]-[AWT-EventQueue-0] WARN  org.hibernate.engine.jdbc.spi.SqlExceptionHelper  - SQL Error: 42122, SQLState: 42S22
[2017-02-04 21:58:38,070]-[AWT-EventQueue-0] ERROR org.hibernate.engine.jdbc.spi.SqlExceptionHelper  - Column "BENEFICIAI0_.BENEFICIAIRIES_ID" not found; SQL statement:
select beneficiai0_.BENEFICIAIRIES_ID as BENEFICI1_0_, beneficiai0_.DRESTEJ as DRESTEJ2_0_, beneficiai0_.END_MOVEMENT as END_MOVE3_0_, beneficiai0_.ENDCOMP as ENDCOMP4_0_, beneficiai0_.ERESTEJ as ERESTEJ5_0_, beneficiai0_.FIRST_NAME as FIRST_NA6_0_, beneficiai0_.JOUR as JOUR7_0_, beneficiai0_.LINE as LINE8_0_, beneficiai0_.MONTHLY_SALARY as MONTHLY_9_0_, beneficiai0_.NAME as NAME10_0_, beneficiai0_.NEXTCOMP as NEXTCOM11_0_, beneficiai0_.NEXTMVT as NEXTMVT12_0_, beneficiai0_.PREVMVT as PREVMVT13_0_, beneficiai0_.START_MOVEMENT as START_M14_0_, beneficiai0_.TO_INVOICE as TO_INVO15_0_, beneficiai0_.WYCC_ID as WYCC_ID16_0_ from PUBLIC.BENEFICIAIRIES beneficiai0_ [42122-193]
[2017-02-04 21:59:47,530]-[AWT-EventQueue-0] INFO  wycc  - Select file csv
[2017-02-04 21:59:47,638]-[AWT-EventQueue-0] INFO  file  - Création fileChooser
[2017-02-04 21:59:47,639]-[AWT-EventQueue-0] INFO  file  - showOpenFileDialog.setDialogTitle
[2017-02-04 21:59:49,566]-[AWT-EventQueue-0] INFO  wycc  - read file csv
[2017-02-04 21:59:54,562]-[AWT-EventQueue-0] INFO  wycc  - Select file csv
[2017-02-04 21:59:54,604]-[AWT-EventQueue-0] INFO  file  - Création fileChooser
[2017-02-04 21:59:54,605]-[AWT-EventQueue-0] INFO  file  - showOpenFileDialog.setDialogTitle
[2017-02-04 21:59:58,418]-[AWT-EventQueue-0] INFO  wycc  - read file csv
[2017-02-04 21:59:58,451]-[AWT-EventQueue-0] INFO  wycc  - theSavefile Done : /Volumes/LaCie/ProjetDev/JavaEclipse/ExcelJava/./tmp/tmp6415666375799579055.tmp
[2017-02-04 21:59:58,462]-[AWT-EventQueue-0] INFO  wycc  - /Volumes/LaCie/ProjetDev/JavaEclipse/ExcelJava
[2017-02-04 21:59:58,462]-[AWT-EventQueue-0] INFO  wycc  - /Volumes/LaCie/ProjetDev/JavaEclipse/ExcelJava/.******
[2017-02-04 21:59:58,462]-[AWT-EventQueue-0] INFO  wycc  - jdbc:h2:/Volumes/LaCie/ProjetDev/JavaEclipse/ExcelJava/db/wyccdb******
[2017-02-04 21:59:58,467]-[AWT-EventQueue-0] INFO  wycc  - delete from mvt
[2017-02-04 21:59:58,493]-[AWT-EventQueue-0] INFO  wycc  - read csv file into from mvt
[2017-02-04 21:59:58,545]-[AWT-EventQueue-0] INFO  wycc  - delete from mvt_num
[2017-02-04 21:59:58,561]-[AWT-EventQueue-0] INFO  wycc  - read csv file into from mvt
[2017-02-04 21:59:58,866]-[AWT-EventQueue-0] INFO  wycc  - delete from beneficiaries_tab
[2017-02-04 21:59:58,866]-[AWT-EventQueue-0] INFO  wycc  - read csv file into from mvt
[2017-02-04 22:00:08,668]-[AWT-EventQueue-0] INFO  wycc  - Select file csv
[2017-02-04 22:00:08,694]-[AWT-EventQueue-0] INFO  file  - Création fileChooser
[2017-02-04 22:00:08,695]-[AWT-EventQueue-0] INFO  file  - showOpenFileDialog.setDialogTitle
[2017-02-04 22:00:12,311]-[AWT-EventQueue-0] INFO  wycc  - read file csv
[2017-02-04 22:00:12,329]-[AWT-EventQueue-0] INFO  wycc  - theSavefile Done : /Volumes/LaCie/ProjetDev/JavaEclipse/ExcelJava/./tmp/tmp5958415559645690284.tmp
[2017-02-04 22:00:12,342]-[AWT-EventQueue-0] INFO  wycc  - /Volumes/LaCie/ProjetDev/JavaEclipse/ExcelJava
[2017-02-04 22:00:12,342]-[AWT-EventQueue-0] INFO  wycc  - /Volumes/LaCie/ProjetDev/JavaEclipse/ExcelJava/.******
[2017-02-04 22:00:12,342]-[AWT-EventQueue-0] INFO  wycc  - jdbc:h2:/Volumes/LaCie/ProjetDev/JavaEclipse/ExcelJava/db/wyccdb******
[2017-02-04 22:00:12,344]-[AWT-EventQueue-0] INFO  wycc  - delete from mvt
[2017-02-04 22:00:12,350]-[AWT-EventQueue-0] INFO  wycc  - read csv file into from mvt
[2017-02-04 22:00:12,367]-[AWT-EventQueue-0] INFO  wycc  - delete from mvt_num
[2017-02-04 22:00:12,386]-[AWT-EventQueue-0] INFO  wycc  - read csv file into from mvt
[2017-02-04 22:00:12,485]-[AWT-EventQueue-0] INFO  wycc  - delete from beneficiaries_tab
[2017-02-04 22:00:12,486]-[AWT-EventQueue-0] INFO  wycc  - read csv file into from mvt
[2017-02-04 22:00:55,204]-[AWT-EventQueue-0] INFO  wycc  - Select file csv
[2017-02-04 22:00:55,278]-[AWT-EventQueue-0] INFO  file  - Création fileChooser
[2017-02-04 22:00:55,279]-[AWT-EventQueue-0] INFO  file  - showOpenFileDialog.setDialogTitle
[2017-02-04 22:00:58,168]-[AWT-EventQueue-0] INFO  wycc  - read file csv
[2017-02-04 22:00:58,216]-[AWT-EventQueue-0] INFO  wycc  - theSavefile Done : /Volumes/LaCie/ProjetDev/JavaEclipse/ExcelJava/./tmp/tmp9109398631730047115.tmp
[2017-02-04 22:00:58,237]-[AWT-EventQueue-0] INFO  wycc  - /Volumes/LaCie/ProjetDev/JavaEclipse/ExcelJava
[2017-02-04 22:00:58,238]-[AWT-EventQueue-0] INFO  wycc  - /Volumes/LaCie/ProjetDev/JavaEclipse/ExcelJava/.******
[2017-02-04 22:00:58,238]-[AWT-EventQueue-0] INFO  wycc  - jdbc:h2:/Volumes/LaCie/ProjetDev/JavaEclipse/ExcelJava/db/wyccdb******
[2017-02-04 22:00:58,483]-[AWT-EventQueue-0] INFO  wycc  - delete from mvt
[2017-02-04 22:00:58,528]-[AWT-EventQueue-0] INFO  wycc  - read csv file into from mvt
[2017-02-04 22:00:58,608]-[AWT-EventQueue-0] INFO  wycc  - delete from mvt_num
[2017-02-04 22:00:58,625]-[AWT-EventQueue-0] INFO  wycc  - read csv file into from mvt
[2017-02-04 22:00:59,013]-[AWT-EventQueue-0] INFO  wycc  - delete from beneficiaries_tab
[2017-02-04 22:00:59,013]-[AWT-EventQueue-0] INFO  wycc  - read csv file into from mvt
[2017-02-04 22:02:06,853]-[AWT-EventQueue-0] INFO  wycc  - Select file csv
[2017-02-04 22:02:06,921]-[AWT-EventQueue-0] INFO  file  - Création fileChooser
[2017-02-04 22:02:06,923]-[AWT-EventQueue-0] INFO  file  - showOpenFileDialog.setDialogTitle
[2017-02-04 22:02:09,567]-[AWT-EventQueue-0] INFO  wycc  - read file csv
[2017-02-04 22:02:09,606]-[AWT-EventQueue-0] INFO  wycc  - theSavefile Done : /Volumes/LaCie/ProjetDev/JavaEclipse/ExcelJava/./tmp/tmp458371881567067114.tmp
[2017-02-04 22:02:09,625]-[AWT-EventQueue-0] INFO  wycc  - /Volumes/LaCie/ProjetDev/JavaEclipse/ExcelJava
[2017-02-04 22:02:09,626]-[AWT-EventQueue-0] INFO  wycc  - /Volumes/LaCie/ProjetDev/JavaEclipse/ExcelJava/.******
[2017-02-04 22:02:09,626]-[AWT-EventQueue-0] INFO  wycc  - jdbc:h2:/Volumes/LaCie/ProjetDev/JavaEclipse/ExcelJava/db/wyccdb******
[2017-02-04 22:02:09,861]-[AWT-EventQueue-0] INFO  wycc  - delete from mvt
[2017-02-04 22:02:09,898]-[AWT-EventQueue-0] INFO  wycc  - read csv file into from mvt
[2017-02-04 22:02:09,961]-[AWT-EventQueue-0] INFO  wycc  - delete from mvt_num
[2017-02-04 22:02:09,989]-[AWT-EventQueue-0] INFO  wycc  - read csv file into from mvt
[2017-02-04 22:02:10,351]-[AWT-EventQueue-0] INFO  wycc  - delete from beneficiaries_tab
[2017-02-04 22:02:10,352]-[AWT-EventQueue-0] INFO  wycc  - read csv file into from mvt
[2017-02-04 22:06:34,697]-[AWT-EventQueue-0] INFO  wycc  - Select file csv
[2017-02-04 22:06:34,768]-[AWT-EventQueue-0] INFO  file  - Création fileChooser
[2017-02-04 22:06:34,769]-[AWT-EventQueue-0] INFO  file  - showOpenFileDialog.setDialogTitle
[2017-02-04 22:06:37,913]-[AWT-EventQueue-0] INFO  wycc  - read file csv
[2017-02-04 22:06:37,952]-[AWT-EventQueue-0] INFO  wycc  - theSavefile Done : /Volumes/LaCie/ProjetDev/JavaEclipse/ExcelJava/./tmp/tmp720269559372912752.tmp
[2017-02-04 22:06:37,970]-[AWT-EventQueue-0] INFO  wycc  - /Volumes/LaCie/ProjetDev/JavaEclipse/ExcelJava
[2017-02-04 22:06:37,970]-[AWT-EventQueue-0] INFO  wycc  - /Volumes/LaCie/ProjetDev/JavaEclipse/ExcelJava/.******
[2017-02-04 22:06:37,970]-[AWT-EventQueue-0] INFO  wycc  - jdbc:h2:/Volumes/LaCie/ProjetDev/JavaEclipse/ExcelJava/db/wyccdb******
[2017-02-04 22:06:38,203]-[AWT-EventQueue-0] INFO  wycc  - delete from mvt
[2017-02-04 22:06:38,248]-[AWT-EventQueue-0] INFO  wycc  - read csv file into from mvt
[2017-02-04 22:06:38,308]-[AWT-EventQueue-0] INFO  wycc  - delete from mvt_num
[2017-02-04 22:06:38,333]-[AWT-EventQueue-0] INFO  wycc  - read csv file into from mvt
[2017-02-04 22:06:38,739]-[AWT-EventQueue-0] INFO  wycc  - delete from beneficiaries_tab
[2017-02-04 22:06:38,740]-[AWT-EventQueue-0] INFO  wycc  - read csv file into from mvt
[2017-02-04 22:06:38,940]-[AWT-EventQueue-0] INFO  wycc  - DONE !
[2017-02-04 22:09:21,799]-[AWT-EventQueue-0] INFO  org.hibernate.Version  - HHH000412: Hibernate Core {5.2.6.Final}
[2017-02-04 22:09:21,804]-[AWT-EventQueue-0] INFO  org.hibernate.cfg.Environment  - HHH000206: hibernate.properties not found
[2017-02-04 22:09:22,010]-[AWT-EventQueue-0] INFO  org.hibernate.annotations.common.Version  - HCANN000001: Hibernate Commons Annotations {5.0.1.Final}
[2017-02-04 22:09:22,123]-[AWT-EventQueue-0] WARN  org.hibernate.orm.connections.pooling  - HHH10001002: Using Hibernate built-in connection pool (not for production use!)
[2017-02-04 22:09:22,128]-[AWT-EventQueue-0] INFO  org.hibernate.orm.connections.pooling  - HHH10001005: using driver [org.h2.Driver] at URL [jdbc:h2:./db/wyccdb]
[2017-02-04 22:09:22,128]-[AWT-EventQueue-0] INFO  org.hibernate.orm.connections.pooling  - HHH10001001: Connection properties: {user=wycc, password=****}
[2017-02-04 22:09:22,128]-[AWT-EventQueue-0] INFO  org.hibernate.orm.connections.pooling  - HHH10001003: Autocommit mode: false
[2017-02-04 22:09:22,130]-[AWT-EventQueue-0] INFO  org.hibernate.engine.jdbc.connections.internal.DriverManagerConnectionProviderImpl  - HHH000115: Hibernate connection pool size: 1 (min=1)
[2017-02-04 22:09:22,343]-[AWT-EventQueue-0] INFO  org.hibernate.dialect.Dialect  - HHH000400: Using dialect: org.hibernate.dialect.H2Dialect
[2017-02-04 22:09:22,851]-[AWT-EventQueue-0] INFO  org.hibernate.hql.internal.QueryTranslatorFactoryInitiator  - HHH000397: Using ASTQueryTranslatorFactory
[2017-02-04 22:09:22,956]-[AWT-EventQueue-0] WARN  org.hibernate.engine.jdbc.spi.SqlExceptionHelper  - SQL Error: 42102, SQLState: 42S02
[2017-02-04 22:09:22,956]-[AWT-EventQueue-0] ERROR org.hibernate.engine.jdbc.spi.SqlExceptionHelper  - Table "BENEFICIAIRIES" not found; SQL statement:
select beneficiai0_.BENEFICIAIRIES_ID as BENEFICI1_0_, beneficiai0_.DRESTEJ as DRESTEJ2_0_, beneficiai0_.END_MOVEMENT as END_MOVE3_0_, beneficiai0_.ENDCOMP as ENDCOMP4_0_, beneficiai0_.ERESTEJ as ERESTEJ5_0_, beneficiai0_.FIRST_NAME as FIRST_NA6_0_, beneficiai0_.JOUR as JOUR7_0_, beneficiai0_.LINE as LINE8_0_, beneficiai0_.MONTHLY_SALARY as MONTHLY_9_0_, beneficiai0_.NAME as NAME10_0_, beneficiai0_.NEXTCOMP as NEXTCOM11_0_, beneficiai0_.NEXTMVT as NEXTMVT12_0_, beneficiai0_.PREVMVT as PREVMVT13_0_, beneficiai0_.START_MOVEMENT as START_M14_0_, beneficiai0_.TO_INVOICE as TO_INVO15_0_, beneficiai0_.WYCC_ID as WYCC_ID16_0_ from PUBLIC.BENEFICIAIRIES beneficiai0_ [42102-193]
[2017-02-04 22:10:33,053]-[AWT-EventQueue-0] INFO  org.hibernate.Version  - HHH000412: Hibernate Core {5.2.6.Final}
[2017-02-04 22:10:33,057]-[AWT-EventQueue-0] INFO  org.hibernate.cfg.Environment  - HHH000206: hibernate.properties not found
[2017-02-04 22:10:33,259]-[AWT-EventQueue-0] INFO  org.hibernate.annotations.common.Version  - HCANN000001: Hibernate Commons Annotations {5.0.1.Final}
[2017-02-04 22:10:33,367]-[AWT-EventQueue-0] WARN  org.hibernate.orm.connections.pooling  - HHH10001002: Using Hibernate built-in connection pool (not for production use!)
[2017-02-04 22:10:33,371]-[AWT-EventQueue-0] INFO  org.hibernate.orm.connections.pooling  - HHH10001005: using driver [org.h2.Driver] at URL [jdbc:h2:./db/wyccdb]
[2017-02-04 22:10:33,372]-[AWT-EventQueue-0] INFO  org.hibernate.orm.connections.pooling  - HHH10001001: Connection properties: {user=wycc, password=****}
[2017-02-04 22:10:33,372]-[AWT-EventQueue-0] INFO  org.hibernate.orm.connections.pooling  - HHH10001003: Autocommit mode: false
[2017-02-04 22:10:33,374]-[AWT-EventQueue-0] INFO  org.hibernate.engine.jdbc.connections.internal.DriverManagerConnectionProviderImpl  - HHH000115: Hibernate connection pool size: 1 (min=1)
[2017-02-04 22:10:33,585]-[AWT-EventQueue-0] INFO  org.hibernate.dialect.Dialect  - HHH000400: Using dialect: org.hibernate.dialect.H2Dialect
[2017-02-04 22:10:34,092]-[AWT-EventQueue-0] INFO  org.hibernate.hql.internal.QueryTranslatorFactoryInitiator  - HHH000397: Using ASTQueryTranslatorFactory
[2017-02-04 22:10:34,184]-[AWT-EventQueue-0] WARN  org.hibernate.engine.jdbc.spi.SqlExceptionHelper  - SQL Error: 42122, SQLState: 42S22
[2017-02-04 22:10:34,184]-[AWT-EventQueue-0] ERROR org.hibernate.engine.jdbc.spi.SqlExceptionHelper  - Column "BENEFICIAI0_.WYCC_ID" not found; SQL statement:
select beneficiai0_.BENEFICIAIRIES_ID as BENEFICI1_0_, beneficiai0_.DRESTEJ as DRESTEJ2_0_, beneficiai0_.END_MOVEMENT as END_MOVE3_0_, beneficiai0_.ENDCOMP as ENDCOMP4_0_, beneficiai0_.ERESTEJ as ERESTEJ5_0_, beneficiai0_.FIRST_NAME as FIRST_NA6_0_, beneficiai0_.JOUR as JOUR7_0_, beneficiai0_.LINE as LINE8_0_, beneficiai0_.MONTHLY_SALARY as MONTHLY_9_0_, beneficiai0_.NAME as NAME10_0_, beneficiai0_.NEXTCOMP as NEXTCOM11_0_, beneficiai0_.NEXTMVT as NEXTMVT12_0_, beneficiai0_.PREVMVT as PREVMVT13_0_, beneficiai0_.START_MOVEMENT as START_M14_0_, beneficiai0_.TO_INVOICE as TO_INVO15_0_, beneficiai0_.WYCC_ID as WYCC_ID16_0_ from PUBLIC.BENEFICIAIRIES_TAB beneficiai0_ [42122-193]
[2017-02-04 22:15:15,966]-[AWT-EventQueue-0] INFO  wycc  - Select file csv
[2017-02-04 22:15:16,053]-[AWT-EventQueue-0] INFO  file  - Création fileChooser
[2017-02-04 22:15:16,055]-[AWT-EventQueue-0] INFO  file  - showOpenFileDialog.setDialogTitle
[2017-02-04 22:15:19,446]-[AWT-EventQueue-0] INFO  wycc  - read file csv
[2017-02-04 22:15:19,481]-[AWT-EventQueue-0] INFO  wycc  - theSavefile Done : /Volumes/LaCie/ProjetDev/JavaEclipse/ExcelJava/./tmp/tmp3032838785596845613.tmp
[2017-02-04 22:15:19,497]-[AWT-EventQueue-0] INFO  wycc  - /Volumes/LaCie/ProjetDev/JavaEclipse/ExcelJava
[2017-02-04 22:15:19,498]-[AWT-EventQueue-0] INFO  wycc  - /Volumes/LaCie/ProjetDev/JavaEclipse/ExcelJava/.******
[2017-02-04 22:15:19,498]-[AWT-EventQueue-0] INFO  wycc  - jdbc:h2:/Volumes/LaCie/ProjetDev/JavaEclipse/ExcelJava/db/wyccdb******
[2017-02-04 22:15:19,735]-[AWT-EventQueue-0] INFO  wycc  - delete from mvt
[2017-02-04 22:15:19,776]-[AWT-EventQueue-0] INFO  wycc  - read csv file into from mvt
[2017-02-04 22:15:19,842]-[AWT-EventQueue-0] INFO  wycc  - delete from mvt_num
[2017-02-04 22:15:19,872]-[AWT-EventQueue-0] INFO  wycc  - read csv file into from mvt
[2017-02-04 22:15:20,224]-[AWT-EventQueue-0] INFO  wycc  - delete from beneficiaries_tab
[2017-02-04 22:15:20,225]-[AWT-EventQueue-0] INFO  wycc  - read csv file into from mvt
[2017-02-04 22:15:20,403]-[AWT-EventQueue-0] INFO  wycc  - DONE !
[2017-02-04 22:15:37,932]-[AWT-EventQueue-0] INFO  org.hibernate.Version  - HHH000412: Hibernate Core {5.2.6.Final}
[2017-02-04 22:15:37,934]-[AWT-EventQueue-0] INFO  org.hibernate.cfg.Environment  - HHH000206: hibernate.properties not found
[2017-02-04 22:15:38,130]-[AWT-EventQueue-0] INFO  org.hibernate.annotations.common.Version  - HCANN000001: Hibernate Commons Annotations {5.0.1.Final}
[2017-02-04 22:15:38,217]-[AWT-EventQueue-0] WARN  org.hibernate.orm.connections.pooling  - HHH10001002: Using Hibernate built-in connection pool (not for production use!)
[2017-02-04 22:15:38,218]-[AWT-EventQueue-0] INFO  org.hibernate.orm.connections.pooling  - HHH10001005: using driver [org.h2.Driver] at URL [jdbc:h2:./db/wyccdb]
[2017-02-04 22:15:38,218]-[AWT-EventQueue-0] INFO  org.hibernate.orm.connections.pooling  - HHH10001001: Connection properties: {user=wycc, password=****}
[2017-02-04 22:15:38,219]-[AWT-EventQueue-0] INFO  org.hibernate.orm.connections.pooling  - HHH10001003: Autocommit mode: false
[2017-02-04 22:15:38,221]-[AWT-EventQueue-0] INFO  org.hibernate.engine.jdbc.connections.internal.DriverManagerConnectionProviderImpl  - HHH000115: Hibernate connection pool size: 1 (min=1)
[2017-02-04 22:15:38,268]-[AWT-EventQueue-0] INFO  org.hibernate.dialect.Dialect  - HHH000400: Using dialect: org.hibernate.dialect.H2Dialect
[2017-02-04 22:15:38,894]-[AWT-EventQueue-0] INFO  org.hibernate.hql.internal.QueryTranslatorFactoryInitiator  - HHH000397: Using ASTQueryTranslatorFactory
[2017-02-04 23:15:42,897]-[AWT-EventQueue-0] INFO  org.hibernate.Version  - HHH000412: Hibernate Core {5.2.6.Final}
[2017-02-04 23:15:42,902]-[AWT-EventQueue-0] INFO  org.hibernate.cfg.Environment  - HHH000206: hibernate.properties not found
[2017-02-04 23:15:43,105]-[AWT-EventQueue-0] INFO  org.hibernate.annotations.common.Version  - HCANN000001: Hibernate Commons Annotations {5.0.1.Final}
[2017-02-04 23:15:43,219]-[AWT-EventQueue-0] WARN  org.hibernate.orm.connections.pooling  - HHH10001002: Using Hibernate built-in connection pool (not for production use!)
[2017-02-04 23:15:43,222]-[AWT-EventQueue-0] INFO  org.hibernate.orm.connections.pooling  - HHH10001005: using driver [org.h2.Driver] at URL [jdbc:h2:./db/wyccdb]
[2017-02-04 23:15:43,222]-[AWT-EventQueue-0] INFO  org.hibernate.orm.connections.pooling  - HHH10001001: Connection properties: {user=wycc, password=****}
[2017-02-04 23:15:43,222]-[AWT-EventQueue-0] INFO  org.hibernate.orm.connections.pooling  - HHH10001003: Autocommit mode: false
[2017-02-04 23:15:43,224]-[AWT-EventQueue-0] INFO  org.hibernate.engine.jdbc.connections.internal.DriverManagerConnectionProviderImpl  - HHH000115: Hibernate connection pool size: 1 (min=1)
[2017-02-04 23:15:43,450]-[AWT-EventQueue-0] INFO  org.hibernate.dialect.Dialect  - HHH000400: Using dialect: org.hibernate.dialect.H2Dialect
[2017-02-04 23:15:43,958]-[AWT-EventQueue-0] INFO  org.hibernate.hql.internal.QueryTranslatorFactoryInitiator  - HHH000397: Using ASTQueryTranslatorFactory
[2017-02-04 23:16:26,087]-[AWT-EventQueue-0] WARN  org.hibernate.orm.connections.pooling  - HHH10001002: Using Hibernate built-in connection pool (not for production use!)
[2017-02-04 23:16:26,088]-[AWT-EventQueue-0] INFO  org.hibernate.orm.connections.pooling  - HHH10001005: using driver [org.h2.Driver] at URL [jdbc:h2:./db/wyccdb]
[2017-02-04 23:16:26,088]-[AWT-EventQueue-0] INFO  org.hibernate.orm.connections.pooling  - HHH10001001: Connection properties: {user=wycc, password=****}
[2017-02-04 23:16:26,089]-[AWT-EventQueue-0] INFO  org.hibernate.orm.connections.pooling  - HHH10001003: Autocommit mode: false
[2017-02-04 23:16:26,089]-[AWT-EventQueue-0] INFO  org.hibernate.engine.jdbc.connections.internal.DriverManagerConnectionProviderImpl  - HHH000115: Hibernate connection pool size: 1 (min=1)
[2017-02-04 23:16:26,089]-[AWT-EventQueue-0] INFO  org.hibernate.dialect.Dialect  - HHH000400: Using dialect: org.hibernate.dialect.H2Dialect
[2017-02-04 23:16:26,118]-[AWT-EventQueue-0] INFO  org.hibernate.hql.internal.QueryTranslatorFactoryInitiator  - HHH000397: Using ASTQueryTranslatorFactory
[2017-02-04 23:16:48,459]-[AWT-EventQueue-0] INFO  org.hibernate.Version  - HHH000412: Hibernate Core {5.2.6.Final}
[2017-02-04 23:16:48,466]-[AWT-EventQueue-0] INFO  org.hibernate.cfg.Environment  - HHH000206: hibernate.properties not found
[2017-02-04 23:16:48,721]-[AWT-EventQueue-0] INFO  org.hibernate.annotations.common.Version  - HCANN000001: Hibernate Commons Annotations {5.0.1.Final}
[2017-02-04 23:16:48,829]-[AWT-EventQueue-0] WARN  org.hibernate.orm.connections.pooling  - HHH10001002: Using Hibernate built-in connection pool (not for production use!)
[2017-02-04 23:16:48,836]-[AWT-EventQueue-0] INFO  org.hibernate.orm.connections.pooling  - HHH10001005: using driver [org.h2.Driver] at URL [jdbc:h2:./db/wyccdb]
[2017-02-04 23:16:48,837]-[AWT-EventQueue-0] INFO  org.hibernate.orm.connections.pooling  - HHH10001001: Connection properties: {user=wycc, password=****}
[2017-02-04 23:16:48,838]-[AWT-EventQueue-0] INFO  org.hibernate.orm.connections.pooling  - HHH10001003: Autocommit mode: false
[2017-02-04 23:16:48,842]-[AWT-EventQueue-0] INFO  org.hibernate.engine.jdbc.connections.internal.DriverManagerConnectionProviderImpl  - HHH000115: Hibernate connection pool size: 1 (min=1)
[2017-02-04 23:16:49,102]-[AWT-EventQueue-0] INFO  org.hibernate.dialect.Dialect  - HHH000400: Using dialect: org.hibernate.dialect.H2Dialect
[2017-02-04 23:16:49,617]-[AWT-EventQueue-0] INFO  org.hibernate.hql.internal.QueryTranslatorFactoryInitiator  - HHH000397: Using ASTQueryTranslatorFactory
[2017-02-04 23:17:14,210]-[AWT-EventQueue-0] INFO  org.hibernate.Version  - HHH000412: Hibernate Core {5.2.6.Final}
[2017-02-04 23:17:14,221]-[AWT-EventQueue-0] INFO  org.hibernate.cfg.Environment  - HHH000206: hibernate.properties not found
[2017-02-04 23:17:14,863]-[AWT-EventQueue-0] INFO  org.hibernate.annotations.common.Version  - HCANN000001: Hibernate Commons Annotations {5.0.1.Final}
[2017-02-04 23:17:15,207]-[AWT-EventQueue-0] WARN  org.hibernate.orm.connections.pooling  - HHH10001002: Using Hibernate built-in connection pool (not for production use!)
[2017-02-04 23:17:15,215]-[AWT-EventQueue-0] INFO  org.hibernate.orm.connections.pooling  - HHH10001005: using driver [org.h2.Driver] at URL [jdbc:h2:./db/wyccdb]
[2017-02-04 23:17:15,217]-[AWT-EventQueue-0] INFO  org.hibernate.orm.connections.pooling  - HHH10001001: Connection properties: {user=wycc, password=****}
[2017-02-04 23:17:15,218]-[AWT-EventQueue-0] INFO  org.hibernate.orm.connections.pooling  - HHH10001003: Autocommit mode: false
[2017-02-04 23:17:15,227]-[AWT-EventQueue-0] INFO  org.hibernate.engine.jdbc.connections.internal.DriverManagerConnectionProviderImpl  - HHH000115: Hibernate connection pool size: 1 (min=1)
[2017-02-04 23:17:15,960]-[AWT-EventQueue-0] INFO  org.hibernate.dialect.Dialect  - HHH000400: Using dialect: org.hibernate.dialect.H2Dialect
[2017-02-04 23:17:18,196]-[AWT-EventQueue-0] INFO  org.hibernate.hql.internal.QueryTranslatorFactoryInitiator  - HHH000397: Using ASTQueryTranslatorFactory
[2017-02-04 23:39:57,085]-[AWT-EventQueue-0] INFO  org.hibernate.Version  - HHH000412: Hibernate Core {5.2.6.Final}
[2017-02-04 23:39:57,090]-[AWT-EventQueue-0] INFO  org.hibernate.cfg.Environment  - HHH000206: hibernate.properties not found
[2017-02-04 23:39:57,369]-[AWT-EventQueue-0] INFO  org.hibernate.annotations.common.Version  - HCANN000001: Hibernate Commons Annotations {5.0.1.Final}
[2017-02-04 23:39:57,509]-[AWT-EventQueue-0] WARN  org.hibernate.orm.connections.pooling  - HHH10001002: Using Hibernate built-in connection pool (not for production use!)
[2017-02-04 23:39:57,515]-[AWT-EventQueue-0] INFO  org.hibernate.orm.connections.pooling  - HHH10001005: using driver [org.h2.Driver] at URL [jdbc:h2:./db/wyccdb]
[2017-02-04 23:39:57,516]-[AWT-EventQueue-0] INFO  org.hibernate.orm.connections.pooling  - HHH10001001: Connection properties: {user=wycc, password=****}
[2017-02-04 23:39:57,516]-[AWT-EventQueue-0] INFO  org.hibernate.orm.connections.pooling  - HHH10001003: Autocommit mode: false
[2017-02-04 23:39:57,521]-[AWT-EventQueue-0] INFO  org.hibernate.engine.jdbc.connections.internal.DriverManagerConnectionProviderImpl  - HHH000115: Hibernate connection pool size: 1 (min=1)
[2017-02-04 23:39:57,787]-[AWT-EventQueue-0] INFO  org.hibernate.dialect.Dialect  - HHH000400: Using dialect: org.hibernate.dialect.H2Dialect
[2017-02-04 23:39:58,325]-[AWT-EventQueue-0] INFO  org.hibernate.hql.internal.QueryTranslatorFactoryInitiator  - HHH000397: Using ASTQueryTranslatorFactory
[2017-02-05 00:02:11,729]-[AWT-EventQueue-0] INFO  org.hibernate.Version  - HHH000412: Hibernate Core {5.2.6.Final}
[2017-02-05 00:02:11,733]-[AWT-EventQueue-0] INFO  org.hibernate.cfg.Environment  - HHH000206: hibernate.properties not found
[2017-02-05 00:02:11,949]-[AWT-EventQueue-0] INFO  org.hibernate.annotations.common.Version  - HCANN000001: Hibernate Commons Annotations {5.0.1.Final}
[2017-02-05 00:02:12,063]-[AWT-EventQueue-0] WARN  org.hibernate.orm.connections.pooling  - HHH10001002: Using Hibernate built-in connection pool (not for production use!)
[2017-02-05 00:02:12,068]-[AWT-EventQueue-0] INFO  org.hibernate.orm.connections.pooling  - HHH10001005: using driver [org.h2.Driver] at URL [jdbc:h2:./db/wyccdb]
[2017-02-05 00:02:12,069]-[AWT-EventQueue-0] INFO  org.hibernate.orm.connections.pooling  - HHH10001001: Connection properties: {user=wycc, password=****}
[2017-02-05 00:02:12,069]-[AWT-EventQueue-0] INFO  org.hibernate.orm.connections.pooling  - HHH10001003: Autocommit mode: false
[2017-02-05 00:02:12,071]-[AWT-EventQueue-0] INFO  org.hibernate.engine.jdbc.connections.internal.DriverManagerConnectionProviderImpl  - HHH000115: Hibernate connection pool size: 1 (min=1)
[2017-02-05 00:02:12,330]-[AWT-EventQueue-0] INFO  org.hibernate.dialect.Dialect  - HHH000400: Using dialect: org.hibernate.dialect.H2Dialect
[2017-02-05 00:02:12,933]-[AWT-EventQueue-0] INFO  org.hibernate.hql.internal.QueryTranslatorFactoryInitiator  - HHH000397: Using ASTQueryTranslatorFactory
[2017-02-05 00:43:10,759]-[AWT-EventQueue-0] INFO  org.hibernate.Version  - HHH000412: Hibernate Core {5.2.6.Final}
[2017-02-05 00:43:10,764]-[AWT-EventQueue-0] INFO  org.hibernate.cfg.Environment  - HHH000206: hibernate.properties not found
[2017-02-05 00:43:10,971]-[AWT-EventQueue-0] INFO  org.hibernate.annotations.common.Version  - HCANN000001: Hibernate Commons Annotations {5.0.1.Final}
[2017-02-05 00:43:11,080]-[AWT-EventQueue-0] WARN  org.hibernate.orm.connections.pooling  - HHH10001002: Using Hibernate built-in connection pool (not for production use!)
[2017-02-05 00:43:11,084]-[AWT-EventQueue-0] INFO  org.hibernate.orm.connections.pooling  - HHH10001005: using driver [org.h2.Driver] at URL [jdbc:h2:./db/wyccdb]
[2017-02-05 00:43:11,085]-[AWT-EventQueue-0] INFO  org.hibernate.orm.connections.pooling  - HHH10001001: Connection properties: {user=wycc, password=****}
[2017-02-05 00:43:11,085]-[AWT-EventQueue-0] INFO  org.hibernate.orm.connections.pooling  - HHH10001003: Autocommit mode: false
[2017-02-05 00:43:11,088]-[AWT-EventQueue-0] INFO  org.hibernate.engine.jdbc.connections.internal.DriverManagerConnectionProviderImpl  - HHH000115: Hibernate connection pool size: 1 (min=1)
[2017-02-05 00:43:11,325]-[AWT-EventQueue-0] INFO  org.hibernate.dialect.Dialect  - HHH000400: Using dialect: org.hibernate.dialect.H2Dialect
[2017-02-05 00:43:11,867]-[AWT-EventQueue-0] INFO  org.hibernate.hql.internal.QueryTranslatorFactoryInitiator  - HHH000397: Using ASTQueryTranslatorFactory
[2017-02-05 00:43:12,825]-[AWT-EventQueue-0] INFO  file  - showSaveFileDialog Création fileChooser
[2017-02-05 00:43:12,827]-[AWT-EventQueue-0] INFO  file  - showSaveFileDialog.setFileSelectionMode
[2017-02-05 00:43:12,829]-[AWT-EventQueue-0] INFO  file  - showSaveFileDialog.setAcceptAllFileFilterUsed
[2017-02-05 00:43:12,830]-[AWT-EventQueue-0] INFO  file  - showSaveFileDialog.setDialogTitle
[2017-02-05 00:43:28,772]-[AWT-EventQueue-0] INFO  file  - showSaveFileDialog.userSelection
[2017-02-05 02:08:00,916]-[AWT-EventQueue-0] INFO  org.hibernate.Version  - HHH000412: Hibernate Core {5.2.6.Final}
[2017-02-05 02:08:00,924]-[AWT-EventQueue-0] INFO  org.hibernate.cfg.Environment  - HHH000206: hibernate.properties not found
[2017-02-05 02:08:01,208]-[AWT-EventQueue-0] INFO  org.hibernate.annotations.common.Version  - HCANN000001: Hibernate Commons Annotations {5.0.1.Final}
[2017-02-05 02:08:01,346]-[AWT-EventQueue-0] WARN  org.hibernate.orm.connections.pooling  - HHH10001002: Using Hibernate built-in connection pool (not for production use!)
[2017-02-05 02:08:01,350]-[AWT-EventQueue-0] INFO  org.hibernate.orm.connections.pooling  - HHH10001005: using driver [org.h2.Driver] at URL [jdbc:h2:./db/wyccdb]
[2017-02-05 02:08:01,351]-[AWT-EventQueue-0] INFO  org.hibernate.orm.connections.pooling  - HHH10001001: Connection properties: {user=wycc, password=****}
[2017-02-05 02:08:01,351]-[AWT-EventQueue-0] INFO  org.hibernate.orm.connections.pooling  - HHH10001003: Autocommit mode: false
[2017-02-05 02:08:01,353]-[AWT-EventQueue-0] INFO  org.hibernate.engine.jdbc.connections.internal.DriverManagerConnectionProviderImpl  - HHH000115: Hibernate connection pool size: 1 (min=1)
[2017-02-05 02:08:40,891]-[AWT-EventQueue-0] INFO  org.hibernate.Version  - HHH000412: Hibernate Core {5.2.6.Final}
[2017-02-05 02:08:40,898]-[AWT-EventQueue-0] INFO  org.hibernate.cfg.Environment  - HHH000206: hibernate.properties not found
[2017-02-05 02:08:41,180]-[AWT-EventQueue-0] INFO  org.hibernate.annotations.common.Version  - HCANN000001: Hibernate Commons Annotations {5.0.1.Final}
[2017-02-05 02:08:41,321]-[AWT-EventQueue-0] WARN  org.hibernate.orm.connections.pooling  - HHH10001002: Using Hibernate built-in connection pool (not for production use!)
[2017-02-05 02:08:41,326]-[AWT-EventQueue-0] INFO  org.hibernate.orm.connections.pooling  - HHH10001005: using driver [org.h2.Driver] at URL [jdbc:h2:./db/wyccdb]
[2017-02-05 02:08:41,327]-[AWT-EventQueue-0] INFO  org.hibernate.orm.connections.pooling  - HHH10001001: Connection properties: {user=wycc, password=****}
[2017-02-05 02:08:41,327]-[AWT-EventQueue-0] INFO  org.hibernate.orm.connections.pooling  - HHH10001003: Autocommit mode: false
[2017-02-05 02:08:41,330]-[AWT-EventQueue-0] INFO  org.hibernate.engine.jdbc.connections.internal.DriverManagerConnectionProviderImpl  - HHH000115: Hibernate connection pool size: 1 (min=1)
[2017-02-05 02:09:14,004]-[AWT-EventQueue-0] INFO  org.hibernate.Version  - HHH000412: Hibernate Core {5.2.6.Final}
[2017-02-05 02:09:14,010]-[AWT-EventQueue-0] INFO  org.hibernate.cfg.Environment  - HHH000206: hibernate.properties not found
[2017-02-05 02:09:14,247]-[AWT-EventQueue-0] INFO  org.hibernate.annotations.common.Version  - HCANN000001: Hibernate Commons Annotations {5.0.1.Final}
[2017-02-05 02:09:14,359]-[AWT-EventQueue-0] WARN  org.hibernate.orm.connections.pooling  - HHH10001002: Using Hibernate built-in connection pool (not for production use!)
[2017-02-05 02:09:14,363]-[AWT-EventQueue-0] INFO  org.hibernate.orm.connections.pooling  - HHH10001005: using driver [org.h2.Driver] at URL [jdbc:h2:./db/wyccdb]
[2017-02-05 02:09:14,364]-[AWT-EventQueue-0] INFO  org.hibernate.orm.connections.pooling  - HHH10001001: Connection properties: {user=wycc, password=****}
[2017-02-05 02:09:14,364]-[AWT-EventQueue-0] INFO  org.hibernate.orm.connections.pooling  - HHH10001003: Autocommit mode: false
[2017-02-05 02:09:14,366]-[AWT-EventQueue-0] INFO  org.hibernate.engine.jdbc.connections.internal.DriverManagerConnectionProviderImpl  - HHH000115: Hibernate connection pool size: 1 (min=1)
[2017-02-05 02:09:14,601]-[AWT-EventQueue-0] INFO  org.hibernate.dialect.Dialect  - HHH000400: Using dialect: org.hibernate.dialect.H2Dialect
[2017-02-05 02:09:15,112]-[AWT-EventQueue-0] INFO  org.hibernate.hql.internal.QueryTranslatorFactoryInitiator  - HHH000397: Using ASTQueryTranslatorFactory
[2017-02-05 02:09:15,554]-[AWT-EventQueue-0] WARN  org.hibernate.engine.jdbc.spi.SqlExceptionHelper  - SQL Error: 22018, SQLState: 22018
[2017-02-05 02:09:15,554]-[AWT-EventQueue-0] ERROR org.hibernate.engine.jdbc.spi.SqlExceptionHelper  - Data conversion error converting "Captain/Master" [22018-193]
[2017-02-05 02:13:46,674]-[AWT-EventQueue-0] INFO  org.hibernate.Version  - HHH000412: Hibernate Core {5.2.6.Final}
[2017-02-05 02:13:46,678]-[AWT-EventQueue-0] INFO  org.hibernate.cfg.Environment  - HHH000206: hibernate.properties not found
[2017-02-05 02:13:46,885]-[AWT-EventQueue-0] INFO  org.hibernate.annotations.common.Version  - HCANN000001: Hibernate Commons Annotations {5.0.1.Final}
[2017-02-05 02:13:46,991]-[AWT-EventQueue-0] WARN  org.hibernate.orm.connections.pooling  - HHH10001002: Using Hibernate built-in connection pool (not for production use!)
[2017-02-05 02:13:46,995]-[AWT-EventQueue-0] INFO  org.hibernate.orm.connections.pooling  - HHH10001005: using driver [org.h2.Driver] at URL [jdbc:h2:./db/wyccdb]
[2017-02-05 02:13:46,996]-[AWT-EventQueue-0] INFO  org.hibernate.orm.connections.pooling  - HHH10001001: Connection properties: {user=wycc, password=****}
[2017-02-05 02:13:46,996]-[AWT-EventQueue-0] INFO  org.hibernate.orm.connections.pooling  - HHH10001003: Autocommit mode: false
[2017-02-05 02:13:46,998]-[AWT-EventQueue-0] INFO  org.hibernate.engine.jdbc.connections.internal.DriverManagerConnectionProviderImpl  - HHH000115: Hibernate connection pool size: 1 (min=1)
[2017-02-05 02:13:47,216]-[AWT-EventQueue-0] INFO  org.hibernate.dialect.Dialect  - HHH000400: Using dialect: org.hibernate.dialect.H2Dialect
[2017-02-05 02:13:47,774]-[AWT-EventQueue-0] INFO  org.hibernate.hql.internal.QueryTranslatorFactoryInitiator  - HHH000397: Using ASTQueryTranslatorFactory
[2017-02-05 02:13:48,223]-[AWT-EventQueue-0] WARN  org.hibernate.engine.jdbc.spi.SqlExceptionHelper  - SQL Error: 22018, SQLState: 22018
[2017-02-05 02:13:48,223]-[AWT-EventQueue-0] ERROR org.hibernate.engine.jdbc.spi.SqlExceptionHelper  - Data conversion error converting "Captain/Master" [22018-193]
[2017-02-05 02:17:19,177]-[AWT-EventQueue-0] INFO  org.hibernate.Version  - HHH000412: Hibernate Core {5.2.6.Final}
[2017-02-05 02:17:19,181]-[AWT-EventQueue-0] INFO  org.hibernate.cfg.Environment  - HHH000206: hibernate.properties not found
[2017-02-05 02:17:19,384]-[AWT-EventQueue-0] INFO  org.hibernate.annotations.common.Version  - HCANN000001: Hibernate Commons Annotations {5.0.1.Final}
[2017-02-05 02:17:19,520]-[AWT-EventQueue-0] WARN  org.hibernate.orm.connections.pooling  - HHH10001002: Using Hibernate built-in connection pool (not for production use!)
[2017-02-05 02:17:19,525]-[AWT-EventQueue-0] INFO  org.hibernate.orm.connections.pooling  - HHH10001005: using driver [org.h2.Driver] at URL [jdbc:h2:./db/wyccdb]
[2017-02-05 02:17:19,526]-[AWT-EventQueue-0] INFO  org.hibernate.orm.connections.pooling  - HHH10001001: Connection properties: {user=wycc, password=****}
[2017-02-05 02:17:19,526]-[AWT-EventQueue-0] INFO  org.hibernate.orm.connections.pooling  - HHH10001003: Autocommit mode: false
[2017-02-05 02:17:19,528]-[AWT-EventQueue-0] INFO  org.hibernate.engine.jdbc.connections.internal.DriverManagerConnectionProviderImpl  - HHH000115: Hibernate connection pool size: 1 (min=1)
[2017-02-05 02:17:19,753]-[AWT-EventQueue-0] INFO  org.hibernate.dialect.Dialect  - HHH000400: Using dialect: org.hibernate.dialect.H2Dialect
[2017-02-05 02:17:20,282]-[AWT-EventQueue-0] INFO  org.hibernate.hql.internal.QueryTranslatorFactoryInitiator  - HHH000397: Using ASTQueryTranslatorFactory
[2017-02-05 02:17:21,518]-[AWT-EventQueue-0] INFO  file  - showSaveFileDialog Création fileChooser
[2017-02-05 02:17:21,520]-[AWT-EventQueue-0] INFO  file  - showSaveFileDialog.setFileSelectionMode
[2017-02-05 02:17:21,522]-[AWT-EventQueue-0] INFO  file  - showSaveFileDialog.setAcceptAllFileFilterUsed
[2017-02-05 02:17:21,523]-[AWT-EventQueue-0] INFO  file  - showSaveFileDialog.setDialogTitle
[2017-02-05 02:17:35,585]-[AWT-EventQueue-0] INFO  file  - showSaveFileDialog.userSelection
