#
# A fatal error has been detected by the Java Runtime Environment:
#
#  SIGSEGV (0xb) at pc=0x000000012cbae75b, pid=41698, tid=10755
#
# JRE version: Java(TM) SE Runtime Environment (8.0_65-b17) (build 1.8.0_65-b17)
# Java VM: Java HotSpot(TM) 64-Bit Server VM (25.65-b01 mixed mode bsd-amd64 compressed oops)
# Problematic frame:
# C  [libswt-cocoa-4628.jnilib+0x275b]  callback+0x31b
#
# Failed to write core dump. Core dumps have been disabled. To enable core dumping, try "ulimit -c unlimited" before starting Java again
#
# If you would like to submit a bug report, please visit:
#   http://bugreport.java.com/bugreport/crash.jsp
#

---------------  T H R E A D  ---------------

Current thread (0x00007fab89825800):  VMThread [stack: 0x00007000022e0000,0x00007000023e0000] [id=10755]

siginfo: si_signo: 11 (SIGSEGV), si_code: 1 (SEGV_MAPERR), si_addr: 0x0000000000000078

Registers:
RAX=0x0000000000000000, RBX=0x00007fab8af8ce90, RCX=0x000000010ecea975, RDX=0x0000000000000001
RSP=0x00007000023df660, RBP=0x00007000023df8b0, RSI=0x0000000000000000, RDI=0x0000000000000000
R8 =0x0000000000000002, R9 =0x0aa0c73d0c880074, R10=0x00007fab88523d70, R11=0x00007fab892adab0
R12=0x00007fffe2120b40, R13=0x00007fffe2120b40, R14=0x0000000000000000, R15=0x0000000000000000
RIP=0x000000012cbae75b, EFLAGS=0x0000000000010202, ERR=0x0000000000000004
  TRAPNO=0x000000000000000e

Top of Stack: (sp=0x00007000023df660)
0x00007000023df660:   00007fffeb7ae6c0 000000018870cf60
0x00007000023df670:   00007000023df690 ffff8054778f29e0
0x00007000023df680:   00007fab89a8cc50 00007fab8870cf60
0x00007000023df690:   0000000000000000 00007000023df718
0x00007000023df6a0:   00007fab8870cf60 00007fab88504520
0x00007000023df6b0:   0000000000000000 00000000eb83e060
0x00007000023df6c0:   000000010ecea975 fffffffecd4d06a0
0x00007000023df6d0:   00007fab886012e0 00007fffcbc157ab
0x00007000023df6e0:   0000000000000000 0000000000000001
0x00007000023df6f0:   00007fab8af61700 00000000023df760
0x00007000023df700:   0000000000000000 0000000000000000
0x00007000023df710:   0000000000000000 0000000000000000
0x00007000023df720:   00007fab8870eaa0 00007fab8870ebf0
0x00007000023df730:   00007fab8870eaa0 00007fab8870ebf0
0x00007000023df740:   00007fab8870f040 00007fab8870f200
0x00007000023df750:   000000004683ebce 0000000000000000
0x00007000023df760:   0000000000000000 0000000000000000
0x00007000023df770:   0000000000000000 0000000000000000
0x00007000023df780:   00007fffeb6f52ec 00007fab886012e0
0x00007000023df790:   00007fffcbc157ab 0000000000000000
0x00007000023df7a0:   0000000000000001 00007fab8af61700
0x00007000023df7b0:   00007fffe7bd0088 0000000000000000
0x00007000023df7c0:   00007000023df7e0 00007fffe21226c9
0x00007000023df7d0:   0000000000002a03 00007fffe7cf0118
0x00007000023df7e0:   00007000023df840 00007fffe2121c4e
0x00007000023df7f0:   00007fffeb7ae8c0 ffff80547509ea50
0x00007000023df800:   00007fab8c825a00 00007fab8af8ce90
0x00007000023df810:   000000000e96ca00 00007000023df9a0
0x00007000023df820:   0000000000000000 00007fffe2120b40
0x00007000023df830:   00000000000000f8 00007fffcbc08e75
0x00007000023df840:   00007000023df910 00000000e21215d4
0x00007000023df850:   00007fab8af61700 0000000000000000 

Instructions: (pc=0x000000012cbae75b)
0x000000012cbae73b:   00 e9 00 00 00 00 48 81 7d c8 00 00 00 00 0f 85
0x000000012cbae74b:   05 00 00 00 e9 34 03 00 00 48 8b 45 c8 48 8b 00
0x000000012cbae75b:   48 8b 40 78 48 8b 7d c8 ff d0 48 89 45 a0 48 3d
0x000000012cbae76b:   00 00 00 00 0f 84 1d 00 00 00 48 8b 45 c8 48 8b 

Register to memory mapping:

RAX=0x0000000000000000 is an unknown value
RBX=0x00007fab8af8ce90 is an unknown value
RCX=0x000000010ecea975: jni_AttachCurrentThreadAsDaemon+0 in /Library/Java/JavaVirtualMachines/jdk1.8.0_65.jdk/Contents/Home/jre/lib/server/libjvm.dylib at 0x000000010e9ca000
RDX=0x0000000000000001 is an unknown value
RSP=0x00007000023df660 is an unknown value
RBP=0x00007000023df8b0 is an unknown value
RSI=0x0000000000000000 is an unknown value
RDI=0x0000000000000000 is an unknown value
R8 =0x0000000000000002 is an unknown value
R9 =0x0aa0c73d0c880074 is an unknown value
R10=0x00007fab88523d70 is an unknown value
R11=0x00007fab892adab0 is an unknown value
R12=0x00007fffe2120b40: objc_msgSend+0 in /usr/lib/libobjc.A.dylib at 0x00007fffe211a000
R13=0x00007fffe2120b40: objc_msgSend+0 in /usr/lib/libobjc.A.dylib at 0x00007fffe211a000
R14=0x0000000000000000 is an unknown value
R15=0x0000000000000000 is an unknown value


Stack: [0x00007000022e0000,0x00007000023e0000],  sp=0x00007000023df660,  free space=1021k
Native frames: (J=compiled Java code, j=interpreted, Vv=VM code, C=native code)
C  [libswt-cocoa-4628.jnilib+0x275b]  callback+0x31b
C  [libswt-cocoa-4628.jnilib+0x52d3]  fn0_2+0x23
C  [AppKit+0x181d9c]  -[NSWindow orderWindow:relativeTo:]+0x76
C  [AppKit+0x2de684]  __18-[NSWindow _close]_block_invoke+0x209
C  [AppKit+0x2de42c]  -[NSWindow _close]+0x16d
C  [FinderKit+0xa87f9]  -[FI_TFloatingInputWindowController dealloc]+0x3b
C  [libobjc.A.dylib+0xedb7]  objc_object::sidetable_release(bool)+0x11d
C  [AppKit+0x56df5]  -[NSWindowController release]+0x9b
C  [FinderKit+0xa84e4]  TNSRef<FI_TFloatingInputWindowController*, void>::~TNSRef()+0x14
C  [libsystem_c.dylib+0x60178]  __cxa_finalize_ranges+0x14c
C  [libsystem_c.dylib+0x604b2]  exit+0x37
V  [libjvm.dylib+0x2e926a]  vm_exit(int)+0x0
V  [libjvm.dylib+0x5ae00d]  VM_Operation::evaluate()+0x4f
V  [libjvm.dylib+0x5ac677]  VMThread::evaluate_operation(VM_Operation*)+0xdf
V  [libjvm.dylib+0x5acac4]  VMThread::loop()+0x328
V  [libjvm.dylib+0x5ac3e3]  VMThread::run()+0x79
V  [libjvm.dylib+0x48342e]  java_start(Thread*)+0xf6
C  [libsystem_pthread.dylib+0x3aab]  _pthread_body+0xb4
C  [libsystem_pthread.dylib+0x39f7]  _pthread_body+0x0
C  [libsystem_pthread.dylib+0x31fd]  thread_start+0xd

VM_Operation (0x0000700002e00658): Exit, mode: safepoint, requested by thread 0x00007fab8921b000


---------------  P R O C E S S  ---------------

Java Threads: ( => current thread )
  0x00007fab8921b000 JavaThread "SIGTERM handler" daemon [_thread_blocked, id=65547, stack(0x0000700002d01000,0x0000700002e01000)]
  0x00007fab8a000800 JavaThread "DestroyJavaVM" [_thread_blocked, id=775, stack(0x00007fff50ab3000,0x00007fff512b3000)]
  0x00007fab89fe1000 JavaThread "pool-1-thread-1" [_thread_blocked, id=82699, stack(0x000070000321f000,0x000070000331f000)]
  0x00007fab89251800 JavaThread "HSQLDB Timer @7bf3a5d8" daemon [_thread_blocked, id=84783, stack(0x0000700002f90000,0x0000700003090000)]
  0x00007fab8a047000 JavaThread "Service Thread" daemon [_thread_blocked, id=17923, stack(0x00007000029f5000,0x0000700002af5000)]
  0x00007fab8982e800 JavaThread "C1 CompilerThread2" daemon [_thread_blocked, id=17411, stack(0x00007000028f2000,0x00007000029f2000)]
  0x00007fab8982b000 JavaThread "C2 CompilerThread1" daemon [_thread_blocked, id=16899, stack(0x00007000027ef000,0x00007000028ef000)]
  0x00007fab8a030000 JavaThread "C2 CompilerThread0" daemon [_thread_blocked, id=16387, stack(0x00007000026ec000,0x00007000027ec000)]
  0x00007fab8900e000 JavaThread "Signal Dispatcher" daemon [_thread_blocked, id=15883, stack(0x00007000025e9000,0x00007000026e9000)]
  0x00007fab89829000 JavaThread "Finalizer" daemon [_thread_blocked, id=11779, stack(0x00007000024e6000,0x00007000025e6000)]
  0x00007fab89828800 JavaThread "Reference Handler" daemon [_thread_blocked, id=11267, stack(0x00007000023e3000,0x00007000024e3000)]

Other Threads:
=>0x00007fab89825800 VMThread [stack: 0x00007000022e0000,0x00007000023e0000] [id=10755]

VM state:at safepoint (shutting down)

VM Mutex/Monitor currently owned by a thread:  ([mutex/lock_event])
[0x00007fab8860bdf0] Threads_lock - owner thread: 0x00007fab89825800

Heap:
 PSYoungGen      total 76288K, used 19728K [0x000000076ab00000, 0x0000000773300000, 0x00000007c0000000)
  eden space 65536K, 14% used [0x000000076ab00000,0x000000076b403690,0x000000076eb00000)
  from space 10752K, 97% used [0x000000076eb00000,0x000000076f540b30,0x000000076f580000)
  to   space 10752K, 0% used [0x0000000772880000,0x0000000772880000,0x0000000773300000)
 ParOldGen       total 88064K, used 9773K [0x00000006c0000000, 0x00000006c5600000, 0x000000076ab00000)
  object space 88064K, 11% used [0x00000006c0000000,0x00000006c098b730,0x00000006c5600000)
 Metaspace       used 31888K, capacity 32490K, committed 32768K, reserved 1077248K
  class space    used 3910K, capacity 4073K, committed 4096K, reserved 1048576K

Card table byte_map: [0x000000011fb8c000,0x000000012038d000] byte_map_base: 0x000000011c58c000

Marking Bits: (ParMarkBitMap*) 0x000000010f2a8e20
 Begin Bits: [0x00000001208e3000, 0x00000001248e3000)
 End Bits:   [0x00000001248e3000, 0x00000001288e3000)

Polling page: 0x000000010f997000

CodeCache: size=245760Kb used=7557Kb max_used=7635Kb free=238202Kb
 bounds [0x0000000110b8c000, 0x000000011130c000, 0x000000011fb8c000]
 total_blobs=2911 nmethods=2311 adapters=513
 compilation: enabled

Compilation events (10 events):
Event: 134.658 Thread 0x00007fab8982e800 2322  s    3       org.hsqldb.lib.HsqlArrayHeap::remove (183 bytes)
Event: 134.659 Thread 0x00007fab8982e800 nmethod 2322 0x00000001112e2f10 code [0x00000001112e3120, 0x00000001112e3eb8]
Event: 134.659 Thread 0x00007fab8982e800 2323       3       org.hsqldb.lib.HsqlTimer::compare (41 bytes)
Event: 134.659 Thread 0x00007fab8982e800 nmethod 2323 0x00000001112e2350 code [0x00000001112e2500, 0x00000001112e2cf0]
Event: 141.211 Thread 0x00007fab8982e800 2324   !   3       org.hsqldb.scriptio.ScriptWriterBase::run (16 bytes)
Event: 141.212 Thread 0x00007fab8982e800 nmethod 2324 0x00000001112e1d10 code [0x00000001112e1e80, 0x00000001112e2248]
Event: 141.212 Thread 0x00007fab8982e800 2325       3       org.hsqldb.scriptio.ScriptWriterBase::sync (20 bytes)
Event: 141.212 Thread 0x00007fab8982e800 nmethod 2325 0x00000001112e1890 code [0x00000001112e1a00, 0x00000001112e1c88]
Event: 212.261 Thread 0x00007fab8982e800 2326       1       java.util.logging.LogManager::access$500 (5 bytes)
Event: 212.262 Thread 0x00007fab8982e800 nmethod 2326 0x00000001112e15d0 code [0x00000001112e1720, 0x00000001112e1810]

GC Heap History (8 events):
Event: 12.110 GC heap before
{Heap before GC invocations=1 (full 0):
 PSYoungGen      total 76288K, used 65536K [0x000000076ab00000, 0x0000000770000000, 0x00000007c0000000)
  eden space 65536K, 100% used [0x000000076ab00000,0x000000076eb00000,0x000000076eb00000)
  from space 10752K, 0% used [0x000000076f580000,0x000000076f580000,0x0000000770000000)
  to   space 10752K, 0% used [0x000000076eb00000,0x000000076eb00000,0x000000076f580000)
 ParOldGen       total 175104K, used 0K [0x00000006c0000000, 0x00000006cab00000, 0x000000076ab00000)
  object space 175104K, 0% used [0x00000006c0000000,0x00000006c0000000,0x00000006cab00000)
 Metaspace       used 11996K, capacity 12432K, committed 12672K, reserved 1060864K
  class space    used 1424K, capacity 1559K, committed 1664K, reserved 1048576K
Event: 12.120 GC heap after
Heap after GC invocations=1 (full 0):
 PSYoungGen      total 76288K, used 9665K [0x000000076ab00000, 0x0000000770000000, 0x00000007c0000000)
  eden space 65536K, 0% used [0x000000076ab00000,0x000000076ab00000,0x000000076eb00000)
  from space 10752K, 89% used [0x000000076eb00000,0x000000076f470450,0x000000076f580000)
  to   space 10752K, 0% used [0x000000076f580000,0x000000076f580000,0x0000000770000000)
 ParOldGen       total 175104K, used 30K [0x00000006c0000000, 0x00000006cab00000, 0x000000076ab00000)
  object space 175104K, 0% used [0x00000006c0000000,0x00000006c0007bf8,0x00000006cab00000)
 Metaspace       used 11996K, capacity 12432K, committed 12672K, reserved 1060864K
  class space    used 1424K, capacity 1559K, committed 1664K, reserved 1048576K
}
Event: 12.567 GC heap before
{Heap before GC invocations=2 (full 0):
 PSYoungGen      total 76288K, used 57377K [0x000000076ab00000, 0x0000000770000000, 0x00000007c0000000)
  eden space 65536K, 72% used [0x000000076ab00000,0x000000076d998228,0x000000076eb00000)
  from space 10752K, 89% used [0x000000076eb00000,0x000000076f470450,0x000000076f580000)
  to   space 10752K, 0% used [0x000000076f580000,0x000000076f580000,0x0000000770000000)
 ParOldGen       total 175104K, used 30K [0x00000006c0000000, 0x00000006cab00000, 0x000000076ab00000)
  object space 175104K, 0% used [0x00000006c0000000,0x00000006c0007bf8,0x00000006cab00000)
 Metaspace       used 20609K, capacity 21102K, committed 21248K, reserved 1067008K
  class space    used 2648K, capacity 2777K, committed 2816K, reserved 1048576K
Event: 12.579 GC heap after
Heap after GC invocations=2 (full 0):
 PSYoungGen      total 76288K, used 9992K [0x000000076ab00000, 0x0000000774000000, 0x00000007c0000000)
  eden space 65536K, 0% used [0x000000076ab00000,0x000000076ab00000,0x000000076eb00000)
  from space 10752K, 92% used [0x000000076f580000,0x000000076ff42030,0x0000000770000000)
  to   space 10752K, 0% used [0x000000076eb00000,0x000000076eb00000,0x000000076f580000)
 ParOldGen       total 175104K, used 103K [0x00000006c0000000, 0x00000006cab00000, 0x000000076ab00000)
  object space 175104K, 0% used [0x00000006c0000000,0x00000006c0019c08,0x00000006cab00000)
 Metaspace       used 20609K, capacity 21102K, committed 21248K, reserved 1067008K
  class space    used 2648K, capacity 2777K, committed 2816K, reserved 1048576K
}
Event: 12.579 GC heap before
{Heap before GC invocations=3 (full 1):
 PSYoungGen      total 76288K, used 9992K [0x000000076ab00000, 0x0000000774000000, 0x00000007c0000000)
  eden space 65536K, 0% used [0x000000076ab00000,0x000000076ab00000,0x000000076eb00000)
  from space 10752K, 92% used [0x000000076f580000,0x000000076ff42030,0x0000000770000000)
  to   space 10752K, 0% used [0x000000076eb00000,0x000000076eb00000,0x000000076f580000)
 ParOldGen       total 175104K, used 103K [0x00000006c0000000, 0x00000006cab00000, 0x000000076ab00000)
  object space 175104K, 0% used [0x00000006c0000000,0x00000006c0019c08,0x00000006cab00000)
 Metaspace       used 20609K, capacity 21102K, committed 21248K, reserved 1067008K
  class space    used 2648K, capacity 2777K, committed 2816K, reserved 1048576K
Event: 12.614 GC heap after
Heap after GC invocations=3 (full 1):
 PSYoungGen      total 76288K, used 0K [0x000000076ab00000, 0x0000000774000000, 0x00000007c0000000)
  eden space 65536K, 0% used [0x000000076ab00000,0x000000076ab00000,0x000000076eb00000)
  from space 10752K, 0% used [0x000000076f580000,0x000000076f580000,0x0000000770000000)
  to   space 10752K, 0% used [0x000000076eb00000,0x000000076eb00000,0x000000076f580000)
 ParOldGen       total 88064K, used 9765K [0x00000006c0000000, 0x00000006c5600000, 0x000000076ab00000)
  object space 88064K, 11% used [0x00000006c0000000,0x00000006c0989730,0x00000006c5600000)
 Metaspace       used 20609K, capacity 21102K, committed 21248K, reserved 1067008K
  class space    used 2648K, capacity 2777K, committed 2816K, reserved 1048576K
}
Event: 13.574 GC heap before
{Heap before GC invocations=4 (full 1):
 PSYoungGen      total 76288K, used 65536K [0x000000076ab00000, 0x0000000774000000, 0x00000007c0000000)
  eden space 65536K, 100% used [0x000000076ab00000,0x000000076eb00000,0x000000076eb00000)
  from space 10752K, 0% used [0x000000076f580000,0x000000076f580000,0x0000000770000000)
  to   space 10752K, 0% used [0x000000076eb00000,0x000000076eb00000,0x000000076f580000)
 ParOldGen       total 88064K, used 9765K [0x00000006c0000000, 0x00000006c5600000, 0x000000076ab00000)
  object space 88064K, 11% used [0x00000006c0000000,0x00000006c0989730,0x00000006c5600000)
 Metaspace       used 30659K, capacity 31224K, committed 31616K, reserved 1077248K
  class space    used 3778K, capacity 3908K, committed 3968K, reserved 1048576K
Event: 13.582 GC heap after
Heap after GC invocations=4 (full 1):
 PSYoungGen      total 76288K, used 10498K [0x000000076ab00000, 0x0000000773300000, 0x00000007c0000000)
  eden space 65536K, 0% used [0x000000076ab00000,0x000000076ab00000,0x000000076eb00000)
  from space 10752K, 97% used [0x000000076eb00000,0x000000076f540b30,0x000000076f580000)
  to   space 10752K, 0% used [0x0000000772880000,0x0000000772880000,0x0000000773300000)
 ParOldGen       total 88064K, used 9773K [0x00000006c0000000, 0x00000006c5600000, 0x000000076ab00000)
  object space 88064K, 11% used [0x00000006c0000000,0x00000006c098b730,0x00000006c5600000)
 Metaspace       used 30659K, capacity 31224K, committed 31616K, reserved 1077248K
  class space    used 3778K, capacity 3908K, committed 3968K, reserved 1048576K
}

Deoptimization events (10 events):
Event: 12.990 Thread 0x00007fab8a000800 Uncommon trap: reason=unstable_if action=reinterpret pc=0x0000000110d472c4 method=java.lang.ref.SoftReference.get()Ljava/lang/Object; @ 17
Event: 12.997 Thread 0x00007fab8a000800 Uncommon trap: reason=unstable_if action=reinterpret pc=0x000000011113e2f0 method=org.hsqldb.rights.Right.add(Lorg/hsqldb/rights/Right;)V @ 4
Event: 13.041 Thread 0x00007fab8a000800 Uncommon trap: reason=class_check action=maybe_recompile pc=0x0000000110f863f0 method=java.util.HashMap.putVal(ILjava/lang/Object;Ljava/lang/Object;ZZ)Ljava/lang/Object; @ 203
Event: 13.078 Thread 0x00007fab8a000800 Uncommon trap: reason=unstable_if action=reinterpret pc=0x000000011119cc18 method=org.hsqldb.map.BaseHashMap.nextLookup(I)I @ 36
Event: 13.090 Thread 0x00007fab8a000800 Uncommon trap: reason=unstable_if action=reinterpret pc=0x0000000110e7a24c method=java.util.jar.Manifest$FastInputStream.peek()B @ 23
Event: 13.397 Thread 0x00007fab8a000800 Uncommon trap: reason=unstable_if action=reinterpret pc=0x00000001111a0c5c method=java.util.HashMap.putVal(ILjava/lang/Object;Ljava/lang/Object;ZZ)Ljava/lang/Object; @ 162
Event: 13.397 Thread 0x00007fab8a000800 Uncommon trap: reason=unstable_if action=reinterpret pc=0x00000001111dd770 method=java.util.HashMap.resize()[Ljava/util/HashMap$Node; @ 206
Event: 13.397 Thread 0x00007fab8a000800 Uncommon trap: reason=unstable_if action=reinterpret pc=0x000000011108c5f0 method=java.util.HashMap.getNode(ILjava/lang/Object;)Ljava/util/HashMap$Node; @ 84
Event: 13.397 Thread 0x00007fab8a000800 Uncommon trap: reason=unstable_if action=reinterpret pc=0x0000000110fb9248 method=java.util.HashMap.getNode(ILjava/lang/Object;)Ljava/util/HashMap$Node; @ 84
Event: 13.474 Thread 0x00007fab8a000800 Uncommon trap: reason=unstable_if action=reinterpret pc=0x00000001110210b0 method=java.lang.String.trim()Ljava/lang/String; @ 15

Internal exceptions (10 events):
Event: 9.598 Thread 0x00007fab8a000800 Exception <a 'java/lang/ClassNotFoundException': com/dlas/dao/MvtCsvCustomizer> (0x000000076de6ef88) thrown at [/Users/java_re/workspace/8-2-build-macosx-x86_64/jdk8u65/4987/hotspot/src/share/vm/classfile/systemDictionary.cpp, line 210]
Event: 9.608 Thread 0x00007fab8a000800 Exception <a 'java/lang/ClassNotFoundException': com/dlas/dao/MvtCustomizer> (0x000000076df32f88) thrown at [/Users/java_re/workspace/8-2-build-macosx-x86_64/jdk8u65/4987/hotspot/src/share/vm/classfile/systemDictionary.cpp, line 210]
Event: 9.611 Thread 0x00007fab8a000800 Exception <a 'java/lang/ClassNotFoundException': java/lang/StringEditor> (0x000000076df60cb0) thrown at [/Users/java_re/workspace/8-2-build-macosx-x86_64/jdk8u65/4987/hotspot/src/share/vm/classfile/systemDictionary.cpp, line 210]
Event: 9.686 Thread 0x00007fab8a000800 Implicit null exception at 0x0000000110fd25b5 to 0x0000000110fd27f5
Event: 12.309 Thread 0x00007fab8a000800 Exception <a 'java/lang/ClassNotFoundException': com/sun/org/glassfish/hk2/osgiresourcelocator/ServiceLoader> (0x000000076c972c90) thrown at [/Users/java_re/workspace/8-2-build-macosx-x86_64/jdk8u65/4987/hotspot/src/share/vm/classfile/systemDictionary.cpp
Event: 12.311 Thread 0x00007fab8a000800 Exception <a 'java/lang/NullPointerException'> (0x000000076c97ccb0) thrown at [/Users/java_re/workspace/8-2-build-macosx-x86_64/jdk8u65/4987/hotspot/src/share/vm/interpreter/linkResolver.cpp, line 1280]
Event: 12.316 Thread 0x00007fab8a000800 Implicit null exception at 0x0000000110d30a58 to 0x0000000110d30ae6
Event: 12.336 Thread 0x00007fab8a000800 Exception <a 'java/lang/ArrayIndexOutOfBoundsException'> (0x000000076ca1c0e0) thrown at [/Users/java_re/workspace/8-2-build-macosx-x86_64/jdk8u65/4987/hotspot/src/share/vm/runtime/sharedRuntime.cpp, line 605]
Event: 12.336 Thread 0x00007fab8a000800 Exception <a 'java/lang/ArrayIndexOutOfBoundsException'> (0x000000076ca1d5c8) thrown at [/Users/java_re/workspace/8-2-build-macosx-x86_64/jdk8u65/4987/hotspot/src/share/vm/runtime/sharedRuntime.cpp, line 605]
Event: 12.403 Thread 0x00007fab8a000800 Implicit null exception at 0x0000000110e124f5 to 0x0000000110e12861

Events (10 events):
Event: 212.262 Thread 0x00007fab8982e800 flushing nmethod 0x0000000110c9e710
Event: 212.262 Thread 0x00007fab8982e800 flushing nmethod 0x0000000110cabb10
Event: 212.262 Thread 0x00007fab8982e800 flushing nmethod 0x0000000110cb0410
Event: 212.262 Thread 0x00007fab8982e800 flushing nmethod 0x0000000110cb1450
Event: 212.262 Thread 0x00007fab8982e800 flushing nmethod 0x0000000110cb18d0
Event: 212.262 Thread 0x00007fab8982e800 flushing nmethod 0x0000000110cb4290
Event: 212.262 Thread 0x00007fab8982e800 flushing nmethod 0x0000000110cbe110
Event: 212.262 Thread 0x00007fab8982e800 flushing nmethod 0x0000000110cbe810
Event: 212.262 Thread 0x00007fab8982e800 flushing nmethod 0x0000000110cc8310
Event: 212.276 Executing VM operation: Exit


Dynamic libraries:
0x0000000058109000 	/System/Library/Frameworks/Cocoa.framework/Versions/A/Cocoa
0x0000000058109000 	/System/Library/Frameworks/Security.framework/Versions/A/Security
0x0000000058109000 	/System/Library/Frameworks/ApplicationServices.framework/Versions/A/ApplicationServices
0x0000000058109000 	/usr/lib/libz.1.dylib
0x0000000058109000 	/usr/lib/libSystem.B.dylib
0x0000000058109000 	/usr/lib/libobjc.A.dylib
0x0000000058109000 	/System/Library/Frameworks/CoreFoundation.framework/Versions/A/CoreFoundation
0x0000000058109000 	/System/Library/Frameworks/Foundation.framework/Versions/C/Foundation
0x0000000058109000 	/System/Library/Frameworks/AppKit.framework/Versions/C/AppKit
0x0000000058109000 	/System/Library/Frameworks/CoreData.framework/Versions/A/CoreData
0x0000000058109000 	/System/Library/PrivateFrameworks/RemoteViewServices.framework/Versions/A/RemoteViewServices
0x0000000058109000 	/System/Library/PrivateFrameworks/UIFoundation.framework/Versions/A/UIFoundation
0x0000000058109000 	/System/Library/PrivateFrameworks/DFRFoundation.framework/Versions/A/DFRFoundation
0x0000000058109000 	/usr/lib/libenergytrace.dylib
0x0000000058109000 	/System/Library/PrivateFrameworks/SkyLight.framework/Versions/A/SkyLight
0x0000000058109000 	/System/Library/Frameworks/CoreGraphics.framework/Versions/A/CoreGraphics
0x0000000058109000 	/usr/lib/libScreenReader.dylib
0x0000000058109000 	/System/Library/Frameworks/Accelerate.framework/Versions/A/Accelerate
0x0000000058109000 	/System/Library/Frameworks/IOSurface.framework/Versions/A/IOSurface
0x0000000058109000 	/System/Library/Frameworks/AudioToolbox.framework/Versions/A/AudioToolbox
0x0000000058109000 	/System/Library/Frameworks/AudioUnit.framework/Versions/A/AudioUnit
0x0000000058109000 	/System/Library/PrivateFrameworks/DataDetectorsCore.framework/Versions/A/DataDetectorsCore
0x0000000058109000 	/System/Library/PrivateFrameworks/DesktopServicesPriv.framework/Versions/A/DesktopServicesPriv
0x0000000058109000 	/System/Library/Frameworks/Carbon.framework/Versions/A/Frameworks/HIToolbox.framework/Versions/A/HIToolbox
0x0000000058109000 	/usr/lib/libicucore.A.dylib
0x0000000058109000 	/System/Library/Frameworks/QuartzCore.framework/Versions/A/QuartzCore
0x0000000058109000 	/System/Library/Frameworks/Carbon.framework/Versions/A/Frameworks/SpeechRecognition.framework/Versions/A/SpeechRecognition
0x0000000058109000 	/usr/lib/libauto.dylib
0x0000000058109000 	/usr/lib/libxml2.2.dylib
0x0000000058109000 	/System/Library/PrivateFrameworks/CoreUI.framework/Versions/A/CoreUI
0x0000000058109000 	/System/Library/Frameworks/CoreAudio.framework/Versions/A/CoreAudio
0x0000000058109000 	/System/Library/Frameworks/DiskArbitration.framework/Versions/A/DiskArbitration
0x0000000058109000 	/usr/lib/liblangid.dylib
0x0000000058109000 	/System/Library/PrivateFrameworks/MultitouchSupport.framework/Versions/A/MultitouchSupport
0x0000000058109000 	/System/Library/Frameworks/IOKit.framework/Versions/A/IOKit
0x0000000058109000 	/usr/lib/libDiagnosticMessagesClient.dylib
0x0000000058109000 	/System/Library/Frameworks/CoreServices.framework/Versions/A/CoreServices
0x0000000058109000 	/System/Library/PrivateFrameworks/PerformanceAnalysis.framework/Versions/A/PerformanceAnalysis
0x0000000058109000 	/System/Library/PrivateFrameworks/GenerationalStorage.framework/Versions/A/GenerationalStorage
0x0000000058109000 	/System/Library/Frameworks/OpenGL.framework/Versions/A/OpenGL
0x0000000058109000 	/System/Library/Frameworks/CoreImage.framework/Versions/A/CoreImage
0x0000000058109000 	/System/Library/Frameworks/CoreText.framework/Versions/A/CoreText
0x0000000058109000 	/System/Library/Frameworks/ImageIO.framework/Versions/A/ImageIO
0x0000000058109000 	/System/Library/PrivateFrameworks/Backup.framework/Versions/A/Backup
0x0000000058109000 	/usr/lib/libarchive.2.dylib
0x0000000058109000 	/System/Library/Frameworks/CFNetwork.framework/Versions/A/CFNetwork
0x0000000058109000 	/System/Library/Frameworks/SystemConfiguration.framework/Versions/A/SystemConfiguration
0x0000000058109000 	/usr/lib/libCRFSuite.dylib
0x0000000058109000 	/usr/lib/libc++.1.dylib
0x0000000058109000 	/usr/lib/libc++abi.dylib
0x0000000058109000 	/usr/lib/system/libcache.dylib
0x0000000058109000 	/usr/lib/system/libcommonCrypto.dylib
0x0000000058109000 	/usr/lib/system/libcompiler_rt.dylib
0x0000000058109000 	/usr/lib/system/libcopyfile.dylib
0x0000000058109000 	/usr/lib/system/libcorecrypto.dylib
0x0000000058109000 	/usr/lib/system/libdispatch.dylib
0x0000000058109000 	/usr/lib/system/libdyld.dylib
0x0000000058109000 	/usr/lib/system/libkeymgr.dylib
0x0000000058109000 	/usr/lib/system/liblaunch.dylib
0x0000000058109000 	/usr/lib/system/libmacho.dylib
0x0000000058109000 	/usr/lib/system/libquarantine.dylib
0x0000000058109000 	/usr/lib/system/libremovefile.dylib
0x0000000058109000 	/usr/lib/system/libsystem_asl.dylib
0x0000000058109000 	/usr/lib/system/libsystem_blocks.dylib
0x0000000058109000 	/usr/lib/system/libsystem_c.dylib
0x0000000058109000 	/usr/lib/system/libsystem_configuration.dylib
0x0000000058109000 	/usr/lib/system/libsystem_coreservices.dylib
0x0000000058109000 	/usr/lib/system/libsystem_coretls.dylib
0x0000000058109000 	/usr/lib/system/libsystem_dnssd.dylib
0x0000000058109000 	/usr/lib/system/libsystem_info.dylib
0x0000000058109000 	/usr/lib/system/libsystem_kernel.dylib
0x0000000058109000 	/usr/lib/system/libsystem_m.dylib
0x0000000058109000 	/usr/lib/system/libsystem_malloc.dylib
0x0000000058109000 	/usr/lib/system/libsystem_network.dylib
0x0000000058109000 	/usr/lib/system/libsystem_networkextension.dylib
0x0000000058109000 	/usr/lib/system/libsystem_notify.dylib
0x0000000058109000 	/usr/lib/system/libsystem_platform.dylib
0x0000000058109000 	/usr/lib/system/libsystem_pthread.dylib
0x0000000058109000 	/usr/lib/system/libsystem_sandbox.dylib
0x0000000058109000 	/usr/lib/system/libsystem_secinit.dylib
0x0000000058109000 	/usr/lib/system/libsystem_symptoms.dylib
0x0000000058109000 	/usr/lib/system/libsystem_trace.dylib
0x0000000058109000 	/usr/lib/system/libunwind.dylib
0x0000000058109000 	/usr/lib/system/libxpc.dylib
0x0000000058109000 	/usr/lib/libbsm.0.dylib
0x0000000058109000 	/usr/lib/system/libkxld.dylib
0x0000000058109000 	/usr/lib/libcoretls.dylib
0x0000000058109000 	/usr/lib/libcoretls_cfhelpers.dylib
0x0000000058109000 	/usr/lib/libxar.1.dylib
0x0000000058109000 	/usr/lib/libsqlite3.dylib
0x0000000058109000 	/usr/lib/libpam.2.dylib
0x0000000058109000 	/usr/lib/libOpenScriptingUtil.dylib
0x0000000058109000 	/usr/lib/libbz2.1.0.dylib
0x0000000058109000 	/usr/lib/liblzma.5.dylib
0x0000000058109000 	/usr/lib/libnetwork.dylib
0x0000000058109000 	/usr/lib/libpcap.A.dylib
0x0000000058109000 	/System/Library/Frameworks/CoreServices.framework/Versions/A/Frameworks/FSEvents.framework/Versions/A/FSEvents
0x0000000058109000 	/System/Library/Frameworks/CoreServices.framework/Versions/A/Frameworks/CarbonCore.framework/Versions/A/CarbonCore
0x0000000058109000 	/System/Library/Frameworks/CoreServices.framework/Versions/A/Frameworks/Metadata.framework/Versions/A/Metadata
0x0000000058109000 	/System/Library/Frameworks/CoreServices.framework/Versions/A/Frameworks/OSServices.framework/Versions/A/OSServices
0x0000000058109000 	/System/Library/Frameworks/CoreServices.framework/Versions/A/Frameworks/SearchKit.framework/Versions/A/SearchKit
0x0000000058109000 	/System/Library/Frameworks/CoreServices.framework/Versions/A/Frameworks/AE.framework/Versions/A/AE
0x0000000058109000 	/System/Library/Frameworks/CoreServices.framework/Versions/A/Frameworks/LaunchServices.framework/Versions/A/LaunchServices
0x0000000058109000 	/System/Library/Frameworks/CoreServices.framework/Versions/A/Frameworks/DictionaryServices.framework/Versions/A/DictionaryServices
0x0000000058109000 	/System/Library/Frameworks/CoreServices.framework/Versions/A/Frameworks/SharedFileList.framework/Versions/A/SharedFileList
0x0000000058109000 	/System/Library/Frameworks/NetFS.framework/Versions/A/NetFS
0x0000000058109000 	/System/Library/PrivateFrameworks/NetAuth.framework/Versions/A/NetAuth
0x0000000058109000 	/System/Library/PrivateFrameworks/login.framework/Versions/A/Frameworks/loginsupport.framework/Versions/A/loginsupport
0x0000000058109000 	/System/Library/PrivateFrameworks/TCC.framework/Versions/A/TCC
0x0000000058109000 	/usr/lib/libmecabra.dylib
0x0000000058109000 	/System/Library/Frameworks/ApplicationServices.framework/Versions/A/Frameworks/ATS.framework/Versions/A/ATS
0x0000000058109000 	/System/Library/Frameworks/ApplicationServices.framework/Versions/A/Frameworks/ColorSync.framework/Versions/A/ColorSync
0x0000000058109000 	/System/Library/Frameworks/ApplicationServices.framework/Versions/A/Frameworks/HIServices.framework/Versions/A/HIServices
0x0000000058109000 	/System/Library/Frameworks/ApplicationServices.framework/Versions/A/Frameworks/LangAnalysis.framework/Versions/A/LangAnalysis
0x0000000058109000 	/System/Library/Frameworks/ApplicationServices.framework/Versions/A/Frameworks/PrintCore.framework/Versions/A/PrintCore
0x0000000058109000 	/System/Library/Frameworks/ApplicationServices.framework/Versions/A/Frameworks/QD.framework/Versions/A/QD
0x0000000058109000 	/System/Library/Frameworks/ApplicationServices.framework/Versions/A/Frameworks/SpeechSynthesis.framework/Versions/A/SpeechSynthesis
0x0000000058109000 	/System/Library/Frameworks/Accelerate.framework/Versions/A/Frameworks/vImage.framework/Versions/A/vImage
0x0000000058109000 	/System/Library/Frameworks/Accelerate.framework/Versions/A/Frameworks/vecLib.framework/Versions/A/vecLib
0x0000000058109000 	/System/Library/Frameworks/Accelerate.framework/Versions/A/Frameworks/vecLib.framework/Versions/A/libvDSP.dylib
0x0000000058109000 	/System/Library/Frameworks/Accelerate.framework/Versions/A/Frameworks/vecLib.framework/Versions/A/libBNNS.dylib
0x0000000058109000 	/System/Library/Frameworks/Accelerate.framework/Versions/A/Frameworks/vecLib.framework/Versions/A/libQuadrature.dylib
0x0000000058109000 	/System/Library/Frameworks/Accelerate.framework/Versions/A/Frameworks/vecLib.framework/Versions/A/libvMisc.dylib
0x0000000058109000 	/System/Library/Frameworks/Accelerate.framework/Versions/A/Frameworks/vecLib.framework/Versions/A/libLAPACK.dylib
0x0000000058109000 	/System/Library/Frameworks/Accelerate.framework/Versions/A/Frameworks/vecLib.framework/Versions/A/libBLAS.dylib
0x0000000058109000 	/System/Library/Frameworks/Accelerate.framework/Versions/A/Frameworks/vecLib.framework/Versions/A/libLinearAlgebra.dylib
0x0000000058109000 	/System/Library/Frameworks/Accelerate.framework/Versions/A/Frameworks/vecLib.framework/Versions/A/libSparseBLAS.dylib
0x0000000058109000 	/System/Library/Frameworks/ApplicationServices.framework/Versions/A/Frameworks/ATS.framework/Versions/A/Resources/libFontParser.dylib
0x0000000058109000 	/System/Library/Frameworks/ApplicationServices.framework/Versions/A/Frameworks/ATS.framework/Versions/A/Resources/libFontRegistry.dylib
0x0000000058109000 	/System/Library/Frameworks/ImageIO.framework/Versions/A/Resources/libJPEG.dylib
0x0000000058109000 	/System/Library/Frameworks/ImageIO.framework/Versions/A/Resources/libTIFF.dylib
0x0000000058109000 	/System/Library/Frameworks/ImageIO.framework/Versions/A/Resources/libPng.dylib
0x0000000058109000 	/System/Library/Frameworks/ImageIO.framework/Versions/A/Resources/libGIF.dylib
0x0000000058109000 	/System/Library/Frameworks/ImageIO.framework/Versions/A/Resources/libJP2.dylib
0x0000000058109000 	/System/Library/Frameworks/ImageIO.framework/Versions/A/Resources/libRadiance.dylib
0x0000000058109000 	/usr/lib/libcompression.dylib
0x0000000058109000 	/System/Library/PrivateFrameworks/AppleJPEG.framework/Versions/A/AppleJPEG
0x0000000058109000 	/usr/lib/libcups.2.dylib
0x0000000058109000 	/System/Library/Frameworks/Kerberos.framework/Versions/A/Kerberos
0x0000000058109000 	/System/Library/Frameworks/GSS.framework/Versions/A/GSS
0x0000000058109000 	/usr/lib/libresolv.9.dylib
0x0000000058109000 	/usr/lib/libiconv.2.dylib
0x0000000058109000 	/System/Library/PrivateFrameworks/Heimdal.framework/Versions/A/Heimdal
0x0000000058109000 	/usr/lib/libheimdal-asn1.dylib
0x0000000058109000 	/System/Library/Frameworks/OpenDirectory.framework/Versions/A/OpenDirectory
0x0000000058109000 	/System/Library/PrivateFrameworks/CommonAuth.framework/Versions/A/CommonAuth
0x0000000058109000 	/System/Library/Frameworks/OpenDirectory.framework/Versions/A/Frameworks/CFOpenDirectory.framework/Versions/A/CFOpenDirectory
0x0000000058109000 	/System/Library/Frameworks/SecurityFoundation.framework/Versions/A/SecurityFoundation
0x0000000058109000 	/System/Library/PrivateFrameworks/LanguageModeling.framework/Versions/A/LanguageModeling
0x0000000058109000 	/usr/lib/libmarisa.dylib
0x0000000058109000 	/usr/lib/libChineseTokenizer.dylib
0x0000000058109000 	/usr/lib/libcmph.dylib
0x0000000058109000 	/System/Library/PrivateFrameworks/CoreEmoji.framework/Versions/A/CoreEmoji
0x0000000058109000 	/System/Library/Frameworks/ServiceManagement.framework/Versions/A/ServiceManagement
0x0000000058109000 	/usr/lib/libxslt.1.dylib
0x0000000058109000 	/System/Library/Frameworks/Carbon.framework/Versions/A/Frameworks/Ink.framework/Versions/A/Ink
0x0000000058109000 	/System/Library/PrivateFrameworks/TextureIO.framework/Versions/A/TextureIO
0x0000000058109000 	/System/Library/Frameworks/Metal.framework/Versions/A/Metal
0x0000000058109000 	/usr/lib/libate.dylib
0x0000000058109000 	/System/Library/PrivateFrameworks/GPUCompiler.framework/libmetal_timestamp.dylib
0x0000000058109000 	/System/Library/Frameworks/OpenGL.framework/Versions/A/Libraries/libCoreFSCache.dylib
0x0000000058109000 	/System/Library/PrivateFrameworks/IOAccelerator.framework/Versions/A/IOAccelerator
0x0000000058109000 	/System/Library/Frameworks/CoreVideo.framework/Versions/A/CoreVideo
0x0000000058109000 	/usr/lib/libFosl_dynamic.dylib
0x0000000058109000 	/System/Library/PrivateFrameworks/MetalPerformanceShaders.framework/Versions/A/MetalPerformanceShaders
0x0000000058109000 	/System/Library/PrivateFrameworks/FaceCore.framework/Versions/A/FaceCore
0x0000000058109000 	/System/Library/Frameworks/OpenCL.framework/Versions/A/OpenCL
0x0000000058109000 	/System/Library/Frameworks/OpenGL.framework/Versions/A/Libraries/libGLU.dylib
0x0000000058109000 	/System/Library/Frameworks/OpenGL.framework/Versions/A/Libraries/libGFXShared.dylib
0x0000000058109000 	/System/Library/Frameworks/OpenGL.framework/Versions/A/Libraries/libGL.dylib
0x0000000058109000 	/System/Library/Frameworks/OpenGL.framework/Versions/A/Libraries/libGLImage.dylib
0x0000000058109000 	/System/Library/Frameworks/OpenGL.framework/Versions/A/Libraries/libCVMSPluginSupport.dylib
0x0000000058109000 	/System/Library/Frameworks/OpenGL.framework/Versions/A/Libraries/libCoreVMClient.dylib
0x0000000058109000 	/System/Library/PrivateFrameworks/CrashReporterSupport.framework/Versions/A/CrashReporterSupport
0x0000000058109000 	/System/Library/PrivateFrameworks/Sharing.framework/Versions/A/Sharing
0x0000000058109000 	/System/Library/PrivateFrameworks/IconServices.framework/Versions/A/IconServices
0x0000000058109000 	/System/Library/PrivateFrameworks/ProtocolBuffer.framework/Versions/A/ProtocolBuffer
0x0000000058109000 	/System/Library/PrivateFrameworks/Apple80211.framework/Versions/A/Apple80211
0x0000000058109000 	/System/Library/Frameworks/CoreWLAN.framework/Versions/A/CoreWLAN
0x0000000058109000 	/System/Library/PrivateFrameworks/CoreUtils.framework/Versions/A/CoreUtils
0x0000000058109000 	/System/Library/Frameworks/IOBluetooth.framework/Versions/A/IOBluetooth
0x0000000058109000 	/System/Library/PrivateFrameworks/CoreWiFi.framework/Versions/A/CoreWiFi
0x0000000058109000 	/System/Library/Frameworks/CoreBluetooth.framework/Versions/A/CoreBluetooth
0x0000000058109000 	/System/Library/Frameworks/CoreDisplay.framework/Versions/A/CoreDisplay
0x0000000058109000 	/System/Library/PrivateFrameworks/IOPresentment.framework/Versions/A/IOPresentment
0x0000000058109000 	/System/Library/PrivateFrameworks/DebugSymbols.framework/Versions/A/DebugSymbols
0x0000000058109000 	/System/Library/PrivateFrameworks/CoreSymbolication.framework/Versions/A/CoreSymbolication
0x0000000058109000 	/System/Library/PrivateFrameworks/Symbolication.framework/Versions/A/Symbolication
0x0000000058109000 	/System/Library/PrivateFrameworks/AppleFSCompression.framework/Versions/A/AppleFSCompression
0x0000000058109000 	/System/Library/PrivateFrameworks/SpeechRecognitionCore.framework/Versions/A/SpeechRecognitionCore
0x0000000058109000 	/System/Library/PrivateFrameworks/ChunkingLibrary.framework/Versions/A/ChunkingLibrary
0x000000010e9ca000 	/Library/Java/JavaVirtualMachines/jdk1.8.0_65.jdk/Contents/Home/jre/lib/server/libjvm.dylib
0x0000000058109000 	/usr/lib/libstdc++.6.dylib
0x000000010f954000 	/Library/Java/JavaVirtualMachines/jdk1.8.0_65.jdk/Contents/Home/jre/lib/libverify.dylib
0x000000010f962000 	/Library/Java/JavaVirtualMachines/jdk1.8.0_65.jdk/Contents/Home/jre/lib/libjava.dylib
0x000000010f9a0000 	/Library/Java/JavaVirtualMachines/jdk1.8.0_65.jdk/Contents/Home/jre/lib/libzip.dylib
0x000000012a683000 	/System/Library/Frameworks/JavaVM.framework/Frameworks/JavaRuntimeSupport.framework/JavaRuntimeSupport
0x000000012a69d000 	/System/Library/Frameworks/JavaVM.framework/Versions/A/Frameworks/JavaNativeFoundation.framework/Versions/A/JavaNativeFoundation
0x0000000110aee000 	/System/Library/Frameworks/JavaVM.framework/Versions/A/JavaVM
0x0000000058109000 	/System/Library/Frameworks/Carbon.framework/Versions/A/Carbon
0x000000012a6b2000 	/System/Library/PrivateFrameworks/JavaLaunching.framework/Versions/A/JavaLaunching
0x0000000058109000 	/System/Library/Frameworks/Carbon.framework/Versions/A/Frameworks/CommonPanels.framework/Versions/A/CommonPanels
0x0000000058109000 	/System/Library/Frameworks/Carbon.framework/Versions/A/Frameworks/Help.framework/Versions/A/Help
0x0000000058109000 	/System/Library/Frameworks/Carbon.framework/Versions/A/Frameworks/ImageCapture.framework/Versions/A/ImageCapture
0x0000000058109000 	/System/Library/Frameworks/Carbon.framework/Versions/A/Frameworks/OpenScripting.framework/Versions/A/OpenScripting
0x0000000058109000 	/System/Library/Frameworks/Carbon.framework/Versions/A/Frameworks/Print.framework/Versions/A/Print
0x0000000058109000 	/System/Library/Frameworks/Carbon.framework/Versions/A/Frameworks/SecurityHI.framework/Versions/A/SecurityHI
0x000000012cbac000 	/Users/didierlasnier/.swt/lib/macosx/x86_64/libswt-cocoa-4628.jnilib
0x0000000058109000 	/System/Library/Frameworks/WebKit.framework/Versions/A/WebKit
0x0000000058109000 	/System/Library/Frameworks/JavaScriptCore.framework/Versions/A/JavaScriptCore
0x0000000058109000 	/System/Library/Frameworks/SecurityInterface.framework/Versions/A/SecurityInterface
0x0000000058109000 	/System/Library/Frameworks/WebKit.framework/Versions/A/Frameworks/WebKitLegacy.framework/Versions/A/WebKitLegacy
0x0000000058109000 	/System/Library/Frameworks/WebKit.framework/Versions/A/Frameworks/WebCore.framework/Versions/A/WebCore
0x000000012c5c3000 	/Users/didierlasnier/.swt/lib/macosx/x86_64/libswt-pi-cocoa-4628.jnilib
0x0000000058109000 	/System/Library/PrivateFrameworks/CoreServicesInternal.framework/Versions/A/CoreServicesInternal
0x0000000058109000 	/System/Library/Frameworks/Accelerate.framework/Versions/A/Frameworks/vImage.framework/Versions/A/Libraries/libCGInterfaces.dylib
0x0000000058109000 	/System/Library/Frameworks/ApplicationServices.framework/Versions/A/Frameworks/ATS.framework/Versions/A/Resources/libTrueTypeScaler.dylib
0x0000000058109000 	/System/Library/PrivateFrameworks/FamilyControls.framework/Versions/A/FamilyControls
0x0000000058109000 	/System/Library/PrivateFrameworks/CommerceKit.framework/Versions/A/Frameworks/CommerceCore.framework/Versions/A/CommerceCore
0x0000000058109000 	/System/Library/PrivateFrameworks/SystemAdministration.framework/Versions/A/SystemAdministration
0x0000000058109000 	/System/Library/PrivateFrameworks/AppContainer.framework/Versions/A/AppContainer
0x0000000058109000 	/System/Library/PrivateFrameworks/SecCodeWrapper.framework/Versions/A/SecCodeWrapper
0x0000000058109000 	/System/Library/Frameworks/DirectoryService.framework/Versions/A/DirectoryService
0x0000000058109000 	/System/Library/PrivateFrameworks/DiskImages.framework/Versions/A/DiskImages
0x0000000058109000 	/System/Library/PrivateFrameworks/LoginUIKit.framework/Versions/A/Frameworks/LoginUICore.framework/Versions/A/LoginUICore
0x0000000058109000 	/usr/lib/libCoreStorage.dylib
0x0000000058109000 	/usr/lib/libcsfde.dylib
0x0000000058109000 	/usr/lib/libodfde.dylib
0x0000000058109000 	/System/Library/Frameworks/DiscRecording.framework/Versions/A/DiscRecording
0x0000000058109000 	/usr/lib/libcurl.4.dylib
0x0000000058109000 	/System/Library/PrivateFrameworks/MediaKit.framework/Versions/A/MediaKit
0x0000000058109000 	/System/Library/PrivateFrameworks/ProtectedCloudStorage.framework/Versions/A/ProtectedCloudStorage
0x0000000058109000 	/System/Library/PrivateFrameworks/EFILogin.framework/Versions/A/EFILogin
0x0000000058109000 	/usr/lib/libutil.dylib
0x0000000058109000 	/System/Library/Frameworks/LDAP.framework/Versions/A/LDAP
0x0000000058109000 	/usr/lib/libsasl2.2.dylib
0x0000000058109000 	/System/Library/PrivateFrameworks/CoreDaemon.framework/Versions/B/CoreDaemon
0x0000000058109000 	/System/Library/PrivateFrameworks/AppleSRP.framework/Versions/A/AppleSRP
0x0000000058109000 	/System/Library/PrivateFrameworks/APFS.framework/Versions/A/APFS
0x0000000058109000 	/System/Library/Frameworks/OpenGL.framework/Versions/A/Resources/GLEngine.bundle/GLEngine
0x0000000058109000 	/System/Library/Frameworks/OpenGL.framework/Versions/A/Libraries/libGLProgrammability.dylib
0x00000001307f9000 	/System/Library/Extensions/AppleIntelBDWGraphicsGLDriver.bundle/Contents/MacOS/AppleIntelBDWGraphicsGLDriver
0x0000000058109000 	/System/Library/PrivateFrameworks/GPUSupport.framework/Versions/A/Libraries/libGPUSupportMercury.dylib
0x0000000058109000 	/System/Library/Frameworks/OpenGL.framework/Versions/A/Resources/GLRendererFloat.bundle/GLRendererFloat
0x0000000058109000 	/System/Library/Frameworks/OpenCL.framework/Versions/A/Libraries/libcldcpuengine.dylib
0x0000000058109000 	/usr/lib/libcrypto.0.9.8.dylib
0x0000000058109000 	/System/Library/PrivateFrameworks/TrustEvaluationAgent.framework/Versions/A/TrustEvaluationAgent
0x0000000130f55000 	/System/Library/Extensions/AppleIntelBDWGraphicsMTLDriver.bundle/Contents/MacOS/AppleIntelBDWGraphicsMTLDriver
0x0000000058109000 	/System/Library/CoreServices/RawCamera.bundle/Contents/MacOS/RawCamera
0x0000000058109000 	/System/Library/PrivateFrameworks/FinderKit.framework/Versions/A/FinderKit
0x0000000058109000 	/System/Library/Frameworks/Quartz.framework/Versions/A/Frameworks/QuickLookUI.framework/Versions/A/QuickLookUI
0x0000000058109000 	/System/Library/Frameworks/Quartz.framework/Versions/A/Frameworks/ImageKit.framework/Versions/A/ImageKit
0x0000000058109000 	/System/Library/PrivateFrameworks/Bom.framework/Versions/A/Bom
0x0000000058109000 	/System/Library/Frameworks/QuickLook.framework/Versions/A/QuickLook
0x0000000058109000 	/System/Library/PrivateFrameworks/Suggestions.framework/Versions/A/Suggestions
0x0000000058109000 	/System/Library/PrivateFrameworks/AppleSystemInfo.framework/Versions/A/AppleSystemInfo
0x0000000058109000 	/System/Library/Frameworks/ImageCaptureCore.framework/Versions/A/ImageCaptureCore
0x0000000058109000 	/System/Library/Frameworks/SafariServices.framework/Versions/A/SafariServices
0x0000000058109000 	/System/Library/Frameworks/QTKit.framework/Versions/A/QTKit
0x0000000058109000 	/System/Library/PrivateFrameworks/MobileKeyBag.framework/Versions/A/MobileKeyBag
0x0000000058109000 	/System/Library/PrivateFrameworks/ViewBridge.framework/Versions/A/ViewBridge
0x0000000058109000 	/System/Library/PrivateFrameworks/XPCService.framework/Versions/A/XPCService
0x0000000058109000 	/System/Library/PrivateFrameworks/AppSandbox.framework/Versions/A/AppSandbox
0x0000000058109000 	/usr/lib/libsandbox.1.dylib
0x0000000058109000 	/usr/lib/libMatch.1.dylib
0x0000000058109000 	/System/Library/Frameworks/AVFoundation.framework/Versions/A/AVFoundation
0x0000000058109000 	/System/Library/Frameworks/CoreMedia.framework/Versions/A/CoreMedia
0x0000000058109000 	/System/Library/Frameworks/MediaToolbox.framework/Versions/A/MediaToolbox
0x0000000058109000 	/System/Library/Frameworks/VideoToolbox.framework/Versions/A/VideoToolbox
0x0000000058109000 	/System/Library/PrivateFrameworks/CoreMediaAuthoring.framework/Versions/A/CoreMediaAuthoring
0x0000000058109000 	/System/Library/Frameworks/CoreMediaIO.framework/Versions/A/CoreMediaIO
0x0000000058109000 	/System/Library/Frameworks/AVFoundation.framework/Versions/A/Frameworks/AVFAudio.framework/Versions/A/AVFAudio
0x0000000058109000 	/System/Library/PrivateFrameworks/IntlPreferences.framework/Versions/A/IntlPreferences
0x0000000058109000 	/usr/lib/libspindump.dylib
0x0000000058109000 	/usr/lib/libdscsym.dylib
0x0000000058109000 	/System/Library/PrivateFrameworks/CoreAVCHD.framework/Versions/A/CoreAVCHD
0x0000000058109000 	/System/Library/Frameworks/MediaAccessibility.framework/Versions/A/MediaAccessibility
0x0000000058109000 	/System/Library/PrivateFrameworks/Mangrove.framework/Versions/A/Mangrove
0x0000000058109000 	/System/Library/PrivateFrameworks/CoreAUC.framework/Versions/A/CoreAUC
0x0000000058109000 	/System/Library/PrivateFrameworks/AppleVA.framework/Versions/A/AppleVA
0x0000000058109000 	/System/Library/PrivateFrameworks/QuickLookThumbnailing.framework/Versions/A/QuickLookThumbnailing
0x0000000058109000 	/System/Library/PrivateFrameworks/DisplayServices.framework/Versions/A/DisplayServices
0x0000000058109000 	/System/Library/Frameworks/Quartz.framework/Versions/A/Frameworks/PDFKit.framework/Versions/A/PDFKit
0x0000000058109000 	/System/Library/Frameworks/Quartz.framework/Versions/A/Frameworks/QuartzComposer.framework/Versions/A/QuartzComposer
0x0000000058109000 	/System/Library/Frameworks/Quartz.framework/Versions/A/Frameworks/QuartzFilters.framework/Versions/A/QuartzFilters
0x0000000058109000 	/System/Library/PrivateFrameworks/CorePDF.framework/Versions/A/CorePDF
0x0000000058109000 	/System/Library/Frameworks/AddressBook.framework/Versions/A/AddressBook
0x0000000058109000 	/System/Library/PrivateFrameworks/ContactsPersistence.framework/Versions/A/ContactsPersistence
0x0000000058109000 	/System/Library/PrivateFrameworks/CalendarAgentLink.framework/Versions/A/CalendarAgentLink
0x0000000058109000 	/System/Library/PrivateFrameworks/ContactsFoundation.framework/Versions/A/ContactsFoundation
0x0000000058109000 	/System/Library/PrivateFrameworks/vCard.framework/Versions/A/vCard
0x0000000058109000 	/System/Library/PrivateFrameworks/ToneLibrary.framework/Versions/A/ToneLibrary
0x0000000058109000 	/System/Library/PrivateFrameworks/ToneKit.framework/Versions/A/ToneKit
0x0000000058109000 	/System/Library/PrivateFrameworks/ApplePushService.framework/Versions/A/ApplePushService
0x0000000058109000 	/System/Library/PrivateFrameworks/PhoneNumbers.framework/Versions/A/PhoneNumbers
0x0000000058109000 	/System/Library/Frameworks/Quartz.framework/Versions/A/Quartz
0x0000000058109000 	/System/Library/Frameworks/Accounts.framework/Versions/A/Accounts
0x0000000058109000 	/System/Library/PrivateFrameworks/OAuth.framework/Versions/A/OAuth
0x0000000058109000 	/System/Library/PrivateFrameworks/CacheDelete.framework/Versions/A/CacheDelete
0x0000000058109000 	/System/Library/PrivateFrameworks/CloudDocs.framework/Versions/A/CloudDocs
0x0000000058109000 	/System/Library/Frameworks/CloudKit.framework/Versions/A/CloudKit
0x0000000058109000 	/System/Library/PrivateFrameworks/MMCS.framework/Versions/A/MMCS
0x0000000058109000 	/System/Library/Frameworks/CoreLocation.framework/Versions/A/CoreLocation
0x0000000058109000 	/System/Library/PrivateFrameworks/AssetCacheServices.framework/Versions/A/AssetCacheServices
0x0000000058109000 	/System/Library/PrivateFrameworks/GeoServices.framework/Versions/A/GeoServices
0x0000000058109000 	/System/Library/PrivateFrameworks/PlugInKit.framework/Versions/A/PlugInKit
0x0000000058109000 	/System/Library/PrivateFrameworks/iLifeMediaBrowser.framework/Versions/A/iLifeMediaBrowser
0x0000000058109000 	/System/Library/Frameworks/AVKit.framework/Versions/A/AVKit
0x0000000058109000 	/System/Library/PrivateFrameworks/MediaRemote.framework/Versions/A/MediaRemote
0x0000000058109000 	/System/Library/PrivateFrameworks/MediaServices.framework/Versions/A/MediaServices
0x000000013392b000 	/System/Library/Frameworks/Security.framework/PlugIns/csparser.bundle/Contents/MacOS/csparser
0x000000013405a000 	/System/Library/Frameworks/Quartz.framework/Versions/A/Frameworks/QuickLookUI.framework/Versions/A/PlugIns/Web2.qldisplay/Contents/MacOS/Web2
0x0000000058109000 	/System/Library/PrivateFrameworks/ShareKit.framework/Versions/A/ShareKit
0x0000000058109000 	/System/Library/Frameworks/Social.framework/Versions/A/Social
0x0000000058109000 	/System/Library/PrivateFrameworks/AccountsUI.framework/Versions/A/AccountsUI
0x0000000058109000 	/System/Library/PrivateFrameworks/AccountsDaemon.framework/Versions/A/AccountsDaemon
0x0000000133e1f000 	/System/Library/Frameworks/Quartz.framework/Versions/A/Frameworks/QuickLookUI.framework/Versions/A/PlugIns/Generic.qldisplay/Contents/MacOS/Generic
0x0000000134087000 	/System/Library/PrivateFrameworks/Lookup.framework/Lookup
0x0000000058109000 	/System/Library/PrivateFrameworks/DataDetectors.framework/Versions/A/DataDetectors

VM Arguments:
jvm_args: -Dfile.encoding=UTF-8 
java_command: com.dlas.gui.EcranAccueil
java_class_path (initial): /Volumes/LaCie/ProjetDev/WrkSpaceEclipse/WyccExcel/bin:/Volumes/LaCie/ProjetDev/WrkSpaceEclipse/WyccExcel/lib/log4j-1.2.17.jar:/Volumes/LaCie/ProjetDev/WrkSpaceEclipse/WyccExcel/lib/opencsv-3.8.jar:/Volumes/LaCie/ProjetDev/WrkSpaceEclipse/WyccExcel/lib/poi-3.15.jar:/Volumes/LaCie/ProjetDev/WrkSpaceEclipse/WyccExcel/lib/poi-excelant-3.15.jar:/Volumes/LaCie/ProjetDev/WrkSpaceEclipse/WyccExcel/lib/poi-ooxml-3.15.jar:/Volumes/LaCie/ProjetDev/WrkSpaceEclipse/WyccExcel/lib/poi-ooxml-schemas-3.15.jar:/Volumes/LaCie/ProjetDev/WrkSpaceEclipse/WyccExcel/lib/poi-scratchpad-3.15.jar:/Volumes/LaCie/ProjetDev/WrkSpaceEclipse/WyccExcel/lib/gson-2.2.2.jar:/Volumes/LaCie/ProjetDev/WrkSpaceEclipse/WyccExcel/lib/commons-collections4-4.1.jar:/Volumes/LaCie/ProjetDev/WrkSpaceEclipse/WyccExcel/lib/hibernate-core-5.2.6.Final.jar:/Volumes/LaCie/ProjetDev/WrkSpaceEclipse/WyccExcel/lib/xmlbeans-2.6.0.jar:/Volumes/LaCie/ProjetDev/WrkSpaceEclipse/WyccExcel/lib/curvesapi-1.04.jar:/Volumes/LaCie/ProjetDev/WrkSpaceEclipse/WyccExcel/lib/antlr-2.7.7.jar:/Volumes/LaCie/ProjetDev/WrkSpaceEclipse/WyccExcel/lib/classmate-1.3.0.jar:/Volumes/LaCie/ProjetDev/WrkSpaceEclipse/WyccExcel/lib/dom4j-1.6.1.jar:/Volumes/LaCie/ProjetDev/WrkSpaceEclipse/WyccExcel/lib/geronimo-jta_1.1_spec-1.1.1.jar:/Volumes/LaCie/ProjetDev/WrkSpaceEclipse/WyccExcel/lib/hibernate-commons-annotations-5.0.1.Final.jar:/Volumes/LaCie/ProjetDev/WrkSpaceEclipse/WyccExcel/lib/hibernate-core-5.1.0.Final.jar:/Volumes/LaCie/ProjetDev/WrkSpaceEclipse/WyccExcel/lib/hibernate-jpa-2.1-api-1.0.0.Final.jar:/Volumes/LaCie/ProjetDev/WrkSpaceEclipse/WyccExcel/lib/jandex-2.0.0.Final.jar:/Volumes/LaCie/ProjetDev/WrkSpaceEclipse/WyccExcel/lib/javassist-3.20.0-GA.jar:/Volumes/LaCie/ProjetDev/WrkSpaceEclipse/WyccExcel/lib/jboss-logging-3.3.0.Final.jar:/Volumes/LaCie/ProjetDev/WrkSpaceEclipse/WyccExcel/lib/hsqldb.jar:/Volumes/LaCie/ProjetDev/WrkSpaceEclipse/WyccExcel/lib/commons-lang3-3.5.jar:/Volumes/LaCie/ProjetDev/WrkSpaceEcl
Launcher Type: SUN_STANDARD

Environment Variables:
PATH=/usr/bin:/bin:/usr/sbin:/sbin
SHELL=/bin/bash

Signal Handlers:
SIGSEGV: [libjvm.dylib+0x5a6d31], sa_mask[0]=11111111011111110111111111111111, sa_flags=SA_ONSTACK|SA_RESTART|SA_SIGINFO
SIGBUS: [libjvm.dylib+0x5a6d31], sa_mask[0]=11111111011111110111111111111111, sa_flags=SA_RESTART|SA_SIGINFO
SIGFPE: [libjvm.dylib+0x480a40], sa_mask[0]=11111111011111110111111111111111, sa_flags=SA_RESTART|SA_SIGINFO
SIGPIPE: [libjvm.dylib+0x480a40], sa_mask[0]=11111111011111110111111111111111, sa_flags=SA_RESTART|SA_SIGINFO
SIGXFSZ: [libjvm.dylib+0x480a40], sa_mask[0]=11111111011111110111111111111111, sa_flags=SA_RESTART|SA_SIGINFO
SIGILL: [libjvm.dylib+0x480a40], sa_mask[0]=11111111011111110111111111111111, sa_flags=SA_RESTART|SA_SIGINFO
SIGUSR1: SIG_DFL, sa_mask[0]=00000000000000000000000000000000, sa_flags=none
SIGUSR2: [libjvm.dylib+0x48055e], sa_mask[0]=00100000000000000000000000000000, sa_flags=SA_RESTART|SA_SIGINFO
SIGHUP: [libjvm.dylib+0x47eb35], sa_mask[0]=11111111011111110111111111111111, sa_flags=SA_RESTART|SA_SIGINFO
SIGINT: [libjvm.dylib+0x47eb35], sa_mask[0]=11111111011111110111111111111111, sa_flags=SA_RESTART|SA_SIGINFO
SIGTERM: [libjvm.dylib+0x47eb35], sa_mask[0]=11111111011111110111111111111111, sa_flags=SA_RESTART|SA_SIGINFO
SIGQUIT: [libjvm.dylib+0x47eb35], sa_mask[0]=11111111011111110111111111111111, sa_flags=SA_RESTART|SA_SIGINFO


---------------  S Y S T E M  ---------------

OS:Bsduname:Darwin 16.4.0 Darwin Kernel Version 16.4.0: Thu Dec 22 22:53:21 PST 2016; root:xnu-3789.41.3~3/RELEASE_X86_64 x86_64
rlimit: STACK 8192k, CORE 0k, NPROC 709, NOFILE 10240, AS infinity
load average:3.16 3.72 3.89

CPU:total 4 (2 cores per cpu, 2 threads per core) family 6 model 61 stepping 4, cmov, cx8, fxsr, mmx, sse, sse2, sse3, ssse3, sse4.1, sse4.2, popcnt, avx, avx2, aes, clmul, erms, 3dnowpref, lzcnt, ht, tsc, tscinvbit, bmi1, bmi2, adx

Memory: 4k page, physical 16777216k(1390524k free)

/proc/meminfo:


vm_info: Java HotSpot(TM) 64-Bit Server VM (25.65-b01) for bsd-amd64 JRE (1.8.0_65-b17), built on Oct  6 2015 15:36:46 by "java_re" with gcc 4.2.1 (Based on Apple Inc. build 5658) (LLVM build 2336.11.00)

time: Sun Mar 19 11:18:41 2017
elapsed time: 212 seconds (0d 0h 3m 32s)

