#
# A fatal error has been detected by the Java Runtime Environment:
#
#  SIGSEGV (0xb) at pc=0x0000000123e4675b, pid=4635, tid=11011
#
# JRE version: Java(TM) SE Runtime Environment (8.0_65-b17) (build 1.8.0_65-b17)
# Java VM: Java HotSpot(TM) 64-Bit Server VM (25.65-b01 mixed mode bsd-amd64 compressed oops)
# Problematic frame:
# C  [libswt-cocoa-4629.jnilib+0x275b]  callback+0x31b
#
# Failed to write core dump. Core dumps have been disabled. To enable core dumping, try "ulimit -c unlimited" before starting Java again
#
# If you would like to submit a bug report, please visit:
#   http://bugreport.java.com/bugreport/crash.jsp
#

---------------  T H R E A D  ---------------

Current thread (0x00007fcbd6004000):  VMThread [stack: 0x000070000ca8a000,0x000070000cb8a000] [id=11011]

siginfo: si_signo: 11 (SIGSEGV), si_code: 1 (SEGV_MAPERR), si_addr: 0x0000000000000078

Registers:
RAX=0x0000000000000000, RBX=0x00007fcbd98ecdb0, RCX=0x00000001062be975, RDX=0x0000000000000001
RSP=0x000070000cb89660, RBP=0x000070000cb898b0, RSI=0x0000000000000000, RDI=0x0000000000000000
R8 =0x0000000000000002, R9 =0x46f4c15a67840019, R10=0x0571ae010571ae80, R11=0x0000000123e492b0
R12=0x00007fffc5767040, R13=0x00007fffc5767040, R14=0x0000000000000000, R15=0x0000000000000000
RIP=0x0000000123e4675b, EFLAGS=0x0000000000010202, ERR=0x0000000000000004
  TRAPNO=0x000000000000000e

Top of Stack: (sp=0x000070000cb89660)
0x000070000cb89660:   00007fffceec1300 00000001d470baa0
0x000070000cb89670:   000070000cb89690 ffff80342b8f3620
0x000070000cb89680:   00007fcbd6239760 00007fcbd470baa0
0x000070000cb89690:   0000000000000000 000070000cb89718
0x000070000cb896a0:   00007fcbd470baa0 00007fcbd4701370
0x000070000cb896b0:   0000000000000000 00000000cef53060
0x000070000cb896c0:   00000001062be975 fffffffeb08f6090
0x000070000cb896d0:   00007fcbd4463250 00007fffaf009f12
0x000070000cb896e0:   0000000000000000 0000000000000003
0x000070000cb896f0:   00000000000006c8 000000000cb89760
0x000070000cb89700:   0000000000000000 0000000000000000
0x000070000cb89710:   0000000000000000 0000000000000000
0x000070000cb89720:   00007fcbd470de90 00007fcbd470df90
0x000070000cb89730:   00007fcbd470de90 00007fcbd470df90
0x000070000cb89740:   00007fcbd470e360 00007fcbd470e520
0x000070000cb89750:   0000000000000000 0000000000000000
0x000070000cb89760:   0000000000000000 0000000000000000
0x000070000cb89770:   0000000000000000 0000000000000000
0x000070000cb89780:   000070000cb897a0 00007fcbd4463250
0x000070000cb89790:   00007fffaf009f12 0000000000000000
0x000070000cb897a0:   0000000000000003 00000000000006c8
0x000070000cb897b0:   00007fffae5151ca 00000000fff7f044
0x000070000cb897c0:   000070000cb897e0 00007fcbd453e7a0
0x000070000cb897d0:   0000000000002b03 00007fcbd98ecdb0
0x000070000cb897e0:   00007fffc5767040 00007fffc5767040
0x000070000cb897f0:   0000000000000000 0000000000000000
0x000070000cb89800:   000070000cb898d0 00007fffc5767ad4
0x000070000cb89810:   00000000000006c8 0000000000000003
0x000070000cb89820:   0000000000000000 0000000000000000
0x000070000cb89830:   00007fffaf009f12 00007fcbd4463250
0x000070000cb89840:   00007fffcb34e558 00000000c5767ad4
0x000070000cb89850:   0000000000000000 0000000000000000 

Instructions: (pc=0x0000000123e4675b)
0x0000000123e4673b:   00 e9 00 00 00 00 48 81 7d c8 00 00 00 00 0f 85
0x0000000123e4674b:   05 00 00 00 e9 34 03 00 00 48 8b 45 c8 48 8b 00
0x0000000123e4675b:   48 8b 40 78 48 8b 7d c8 ff d0 48 89 45 a0 48 3d
0x0000000123e4676b:   00 00 00 00 0f 84 1d 00 00 00 48 8b 45 c8 48 8b 

Register to memory mapping:

RAX=0x0000000000000000 is an unknown value
RBX=0x00007fcbd98ecdb0 is an unknown value
RCX=0x00000001062be975: jni_AttachCurrentThreadAsDaemon+0 in /Library/Java/JavaVirtualMachines/jdk1.8.0_65.jdk/Contents/Home/jre/lib/server/libjvm.dylib at 0x0000000105f9e000
RDX=0x0000000000000001 is an unknown value
RSP=0x000070000cb89660 is an unknown value
RBP=0x000070000cb898b0 is an unknown value
RSI=0x0000000000000000 is an unknown value
RDI=0x0000000000000000 is an unknown value
R8 =0x0000000000000002 is an unknown value
R9 =0x46f4c15a67840019 is an unknown value
R10=0x0571ae010571ae80 is an unknown value
R11=0x0000000123e492b0: fn0_2+0 in /Users/didierlasnier/.swt/lib/macosx/x86_64/libswt-cocoa-4629.jnilib at 0x0000000123e44000
R12=0x00007fffc5767040: objc_msgSend+0 in /usr/lib/libobjc.A.dylib at 0x00007fffc5760000
R13=0x00007fffc5767040: objc_msgSend+0 in /usr/lib/libobjc.A.dylib at 0x00007fffc5760000
R14=0x0000000000000000 is an unknown value
R15=0x0000000000000000 is an unknown value


Stack: [0x000070000ca8a000,0x000070000cb8a000],  sp=0x000070000cb89660,  free space=1021k
Native frames: (J=compiled Java code, j=interpreted, Vv=VM code, C=native code)
C  [libswt-cocoa-4629.jnilib+0x275b]  callback+0x31b
C  [libswt-cocoa-4629.jnilib+0x52d3]  fn0_2+0x23
C  [AppKit+0x181240]  -[NSWindow orderWindow:relativeTo:]+0x76
C  [AppKit+0x2ddee0]  __18-[NSWindow _close]_block_invoke+0x209
C  [AppKit+0x2ddc88]  -[NSWindow _close]+0x16d
C  [FinderKit+0xaa3f9]  -[FI_TFloatingInputWindowController dealloc]+0x3b
C  [libobjc.A.dylib+0xf2e7]  objc_object::sidetable_release(bool)+0x11d
C  [AppKit+0x56275]  -[NSWindowController release]+0x9b
C  [FinderKit+0xaa0e4]  TNSRef<FI_TFloatingInputWindowController*, void>::~TNSRef()+0x14
C  [libsystem_c.dylib+0x60178]  __cxa_finalize_ranges+0x14c
C  [libsystem_c.dylib+0x604b2]  exit+0x37
V  [libjvm.dylib+0x2e926a]  vm_exit(int)+0x0
V  [libjvm.dylib+0x5ae00d]  VM_Operation::evaluate()+0x4f
V  [libjvm.dylib+0x5ac677]  VMThread::evaluate_operation(VM_Operation*)+0xdf
V  [libjvm.dylib+0x5acac4]  VMThread::loop()+0x328
V  [libjvm.dylib+0x5ac3e3]  VMThread::run()+0x79
V  [libjvm.dylib+0x48342e]  java_start(Thread*)+0xf6
C  [libsystem_pthread.dylib+0x393b]  _pthread_body+0xb4
C  [libsystem_pthread.dylib+0x3887]  _pthread_body+0x0
C  [libsystem_pthread.dylib+0x308d]  thread_start+0xd

VM_Operation (0x000070000d7b0658): Exit, mode: safepoint, requested by thread 0x00007fcbd5b20000


---------------  P R O C E S S  ---------------

Java Threads: ( => current thread )
  0x00007fcbd5b20000 JavaThread "SIGTERM handler" daemon [_thread_blocked, id=88255, stack(0x000070000d6b1000,0x000070000d7b1000)]
  0x00007fcbd641d000 JavaThread "Java2D Disposer" daemon [_thread_blocked, id=54551, stack(0x000070000d5ae000,0x000070000d6ae000)]
  0x00007fcbd5421800 JavaThread "Java2D Queue Flusher" daemon [_thread_blocked, id=54791, stack(0x000070000d4ab000,0x000070000d5ab000)]
  0x00007fcbd5815000 JavaThread "Service Thread" daemon [_thread_blocked, id=17923, stack(0x000070000d19f000,0x000070000d29f000)]
  0x00007fcbd5814000 JavaThread "C1 CompilerThread2" daemon [_thread_blocked, id=17411, stack(0x000070000d09c000,0x000070000d19c000)]
  0x00007fcbd485a000 JavaThread "C2 CompilerThread1" daemon [_thread_blocked, id=16899, stack(0x000070000cf99000,0x000070000d099000)]
  0x00007fcbd6014800 JavaThread "C2 CompilerThread0" daemon [_thread_blocked, id=16387, stack(0x000070000ce96000,0x000070000cf96000)]
  0x00007fcbd6021800 JavaThread "Signal Dispatcher" daemon [_thread_blocked, id=15883, stack(0x000070000cd93000,0x000070000ce93000)]
  0x00007fcbd4832800 JavaThread "Finalizer" daemon [_thread_blocked, id=12035, stack(0x000070000cc90000,0x000070000cd90000)]
  0x00007fcbd4831800 JavaThread "Reference Handler" daemon [_thread_blocked, id=11523, stack(0x000070000cb8d000,0x000070000cc8d000)]
  0x00007fcbd6002800 JavaThread "main" [_thread_blocked, id=775, stack(0x00007fff594df000,0x00007fff59cdf000)]

Other Threads:
=>0x00007fcbd6004000 VMThread [stack: 0x000070000ca8a000,0x000070000cb8a000] [id=11011]

VM state:at safepoint (shutting down)

VM Mutex/Monitor currently owned by a thread:  ([mutex/lock_event])
[0x00007fcbd4601a20] Threads_lock - owner thread: 0x00007fcbd6004000

Heap:
 PSYoungGen      total 76288K, used 35882K [0x000000076ab00000, 0x0000000770000000, 0x00000007c0000000)
  eden space 65536K, 54% used [0x000000076ab00000,0x000000076ce0a840,0x000000076eb00000)
  from space 10752K, 0% used [0x000000076f580000,0x000000076f580000,0x0000000770000000)
  to   space 10752K, 0% used [0x000000076eb00000,0x000000076eb00000,0x000000076f580000)
 ParOldGen       total 73728K, used 7612K [0x00000006c0000000, 0x00000006c4800000, 0x000000076ab00000)
  object space 73728K, 10% used [0x00000006c0000000,0x00000006c076f1c8,0x00000006c4800000)
 Metaspace       used 26882K, capacity 27432K, committed 27776K, reserved 1073152K
  class space    used 3240K, capacity 3349K, committed 3456K, reserved 1048576K

Card table byte_map: [0x0000000116d8a000,0x000000011758b000] byte_map_base: 0x000000011378a000

Marking Bits: (ParMarkBitMap*) 0x000000010687ce20
 Begin Bits: [0x0000000117ae1000, 0x000000011bae1000)
 End Bits:   [0x000000011bae1000, 0x000000011fae1000)

Polling page: 0x0000000106f6b000

CodeCache: size=245760Kb used=6706Kb max_used=6733Kb free=239053Kb
 bounds [0x0000000107d8a000, 0x000000010842a000, 0x0000000116d8a000]
 total_blobs=2659 nmethods=2016 adapters=556
 compilation: enabled

Compilation events (10 events):
Event: 43.740 Thread 0x00007fcbd5814000 nmethod 2012 0x0000000108406710 code [0x0000000108406880, 0x0000000108406ac8]
Event: 43.741 Thread 0x00007fcbd485a000 nmethod 2007 0x00000001084127d0 code [0x0000000108412940, 0x0000000108412e58]
Event: 43.754 Thread 0x00007fcbd6014800 nmethod 2010 0x000000010840fb50 code [0x000000010840fd60, 0x00000001084108b0]
Event: 43.820 Thread 0x00007fcbd5814000 2013       3       org.eclipse.swt.internal.cocoa.NSSize::<init> (5 bytes)
Event: 43.820 Thread 0x00007fcbd5814000 nmethod 2013 0x000000010840f790 code [0x000000010840f900, 0x000000010840fab0]
Event: 43.909 Thread 0x00007fcbd485a000 2016       4       org.eclipse.swt.widgets.Display::windowProc (2639 bytes)
Event: 43.928 Thread 0x00007fcbd5814000 2017       3       org.eclipse.swt.widgets.DateTime::isFlipped (20 bytes)
Event: 43.928 Thread 0x00007fcbd5814000 nmethod 2017 0x0000000108412050 code [0x00000001084121c0, 0x00000001084123a8]
Event: 44.004 Thread 0x00007fcbd485a000 nmethod 2016 0x000000010841ab90 code [0x000000010841b3a0, 0x000000010841f288]
Event: 44.699 Thread 0x00007fcbd5814000 2018       3       java.util.logging.LogManager$LoggerContext::ensureDefaultLogger (70 bytes)

GC Heap History (6 events):
Event: 3.672 GC heap before
{Heap before GC invocations=1 (full 0):
 PSYoungGen      total 76288K, used 65536K [0x000000076ab00000, 0x0000000770000000, 0x00000007c0000000)
  eden space 65536K, 100% used [0x000000076ab00000,0x000000076eb00000,0x000000076eb00000)
  from space 10752K, 0% used [0x000000076f580000,0x000000076f580000,0x0000000770000000)
  to   space 10752K, 0% used [0x000000076eb00000,0x000000076eb00000,0x000000076f580000)
 ParOldGen       total 175104K, used 0K [0x00000006c0000000, 0x00000006cab00000, 0x000000076ab00000)
  object space 175104K, 0% used [0x00000006c0000000,0x00000006c0000000,0x00000006cab00000)
 Metaspace       used 11179K, capacity 11428K, committed 11776K, reserved 1058816K
  class space    used 1339K, capacity 1413K, committed 1536K, reserved 1048576K
Event: 3.682 GC heap after
Heap after GC invocations=1 (full 0):
 PSYoungGen      total 76288K, used 7513K [0x000000076ab00000, 0x0000000770000000, 0x00000007c0000000)
  eden space 65536K, 0% used [0x000000076ab00000,0x000000076ab00000,0x000000076eb00000)
  from space 10752K, 69% used [0x000000076eb00000,0x000000076f256408,0x000000076f580000)
  to   space 10752K, 0% used [0x000000076f580000,0x000000076f580000,0x0000000770000000)
 ParOldGen       total 175104K, used 16K [0x00000006c0000000, 0x00000006cab00000, 0x000000076ab00000)
  object space 175104K, 0% used [0x00000006c0000000,0x00000006c0004000,0x00000006cab00000)
 Metaspace       used 11179K, capacity 11428K, committed 11776K, reserved 1058816K
  class space    used 1339K, capacity 1413K, committed 1536K, reserved 1048576K
}
Event: 12.575 GC heap before
{Heap before GC invocations=2 (full 0):
 PSYoungGen      total 76288K, used 35637K [0x000000076ab00000, 0x0000000770000000, 0x00000007c0000000)
  eden space 65536K, 42% used [0x000000076ab00000,0x000000076c677058,0x000000076eb00000)
  from space 10752K, 69% used [0x000000076eb00000,0x000000076f256408,0x000000076f580000)
  to   space 10752K, 0% used [0x000000076f580000,0x000000076f580000,0x0000000770000000)
 ParOldGen       total 175104K, used 16K [0x00000006c0000000, 0x00000006cab00000, 0x000000076ab00000)
  object space 175104K, 0% used [0x00000006c0000000,0x00000006c0004000,0x00000006cab00000)
 Metaspace       used 20651K, capacity 21108K, committed 21296K, reserved 1069056K
  class space    used 2556K, capacity 2679K, committed 2688K, reserved 1048576K
Event: 12.583 GC heap after
Heap after GC invocations=2 (full 0):
 PSYoungGen      total 76288K, used 7661K [0x000000076ab00000, 0x0000000770000000, 0x00000007c0000000)
  eden space 65536K, 0% used [0x000000076ab00000,0x000000076ab00000,0x000000076eb00000)
  from space 10752K, 71% used [0x000000076f580000,0x000000076fcfb668,0x0000000770000000)
  to   space 10752K, 0% used [0x000000076eb00000,0x000000076eb00000,0x000000076f580000)
 ParOldGen       total 175104K, used 103K [0x00000006c0000000, 0x00000006cab00000, 0x000000076ab00000)
  object space 175104K, 0% used [0x00000006c0000000,0x00000006c0019c10,0x00000006cab00000)
 Metaspace       used 20651K, capacity 21108K, committed 21296K, reserved 1069056K
  class space    used 2556K, capacity 2679K, committed 2688K, reserved 1048576K
}
Event: 12.583 GC heap before
{Heap before GC invocations=3 (full 1):
 PSYoungGen      total 76288K, used 7661K [0x000000076ab00000, 0x0000000770000000, 0x00000007c0000000)
  eden space 65536K, 0% used [0x000000076ab00000,0x000000076ab00000,0x000000076eb00000)
  from space 10752K, 71% used [0x000000076f580000,0x000000076fcfb668,0x0000000770000000)
  to   space 10752K, 0% used [0x000000076eb00000,0x000000076eb00000,0x000000076f580000)
 ParOldGen       total 175104K, used 103K [0x00000006c0000000, 0x00000006cab00000, 0x000000076ab00000)
  object space 175104K, 0% used [0x00000006c0000000,0x00000006c0019c10,0x00000006cab00000)
 Metaspace       used 20651K, capacity 21108K, committed 21296K, reserved 1069056K
  class space    used 2556K, capacity 2679K, committed 2688K, reserved 1048576K
Event: 12.613 GC heap after
Heap after GC invocations=3 (full 1):
 PSYoungGen      total 76288K, used 0K [0x000000076ab00000, 0x0000000770000000, 0x00000007c0000000)
  eden space 65536K, 0% used [0x000000076ab00000,0x000000076ab00000,0x000000076eb00000)
  from space 10752K, 0% used [0x000000076f580000,0x000000076f580000,0x0000000770000000)
  to   space 10752K, 0% used [0x000000076eb00000,0x000000076eb00000,0x000000076f580000)
 ParOldGen       total 73728K, used 7612K [0x00000006c0000000, 0x00000006c4800000, 0x000000076ab00000)
  object space 73728K, 10% used [0x00000006c0000000,0x00000006c076f1c8,0x00000006c4800000)
 Metaspace       used 20651K, capacity 21108K, committed 21296K, reserved 1069056K
  class space    used 2556K, capacity 2679K, committed 2688K, reserved 1048576K
}

Deoptimization events (10 events):
Event: 12.647 Thread 0x00007fcbd6002800 Uncommon trap: reason=class_check action=maybe_recompile pc=0x00000001082341c8 method=java.util.regex.Pattern$BmpCharProperty.match(Ljava/util/regex/Matcher;ILjava/lang/CharSequence;)Z @ 31
Event: 12.742 Thread 0x00007fcbd6002800 Uncommon trap: reason=unstable_if action=reinterpret pc=0x0000000107fb4a28 method=java.lang.String.replace(CC)Ljava/lang/String; @ 26
Event: 12.911 Thread 0x00007fcbd6002800 Uncommon trap: reason=bimorphic action=maybe_recompile pc=0x00000001082f2dd4 method=org.hsqldb.map.BaseHashMap.getLookup(Ljava/lang/Object;I)I @ 24
Event: 12.911 Thread 0x00007fcbd6002800 Uncommon trap: reason=bimorphic action=maybe_recompile pc=0x00000001082f2dd4 method=org.hsqldb.map.BaseHashMap.getLookup(Ljava/lang/Object;I)I @ 24
Event: 12.911 Thread 0x00007fcbd6002800 Uncommon trap: reason=bimorphic action=maybe_recompile pc=0x00000001082f2dd4 method=org.hsqldb.map.BaseHashMap.getLookup(Ljava/lang/Object;I)I @ 24
Event: 12.911 Thread 0x00007fcbd6002800 Uncommon trap: reason=bimorphic action=maybe_recompile pc=0x00000001082f2dd4 method=org.hsqldb.map.BaseHashMap.getLookup(Ljava/lang/Object;I)I @ 24
Event: 12.916 Thread 0x00007fcbd6002800 Uncommon trap: reason=unstable_if action=reinterpret pc=0x00000001083039a4 method=org.hsqldb.map.BaseHashMap.addOrRemove(JJLjava/lang/Object;Ljava/lang/Object;Z)Ljava/lang/Object; @ 601
Event: 33.462 Thread 0x00007fcbd6002800 Uncommon trap: reason=unstable_if action=reinterpret pc=0x00000001081fd504 method=java.util.HashMap.hash(Ljava/lang/Object;)I @ 1
Event: 33.468 Thread 0x00007fcbd6002800 Uncommon trap: reason=class_check action=maybe_recompile pc=0x0000000107eaa11c method=java.lang.String.equals(Ljava/lang/Object;)Z @ 8
Event: 33.470 Thread 0x00007fcbd6002800 Uncommon trap: reason=class_check action=maybe_recompile pc=0x0000000107eaa11c method=java.lang.String.equals(Ljava/lang/Object;)Z @ 8

Internal exceptions (10 events):
Event: 12.304 Thread 0x00007fcbd6002800 Exception <a 'java/lang/ClassNotFoundException': com/dlas/dao/MvtCustomizer> (0x000000076b6638f8) thrown at [/Users/java_re/workspace/8-2-build-macosx-x86_64/jdk8u65/4987/hotspot/src/share/vm/classfile/systemDictionary.cpp, line 210]
Event: 12.307 Thread 0x00007fcbd6002800 Exception <a 'java/lang/ClassNotFoundException': java/lang/StringEditor> (0x000000076b691518) thrown at [/Users/java_re/workspace/8-2-build-macosx-x86_64/jdk8u65/4987/hotspot/src/share/vm/classfile/systemDictionary.cpp, line 210]
Event: 12.457 Thread 0x00007fcbd6002800 Exception <a 'java/lang/ClassNotFoundException': com/sun/org/glassfish/hk2/osgiresourcelocator/ServiceLoader> (0x000000076c0d8618) thrown at [/Users/java_re/workspace/8-2-build-macosx-x86_64/jdk8u65/4987/hotspot/src/share/vm/classfile/systemDictionary.cpp
Event: 12.460 Thread 0x00007fcbd6002800 Exception <a 'java/lang/NullPointerException'> (0x000000076c0e2790) thrown at [/Users/java_re/workspace/8-2-build-macosx-x86_64/jdk8u65/4987/hotspot/src/share/vm/interpreter/linkResolver.cpp, line 1280]
Event: 12.481 Thread 0x00007fcbd6002800 Exception <a 'java/lang/ArrayIndexOutOfBoundsException'> (0x000000076c17f508) thrown at [/Users/java_re/workspace/8-2-build-macosx-x86_64/jdk8u65/4987/hotspot/src/share/vm/runtime/sharedRuntime.cpp, line 605]
Event: 12.481 Thread 0x00007fcbd6002800 Exception <a 'java/lang/ArrayIndexOutOfBoundsException'> (0x000000076c1809f0) thrown at [/Users/java_re/workspace/8-2-build-macosx-x86_64/jdk8u65/4987/hotspot/src/share/vm/runtime/sharedRuntime.cpp, line 605]
Event: 12.540 Thread 0x00007fcbd6002800 Implicit null exception at 0x0000000107fa9f35 to 0x0000000107faa2a1
Event: 23.187 Thread 0x00007fcbd6002800 Exception <a 'java/lang/ClassNotFoundException': com/sun/org/glassfish/hk2/osgiresourcelocator/ServiceLoader> (0x000000076c348040) thrown at [/Users/java_re/workspace/8-2-build-macosx-x86_64/jdk8u65/4987/hotspot/src/share/vm/classfile/systemDictionary.cpp
Event: 33.462 Thread 0x00007fcbd6002800 Implicit null exception at 0x00000001081fd2b5 to 0x00000001081fd4f5
Event: 43.734 Thread 0x00007fcbd6002800 Exception <a 'java/lang/NullPointerException'> (0x000000076caefe48) thrown at [/Users/java_re/workspace/8-2-build-macosx-x86_64/jdk8u65/4987/hotspot/src/share/vm/interpreter/linkResolver.cpp, line 1280]

Events (10 events):
Event: 44.699 Executing VM operation: RevokeBias
Event: 44.699 Executing VM operation: RevokeBias done
Event: 44.699 Executing VM operation: RevokeBias
Event: 44.699 Executing VM operation: RevokeBias done
Event: 44.699 Executing VM operation: RevokeBias
Event: 44.699 Executing VM operation: RevokeBias done
Event: 44.699 Executing VM operation: RevokeBias
Event: 44.699 Executing VM operation: RevokeBias done
Event: 44.699 Thread 0x00007fcbd494d000 Thread exited: 0x00007fcbd494d000
Event: 44.699 Executing VM operation: Exit


Dynamic libraries:
0x000000003b4e3000 	/System/Library/Frameworks/Cocoa.framework/Versions/A/Cocoa
0x000000003b4e3000 	/System/Library/Frameworks/Security.framework/Versions/A/Security
0x000000003b4e3000 	/System/Library/Frameworks/ApplicationServices.framework/Versions/A/ApplicationServices
0x000000003b4e3000 	/usr/lib/libz.1.dylib
0x000000003b4e3000 	/usr/lib/libSystem.B.dylib
0x000000003b4e3000 	/usr/lib/libobjc.A.dylib
0x000000003b4e3000 	/System/Library/Frameworks/CoreFoundation.framework/Versions/A/CoreFoundation
0x000000003b4e3000 	/System/Library/Frameworks/Foundation.framework/Versions/C/Foundation
0x000000003b4e3000 	/System/Library/Frameworks/AppKit.framework/Versions/C/AppKit
0x000000003b4e3000 	/System/Library/Frameworks/CoreData.framework/Versions/A/CoreData
0x000000003b4e3000 	/System/Library/PrivateFrameworks/RemoteViewServices.framework/Versions/A/RemoteViewServices
0x000000003b4e3000 	/System/Library/PrivateFrameworks/UIFoundation.framework/Versions/A/UIFoundation
0x000000003b4e3000 	/System/Library/PrivateFrameworks/DFRFoundation.framework/Versions/A/DFRFoundation
0x000000003b4e3000 	/usr/lib/libenergytrace.dylib
0x000000003b4e3000 	/System/Library/PrivateFrameworks/SkyLight.framework/Versions/A/SkyLight
0x000000003b4e3000 	/System/Library/Frameworks/CoreGraphics.framework/Versions/A/CoreGraphics
0x000000003b4e3000 	/usr/lib/libScreenReader.dylib
0x000000003b4e3000 	/System/Library/Frameworks/Accelerate.framework/Versions/A/Accelerate
0x000000003b4e3000 	/System/Library/Frameworks/IOSurface.framework/Versions/A/IOSurface
0x000000003b4e3000 	/System/Library/Frameworks/AudioToolbox.framework/Versions/A/AudioToolbox
0x000000003b4e3000 	/System/Library/Frameworks/AudioUnit.framework/Versions/A/AudioUnit
0x000000003b4e3000 	/System/Library/PrivateFrameworks/DataDetectorsCore.framework/Versions/A/DataDetectorsCore
0x000000003b4e3000 	/System/Library/PrivateFrameworks/DesktopServicesPriv.framework/Versions/A/DesktopServicesPriv
0x000000003b4e3000 	/System/Library/Frameworks/Carbon.framework/Versions/A/Frameworks/HIToolbox.framework/Versions/A/HIToolbox
0x000000003b4e3000 	/usr/lib/libicucore.A.dylib
0x000000003b4e3000 	/System/Library/Frameworks/QuartzCore.framework/Versions/A/QuartzCore
0x000000003b4e3000 	/System/Library/Frameworks/Carbon.framework/Versions/A/Frameworks/SpeechRecognition.framework/Versions/A/SpeechRecognition
0x000000003b4e3000 	/usr/lib/libauto.dylib
0x000000003b4e3000 	/usr/lib/libxml2.2.dylib
0x000000003b4e3000 	/System/Library/PrivateFrameworks/CoreUI.framework/Versions/A/CoreUI
0x000000003b4e3000 	/System/Library/Frameworks/CoreAudio.framework/Versions/A/CoreAudio
0x000000003b4e3000 	/System/Library/Frameworks/DiskArbitration.framework/Versions/A/DiskArbitration
0x000000003b4e3000 	/usr/lib/liblangid.dylib
0x000000003b4e3000 	/System/Library/PrivateFrameworks/MultitouchSupport.framework/Versions/A/MultitouchSupport
0x000000003b4e3000 	/System/Library/Frameworks/IOKit.framework/Versions/A/IOKit
0x000000003b4e3000 	/usr/lib/libDiagnosticMessagesClient.dylib
0x000000003b4e3000 	/System/Library/Frameworks/CoreServices.framework/Versions/A/CoreServices
0x000000003b4e3000 	/System/Library/PrivateFrameworks/PerformanceAnalysis.framework/Versions/A/PerformanceAnalysis
0x000000003b4e3000 	/System/Library/PrivateFrameworks/GenerationalStorage.framework/Versions/A/GenerationalStorage
0x000000003b4e3000 	/System/Library/Frameworks/OpenGL.framework/Versions/A/OpenGL
0x000000003b4e3000 	/System/Library/Frameworks/CoreImage.framework/Versions/A/CoreImage
0x000000003b4e3000 	/System/Library/Frameworks/CoreText.framework/Versions/A/CoreText
0x000000003b4e3000 	/System/Library/Frameworks/ImageIO.framework/Versions/A/ImageIO
0x000000003b4e3000 	/System/Library/PrivateFrameworks/Backup.framework/Versions/A/Backup
0x000000003b4e3000 	/usr/lib/libarchive.2.dylib
0x000000003b4e3000 	/System/Library/Frameworks/CFNetwork.framework/Versions/A/CFNetwork
0x000000003b4e3000 	/System/Library/Frameworks/SystemConfiguration.framework/Versions/A/SystemConfiguration
0x000000003b4e3000 	/usr/lib/libCRFSuite.dylib
0x000000003b4e3000 	/usr/lib/libc++.1.dylib
0x000000003b4e3000 	/usr/lib/libc++abi.dylib
0x000000003b4e3000 	/usr/lib/system/libcache.dylib
0x000000003b4e3000 	/usr/lib/system/libcommonCrypto.dylib
0x000000003b4e3000 	/usr/lib/system/libcompiler_rt.dylib
0x000000003b4e3000 	/usr/lib/system/libcopyfile.dylib
0x000000003b4e3000 	/usr/lib/system/libcorecrypto.dylib
0x000000003b4e3000 	/usr/lib/system/libdispatch.dylib
0x000000003b4e3000 	/usr/lib/system/libdyld.dylib
0x000000003b4e3000 	/usr/lib/system/libkeymgr.dylib
0x000000003b4e3000 	/usr/lib/system/liblaunch.dylib
0x000000003b4e3000 	/usr/lib/system/libmacho.dylib
0x000000003b4e3000 	/usr/lib/system/libquarantine.dylib
0x000000003b4e3000 	/usr/lib/system/libremovefile.dylib
0x000000003b4e3000 	/usr/lib/system/libsystem_asl.dylib
0x000000003b4e3000 	/usr/lib/system/libsystem_blocks.dylib
0x000000003b4e3000 	/usr/lib/system/libsystem_c.dylib
0x000000003b4e3000 	/usr/lib/system/libsystem_configuration.dylib
0x000000003b4e3000 	/usr/lib/system/libsystem_coreservices.dylib
0x000000003b4e3000 	/usr/lib/system/libsystem_coretls.dylib
0x000000003b4e3000 	/usr/lib/system/libsystem_dnssd.dylib
0x000000003b4e3000 	/usr/lib/system/libsystem_info.dylib
0x000000003b4e3000 	/usr/lib/system/libsystem_kernel.dylib
0x000000003b4e3000 	/usr/lib/system/libsystem_m.dylib
0x000000003b4e3000 	/usr/lib/system/libsystem_malloc.dylib
0x000000003b4e3000 	/usr/lib/system/libsystem_network.dylib
0x000000003b4e3000 	/usr/lib/system/libsystem_networkextension.dylib
0x000000003b4e3000 	/usr/lib/system/libsystem_notify.dylib
0x000000003b4e3000 	/usr/lib/system/libsystem_platform.dylib
0x000000003b4e3000 	/usr/lib/system/libsystem_pthread.dylib
0x000000003b4e3000 	/usr/lib/system/libsystem_sandbox.dylib
0x000000003b4e3000 	/usr/lib/system/libsystem_secinit.dylib
0x000000003b4e3000 	/usr/lib/system/libsystem_symptoms.dylib
0x000000003b4e3000 	/usr/lib/system/libsystem_trace.dylib
0x000000003b4e3000 	/usr/lib/system/libunwind.dylib
0x000000003b4e3000 	/usr/lib/system/libxpc.dylib
0x000000003b4e3000 	/usr/lib/libbsm.0.dylib
0x000000003b4e3000 	/usr/lib/system/libkxld.dylib
0x000000003b4e3000 	/usr/lib/libcoretls.dylib
0x000000003b4e3000 	/usr/lib/libcoretls_cfhelpers.dylib
0x000000003b4e3000 	/usr/lib/libOpenScriptingUtil.dylib
0x000000003b4e3000 	/usr/lib/libpam.2.dylib
0x000000003b4e3000 	/usr/lib/libsqlite3.dylib
0x000000003b4e3000 	/usr/lib/libxar.1.dylib
0x000000003b4e3000 	/usr/lib/libbz2.1.0.dylib
0x000000003b4e3000 	/usr/lib/liblzma.5.dylib
0x000000003b4e3000 	/usr/lib/libnetwork.dylib
0x000000003b4e3000 	/usr/lib/libpcap.A.dylib
0x000000003b4e3000 	/System/Library/Frameworks/CoreServices.framework/Versions/A/Frameworks/FSEvents.framework/Versions/A/FSEvents
0x000000003b4e3000 	/System/Library/Frameworks/CoreServices.framework/Versions/A/Frameworks/CarbonCore.framework/Versions/A/CarbonCore
0x000000003b4e3000 	/System/Library/Frameworks/CoreServices.framework/Versions/A/Frameworks/Metadata.framework/Versions/A/Metadata
0x000000003b4e3000 	/System/Library/Frameworks/CoreServices.framework/Versions/A/Frameworks/OSServices.framework/Versions/A/OSServices
0x000000003b4e3000 	/System/Library/Frameworks/CoreServices.framework/Versions/A/Frameworks/SearchKit.framework/Versions/A/SearchKit
0x000000003b4e3000 	/System/Library/Frameworks/CoreServices.framework/Versions/A/Frameworks/AE.framework/Versions/A/AE
0x000000003b4e3000 	/System/Library/Frameworks/CoreServices.framework/Versions/A/Frameworks/LaunchServices.framework/Versions/A/LaunchServices
0x000000003b4e3000 	/System/Library/Frameworks/CoreServices.framework/Versions/A/Frameworks/DictionaryServices.framework/Versions/A/DictionaryServices
0x000000003b4e3000 	/System/Library/Frameworks/CoreServices.framework/Versions/A/Frameworks/SharedFileList.framework/Versions/A/SharedFileList
0x000000003b4e3000 	/System/Library/Frameworks/NetFS.framework/Versions/A/NetFS
0x000000003b4e3000 	/System/Library/PrivateFrameworks/NetAuth.framework/Versions/A/NetAuth
0x000000003b4e3000 	/System/Library/PrivateFrameworks/login.framework/Versions/A/Frameworks/loginsupport.framework/Versions/A/loginsupport
0x000000003b4e3000 	/System/Library/PrivateFrameworks/TCC.framework/Versions/A/TCC
0x000000003b4e3000 	/usr/lib/libmecabra.dylib
0x000000003b4e3000 	/System/Library/Frameworks/ApplicationServices.framework/Versions/A/Frameworks/ATS.framework/Versions/A/ATS
0x000000003b4e3000 	/System/Library/Frameworks/ApplicationServices.framework/Versions/A/Frameworks/ColorSync.framework/Versions/A/ColorSync
0x000000003b4e3000 	/System/Library/Frameworks/ApplicationServices.framework/Versions/A/Frameworks/HIServices.framework/Versions/A/HIServices
0x000000003b4e3000 	/System/Library/Frameworks/ApplicationServices.framework/Versions/A/Frameworks/LangAnalysis.framework/Versions/A/LangAnalysis
0x000000003b4e3000 	/System/Library/Frameworks/ApplicationServices.framework/Versions/A/Frameworks/PrintCore.framework/Versions/A/PrintCore
0x000000003b4e3000 	/System/Library/Frameworks/ApplicationServices.framework/Versions/A/Frameworks/QD.framework/Versions/A/QD
0x000000003b4e3000 	/System/Library/Frameworks/ApplicationServices.framework/Versions/A/Frameworks/SpeechSynthesis.framework/Versions/A/SpeechSynthesis
0x000000003b4e3000 	/System/Library/Frameworks/Accelerate.framework/Versions/A/Frameworks/vImage.framework/Versions/A/vImage
0x000000003b4e3000 	/System/Library/Frameworks/Accelerate.framework/Versions/A/Frameworks/vecLib.framework/Versions/A/vecLib
0x000000003b4e3000 	/System/Library/Frameworks/Accelerate.framework/Versions/A/Frameworks/vecLib.framework/Versions/A/libvDSP.dylib
0x000000003b4e3000 	/System/Library/Frameworks/Accelerate.framework/Versions/A/Frameworks/vecLib.framework/Versions/A/libBNNS.dylib
0x000000003b4e3000 	/System/Library/Frameworks/Accelerate.framework/Versions/A/Frameworks/vecLib.framework/Versions/A/libQuadrature.dylib
0x000000003b4e3000 	/System/Library/Frameworks/Accelerate.framework/Versions/A/Frameworks/vecLib.framework/Versions/A/libvMisc.dylib
0x000000003b4e3000 	/System/Library/Frameworks/Accelerate.framework/Versions/A/Frameworks/vecLib.framework/Versions/A/libLAPACK.dylib
0x000000003b4e3000 	/System/Library/Frameworks/Accelerate.framework/Versions/A/Frameworks/vecLib.framework/Versions/A/libBLAS.dylib
0x000000003b4e3000 	/System/Library/Frameworks/Accelerate.framework/Versions/A/Frameworks/vecLib.framework/Versions/A/libLinearAlgebra.dylib
0x000000003b4e3000 	/System/Library/Frameworks/Accelerate.framework/Versions/A/Frameworks/vecLib.framework/Versions/A/libSparseBLAS.dylib
0x000000003b4e3000 	/System/Library/Frameworks/ApplicationServices.framework/Versions/A/Frameworks/ATS.framework/Versions/A/Resources/libFontParser.dylib
0x000000003b4e3000 	/System/Library/Frameworks/ApplicationServices.framework/Versions/A/Frameworks/ATS.framework/Versions/A/Resources/libFontRegistry.dylib
0x000000003b4e3000 	/System/Library/Frameworks/ImageIO.framework/Versions/A/Resources/libJPEG.dylib
0x000000003b4e3000 	/System/Library/Frameworks/ImageIO.framework/Versions/A/Resources/libTIFF.dylib
0x000000003b4e3000 	/System/Library/Frameworks/ImageIO.framework/Versions/A/Resources/libPng.dylib
0x000000003b4e3000 	/System/Library/Frameworks/ImageIO.framework/Versions/A/Resources/libGIF.dylib
0x000000003b4e3000 	/System/Library/Frameworks/ImageIO.framework/Versions/A/Resources/libJP2.dylib
0x000000003b4e3000 	/System/Library/Frameworks/ImageIO.framework/Versions/A/Resources/libRadiance.dylib
0x000000003b4e3000 	/usr/lib/libcompression.dylib
0x000000003b4e3000 	/System/Library/PrivateFrameworks/AppleJPEG.framework/Versions/A/AppleJPEG
0x000000003b4e3000 	/usr/lib/libcups.2.dylib
0x000000003b4e3000 	/System/Library/Frameworks/Kerberos.framework/Versions/A/Kerberos
0x000000003b4e3000 	/System/Library/Frameworks/GSS.framework/Versions/A/GSS
0x000000003b4e3000 	/usr/lib/libresolv.9.dylib
0x000000003b4e3000 	/usr/lib/libiconv.2.dylib
0x000000003b4e3000 	/System/Library/PrivateFrameworks/Heimdal.framework/Versions/A/Heimdal
0x000000003b4e3000 	/usr/lib/libheimdal-asn1.dylib
0x000000003b4e3000 	/System/Library/Frameworks/OpenDirectory.framework/Versions/A/OpenDirectory
0x000000003b4e3000 	/System/Library/PrivateFrameworks/CommonAuth.framework/Versions/A/CommonAuth
0x000000003b4e3000 	/System/Library/Frameworks/OpenDirectory.framework/Versions/A/Frameworks/CFOpenDirectory.framework/Versions/A/CFOpenDirectory
0x000000003b4e3000 	/System/Library/Frameworks/SecurityFoundation.framework/Versions/A/SecurityFoundation
0x000000003b4e3000 	/System/Library/PrivateFrameworks/LanguageModeling.framework/Versions/A/LanguageModeling
0x000000003b4e3000 	/usr/lib/libmarisa.dylib
0x000000003b4e3000 	/usr/lib/libChineseTokenizer.dylib
0x000000003b4e3000 	/usr/lib/libcmph.dylib
0x000000003b4e3000 	/System/Library/PrivateFrameworks/CoreEmoji.framework/Versions/A/CoreEmoji
0x000000003b4e3000 	/System/Library/Frameworks/ServiceManagement.framework/Versions/A/ServiceManagement
0x000000003b4e3000 	/usr/lib/libxslt.1.dylib
0x000000003b4e3000 	/System/Library/Frameworks/Carbon.framework/Versions/A/Frameworks/Ink.framework/Versions/A/Ink
0x000000003b4e3000 	/System/Library/PrivateFrameworks/TextureIO.framework/Versions/A/TextureIO
0x000000003b4e3000 	/System/Library/Frameworks/Metal.framework/Versions/A/Metal
0x000000003b4e3000 	/usr/lib/libate.dylib
0x000000003b4e3000 	/System/Library/PrivateFrameworks/GPUCompiler.framework/libmetal_timestamp.dylib
0x000000003b4e3000 	/System/Library/Frameworks/OpenGL.framework/Versions/A/Libraries/libCoreFSCache.dylib
0x000000003b4e3000 	/System/Library/PrivateFrameworks/IOAccelerator.framework/Versions/A/IOAccelerator
0x000000003b4e3000 	/System/Library/Frameworks/CoreVideo.framework/Versions/A/CoreVideo
0x000000003b4e3000 	/usr/lib/libFosl_dynamic.dylib
0x000000003b4e3000 	/System/Library/PrivateFrameworks/MetalPerformanceShaders.framework/Versions/A/MetalPerformanceShaders
0x000000003b4e3000 	/System/Library/PrivateFrameworks/FaceCore.framework/Versions/A/FaceCore
0x000000003b4e3000 	/System/Library/Frameworks/OpenCL.framework/Versions/A/OpenCL
0x000000003b4e3000 	/System/Library/Frameworks/OpenGL.framework/Versions/A/Libraries/libGLU.dylib
0x000000003b4e3000 	/System/Library/Frameworks/OpenGL.framework/Versions/A/Libraries/libGFXShared.dylib
0x000000003b4e3000 	/System/Library/Frameworks/OpenGL.framework/Versions/A/Libraries/libGL.dylib
0x000000003b4e3000 	/System/Library/Frameworks/OpenGL.framework/Versions/A/Libraries/libGLImage.dylib
0x000000003b4e3000 	/System/Library/Frameworks/OpenGL.framework/Versions/A/Libraries/libCVMSPluginSupport.dylib
0x000000003b4e3000 	/System/Library/Frameworks/OpenGL.framework/Versions/A/Libraries/libCoreVMClient.dylib
0x000000003b4e3000 	/System/Library/PrivateFrameworks/CrashReporterSupport.framework/Versions/A/CrashReporterSupport
0x000000003b4e3000 	/System/Library/PrivateFrameworks/Sharing.framework/Versions/A/Sharing
0x000000003b4e3000 	/System/Library/PrivateFrameworks/IconServices.framework/Versions/A/IconServices
0x000000003b4e3000 	/System/Library/PrivateFrameworks/ProtocolBuffer.framework/Versions/A/ProtocolBuffer
0x000000003b4e3000 	/System/Library/PrivateFrameworks/Apple80211.framework/Versions/A/Apple80211
0x000000003b4e3000 	/System/Library/Frameworks/CoreWLAN.framework/Versions/A/CoreWLAN
0x000000003b4e3000 	/System/Library/PrivateFrameworks/CoreUtils.framework/Versions/A/CoreUtils
0x000000003b4e3000 	/System/Library/Frameworks/IOBluetooth.framework/Versions/A/IOBluetooth
0x000000003b4e3000 	/System/Library/PrivateFrameworks/CoreWiFi.framework/Versions/A/CoreWiFi
0x000000003b4e3000 	/System/Library/Frameworks/CoreBluetooth.framework/Versions/A/CoreBluetooth
0x000000003b4e3000 	/System/Library/Frameworks/CoreDisplay.framework/Versions/A/CoreDisplay
0x000000003b4e3000 	/System/Library/PrivateFrameworks/IOPresentment.framework/Versions/A/IOPresentment
0x000000003b4e3000 	/System/Library/PrivateFrameworks/DSExternalDisplay.framework/Versions/A/DSExternalDisplay
0x000000003b4e3000 	/System/Library/PrivateFrameworks/DebugSymbols.framework/Versions/A/DebugSymbols
0x000000003b4e3000 	/System/Library/PrivateFrameworks/CoreSymbolication.framework/Versions/A/CoreSymbolication
0x000000003b4e3000 	/System/Library/PrivateFrameworks/Symbolication.framework/Versions/A/Symbolication
0x000000003b4e3000 	/System/Library/PrivateFrameworks/AppleFSCompression.framework/Versions/A/AppleFSCompression
0x000000003b4e3000 	/System/Library/PrivateFrameworks/SpeechRecognitionCore.framework/Versions/A/SpeechRecognitionCore
0x000000003b4e3000 	/System/Library/PrivateFrameworks/ChunkingLibrary.framework/Versions/A/ChunkingLibrary
0x0000000105f9e000 	/Library/Java/JavaVirtualMachines/jdk1.8.0_65.jdk/Contents/Home/jre/lib/server/libjvm.dylib
0x000000003b4e3000 	/usr/lib/libstdc++.6.dylib
0x0000000106f28000 	/Library/Java/JavaVirtualMachines/jdk1.8.0_65.jdk/Contents/Home/jre/lib/libverify.dylib
0x0000000106f36000 	/Library/Java/JavaVirtualMachines/jdk1.8.0_65.jdk/Contents/Home/jre/lib/libjava.dylib
0x0000000106f74000 	/Library/Java/JavaVirtualMachines/jdk1.8.0_65.jdk/Contents/Home/jre/lib/libzip.dylib
0x0000000107ce2000 	/System/Library/Frameworks/JavaVM.framework/Frameworks/JavaRuntimeSupport.framework/JavaRuntimeSupport
0x0000000121c65000 	/System/Library/Frameworks/JavaVM.framework/Versions/A/Frameworks/JavaNativeFoundation.framework/Versions/A/JavaNativeFoundation
0x0000000121c7a000 	/System/Library/Frameworks/JavaVM.framework/Versions/A/JavaVM
0x000000003b4e3000 	/System/Library/Frameworks/Carbon.framework/Versions/A/Carbon
0x0000000121c87000 	/System/Library/PrivateFrameworks/JavaLaunching.framework/Versions/A/JavaLaunching
0x000000003b4e3000 	/System/Library/Frameworks/Carbon.framework/Versions/A/Frameworks/CommonPanels.framework/Versions/A/CommonPanels
0x000000003b4e3000 	/System/Library/Frameworks/Carbon.framework/Versions/A/Frameworks/Help.framework/Versions/A/Help
0x000000003b4e3000 	/System/Library/Frameworks/Carbon.framework/Versions/A/Frameworks/ImageCapture.framework/Versions/A/ImageCapture
0x000000003b4e3000 	/System/Library/Frameworks/Carbon.framework/Versions/A/Frameworks/OpenScripting.framework/Versions/A/OpenScripting
0x000000003b4e3000 	/System/Library/Frameworks/Carbon.framework/Versions/A/Frameworks/Print.framework/Versions/A/Print
0x000000003b4e3000 	/System/Library/Frameworks/Carbon.framework/Versions/A/Frameworks/SecurityHI.framework/Versions/A/SecurityHI
0x0000000123e44000 	/Users/didierlasnier/.swt/lib/macosx/x86_64/libswt-cocoa-4629.jnilib
0x000000003b4e3000 	/System/Library/Frameworks/WebKit.framework/Versions/A/WebKit
0x000000003b4e3000 	/System/Library/Frameworks/JavaScriptCore.framework/Versions/A/JavaScriptCore
0x000000003b4e3000 	/System/Library/Frameworks/SecurityInterface.framework/Versions/A/SecurityInterface
0x000000003b4e3000 	/System/Library/Frameworks/WebKit.framework/Versions/A/Frameworks/WebKitLegacy.framework/Versions/A/WebKitLegacy
0x000000003b4e3000 	/System/Library/Frameworks/WebKit.framework/Versions/A/Frameworks/WebCore.framework/Versions/A/WebCore
0x0000000123e99000 	/Users/didierlasnier/.swt/lib/macosx/x86_64/libswt-pi-cocoa-4629.jnilib
0x000000003b4e3000 	/System/Library/PrivateFrameworks/CoreServicesInternal.framework/Versions/A/CoreServicesInternal
0x000000012409f000 	/System/Library/Frameworks/Accelerate.framework/Frameworks/vImage.framework/Versions/A/Libraries/libCGInterfaces.dylib
0x000000003b4e3000 	/System/Library/Frameworks/ApplicationServices.framework/Versions/A/Frameworks/ATS.framework/Versions/A/Resources/libTrueTypeScaler.dylib
0x000000003b4e3000 	/System/Library/PrivateFrameworks/FamilyControls.framework/Versions/A/FamilyControls
0x000000003b4e3000 	/System/Library/PrivateFrameworks/CommerceKit.framework/Versions/A/Frameworks/CommerceCore.framework/Versions/A/CommerceCore
0x000000003b4e3000 	/System/Library/PrivateFrameworks/SystemAdministration.framework/Versions/A/SystemAdministration
0x000000003b4e3000 	/System/Library/PrivateFrameworks/AppContainer.framework/Versions/A/AppContainer
0x000000003b4e3000 	/System/Library/PrivateFrameworks/SecCodeWrapper.framework/Versions/A/SecCodeWrapper
0x000000003b4e3000 	/System/Library/Frameworks/DirectoryService.framework/Versions/A/DirectoryService
0x000000003b4e3000 	/System/Library/PrivateFrameworks/DiskImages.framework/Versions/A/DiskImages
0x000000003b4e3000 	/System/Library/PrivateFrameworks/LoginUIKit.framework/Versions/A/Frameworks/LoginUICore.framework/Versions/A/LoginUICore
0x000000003b4e3000 	/usr/lib/libCoreStorage.dylib
0x000000003b4e3000 	/usr/lib/libcsfde.dylib
0x000000003b4e3000 	/usr/lib/libodfde.dylib
0x000000003b4e3000 	/System/Library/Frameworks/DiscRecording.framework/Versions/A/DiscRecording
0x000000003b4e3000 	/usr/lib/libcurl.4.dylib
0x000000003b4e3000 	/System/Library/PrivateFrameworks/MediaKit.framework/Versions/A/MediaKit
0x000000003b4e3000 	/System/Library/PrivateFrameworks/ProtectedCloudStorage.framework/Versions/A/ProtectedCloudStorage
0x000000003b4e3000 	/System/Library/PrivateFrameworks/EFILogin.framework/Versions/A/EFILogin
0x000000003b4e3000 	/usr/lib/libutil.dylib
0x000000003b4e3000 	/System/Library/Frameworks/LDAP.framework/Versions/A/LDAP
0x000000003b4e3000 	/usr/lib/libsasl2.2.dylib
0x000000003b4e3000 	/System/Library/PrivateFrameworks/CoreDaemon.framework/Versions/B/CoreDaemon
0x000000003b4e3000 	/System/Library/PrivateFrameworks/AppleSRP.framework/Versions/A/AppleSRP
0x000000003b4e3000 	/System/Library/PrivateFrameworks/APFS.framework/Versions/A/APFS
0x0000000129ae1000 	/System/Library/Frameworks/OpenGL.framework/Resources/GLEngine.bundle/GLEngine
0x000000003b4e3000 	/System/Library/Frameworks/OpenGL.framework/Versions/A/Libraries/libGLProgrammability.dylib
0x0000000129cc6000 	/System/Library/Extensions/AppleIntelBDWGraphicsGLDriver.bundle/Contents/MacOS/AppleIntelBDWGraphicsGLDriver
0x000000003b4e3000 	/System/Library/PrivateFrameworks/GPUSupport.framework/Versions/A/Libraries/libGPUSupportMercury.dylib
0x000000012a430000 	/System/Library/Frameworks/OpenGL.framework/Resources//GLRendererFloat.bundle/GLRendererFloat
0x000000003b4e3000 	/System/Library/Frameworks/OpenCL.framework/Versions/A/Libraries/libcldcpuengine.dylib
0x000000003b4e3000 	/usr/lib/libcrypto.0.9.8.dylib
0x000000003b4e3000 	/System/Library/PrivateFrameworks/TrustEvaluationAgent.framework/Versions/A/TrustEvaluationAgent
0x000000012a464000 	/System/Library/Extensions/AppleIntelBDWGraphicsMTLDriver.bundle/Contents/MacOS/AppleIntelBDWGraphicsMTLDriver
0x000000012abc7000 	/Library/Java/JavaVirtualMachines/jdk1.8.0_65.jdk/Contents/Home/jre/lib/libawt.dylib
0x000000012ac6f000 	/Library/Java/JavaVirtualMachines/jdk1.8.0_65.jdk/Contents/Home/jre/lib/./libmlib_image.dylib
0x000000012ad3b000 	/Library/Java/JavaVirtualMachines/jdk1.8.0_65.jdk/Contents/Home/jre/lib/libawt_lwawt.dylib
0x000000012adf0000 	/Library/Java/JavaVirtualMachines/jdk1.8.0_65.jdk/Contents/Home/jre/lib/./libosxapp.dylib
0x000000003b4e3000 	/System/Library/Frameworks/ExceptionHandling.framework/Versions/A/ExceptionHandling
0x000000012b00c000 	/Library/Java/JavaVirtualMachines/jdk1.8.0_65.jdk/Contents/Home/jre/lib/libfontmanager.dylib
0x000000012a5f1000 	/Library/Java/JavaVirtualMachines/jdk1.8.0_65.jdk/Contents/Home/jre/lib/libosxui.dylib
0x000000003b4e3000 	/System/Library/CoreServices/RawCamera.bundle/Contents/MacOS/RawCamera
0x000000003b4e3000 	/System/Library/PrivateFrameworks/FinderKit.framework/Versions/A/FinderKit
0x000000003b4e3000 	/System/Library/Frameworks/Quartz.framework/Versions/A/Frameworks/QuickLookUI.framework/Versions/A/QuickLookUI
0x000000003b4e3000 	/System/Library/Frameworks/Quartz.framework/Versions/A/Frameworks/ImageKit.framework/Versions/A/ImageKit
0x000000003b4e3000 	/System/Library/PrivateFrameworks/Bom.framework/Versions/A/Bom
0x000000003b4e3000 	/System/Library/Frameworks/QuickLook.framework/Versions/A/QuickLook
0x000000003b4e3000 	/System/Library/PrivateFrameworks/Suggestions.framework/Versions/A/Suggestions
0x000000003b4e3000 	/System/Library/PrivateFrameworks/AppleSystemInfo.framework/Versions/A/AppleSystemInfo
0x000000003b4e3000 	/System/Library/Frameworks/ImageCaptureCore.framework/Versions/A/ImageCaptureCore
0x000000003b4e3000 	/System/Library/Frameworks/SafariServices.framework/Versions/A/SafariServices
0x000000003b4e3000 	/System/Library/Frameworks/QTKit.framework/Versions/A/QTKit
0x000000003b4e3000 	/System/Library/PrivateFrameworks/MobileKeyBag.framework/Versions/A/MobileKeyBag
0x000000003b4e3000 	/System/Library/PrivateFrameworks/ViewBridge.framework/Versions/A/ViewBridge
0x000000003b4e3000 	/System/Library/PrivateFrameworks/XPCService.framework/Versions/A/XPCService
0x000000003b4e3000 	/System/Library/PrivateFrameworks/AppSandbox.framework/Versions/A/AppSandbox
0x000000003b4e3000 	/usr/lib/libsandbox.1.dylib
0x000000003b4e3000 	/usr/lib/libMatch.1.dylib
0x000000003b4e3000 	/System/Library/Frameworks/AVFoundation.framework/Versions/A/AVFoundation
0x000000003b4e3000 	/System/Library/Frameworks/CoreMedia.framework/Versions/A/CoreMedia
0x000000003b4e3000 	/System/Library/Frameworks/MediaToolbox.framework/Versions/A/MediaToolbox
0x000000003b4e3000 	/System/Library/Frameworks/VideoToolbox.framework/Versions/A/VideoToolbox
0x000000003b4e3000 	/System/Library/PrivateFrameworks/CoreMediaAuthoring.framework/Versions/A/CoreMediaAuthoring
0x000000003b4e3000 	/System/Library/Frameworks/CoreMediaIO.framework/Versions/A/CoreMediaIO
0x000000003b4e3000 	/System/Library/Frameworks/AVFoundation.framework/Versions/A/Frameworks/AVFAudio.framework/Versions/A/AVFAudio
0x000000003b4e3000 	/System/Library/PrivateFrameworks/IntlPreferences.framework/Versions/A/IntlPreferences
0x000000003b4e3000 	/usr/lib/libspindump.dylib
0x000000003b4e3000 	/usr/lib/libdscsym.dylib
0x000000003b4e3000 	/System/Library/PrivateFrameworks/CoreAVCHD.framework/Versions/A/CoreAVCHD
0x000000003b4e3000 	/System/Library/Frameworks/MediaAccessibility.framework/Versions/A/MediaAccessibility
0x000000003b4e3000 	/System/Library/PrivateFrameworks/Mangrove.framework/Versions/A/Mangrove
0x000000003b4e3000 	/System/Library/PrivateFrameworks/CoreAUC.framework/Versions/A/CoreAUC
0x000000003b4e3000 	/System/Library/PrivateFrameworks/AppleVA.framework/Versions/A/AppleVA
0x000000003b4e3000 	/System/Library/PrivateFrameworks/QuickLookThumbnailing.framework/Versions/A/QuickLookThumbnailing
0x000000003b4e3000 	/System/Library/PrivateFrameworks/DisplayServices.framework/Versions/A/DisplayServices
0x000000003b4e3000 	/System/Library/Frameworks/Quartz.framework/Versions/A/Frameworks/PDFKit.framework/Versions/A/PDFKit
0x000000003b4e3000 	/System/Library/Frameworks/Quartz.framework/Versions/A/Frameworks/QuartzComposer.framework/Versions/A/QuartzComposer
0x000000003b4e3000 	/System/Library/Frameworks/Quartz.framework/Versions/A/Frameworks/QuartzFilters.framework/Versions/A/QuartzFilters
0x000000003b4e3000 	/System/Library/PrivateFrameworks/CorePDF.framework/Versions/A/CorePDF
0x000000003b4e3000 	/System/Library/Frameworks/AddressBook.framework/Versions/A/AddressBook
0x000000003b4e3000 	/System/Library/PrivateFrameworks/ContactsPersistence.framework/Versions/A/ContactsPersistence
0x000000003b4e3000 	/System/Library/PrivateFrameworks/CalendarAgentLink.framework/Versions/A/CalendarAgentLink
0x000000003b4e3000 	/System/Library/PrivateFrameworks/ContactsFoundation.framework/Versions/A/ContactsFoundation
0x000000003b4e3000 	/System/Library/PrivateFrameworks/vCard.framework/Versions/A/vCard
0x000000003b4e3000 	/System/Library/PrivateFrameworks/ToneLibrary.framework/Versions/A/ToneLibrary
0x000000003b4e3000 	/System/Library/PrivateFrameworks/ToneKit.framework/Versions/A/ToneKit
0x000000003b4e3000 	/System/Library/PrivateFrameworks/ApplePushService.framework/Versions/A/ApplePushService
0x000000003b4e3000 	/System/Library/PrivateFrameworks/PhoneNumbers.framework/Versions/A/PhoneNumbers
0x000000003b4e3000 	/System/Library/Frameworks/Quartz.framework/Versions/A/Quartz
0x000000003b4e3000 	/System/Library/Frameworks/Accounts.framework/Versions/A/Accounts
0x000000003b4e3000 	/System/Library/PrivateFrameworks/OAuth.framework/Versions/A/OAuth
0x000000003b4e3000 	/System/Library/PrivateFrameworks/CacheDelete.framework/Versions/A/CacheDelete
0x000000003b4e3000 	/System/Library/PrivateFrameworks/CloudDocs.framework/Versions/A/CloudDocs
0x000000003b4e3000 	/System/Library/Frameworks/CloudKit.framework/Versions/A/CloudKit
0x000000003b4e3000 	/System/Library/PrivateFrameworks/MMCS.framework/Versions/A/MMCS
0x000000003b4e3000 	/System/Library/Frameworks/CoreLocation.framework/Versions/A/CoreLocation
0x000000003b4e3000 	/System/Library/PrivateFrameworks/AssetCacheServices.framework/Versions/A/AssetCacheServices
0x000000003b4e3000 	/System/Library/PrivateFrameworks/GeoServices.framework/Versions/A/GeoServices
0x000000003b4e3000 	/System/Library/PrivateFrameworks/PlugInKit.framework/Versions/A/PlugInKit
0x000000012c998000 	/System/Library/Filesystems/NetFSPlugins/afp.bundle/Contents/MacOS/afp
0x000000012c9a7000 	/System/Library/PrivateFrameworks/AppleShareClientCore.framework/Versions/A/AppleShareClientCore
0x000000003b4e3000 	/System/Library/PrivateFrameworks/KerberosHelper.framework/Versions/A/KerberosHelper
0x000000003b4e3000 	/System/Library/PrivateFrameworks/iLifeMediaBrowser.framework/Versions/A/iLifeMediaBrowser
0x000000003b4e3000 	/System/Library/Frameworks/AVKit.framework/Versions/A/AVKit
0x000000003b4e3000 	/System/Library/PrivateFrameworks/MediaRemote.framework/Versions/A/MediaRemote
0x000000003b4e3000 	/System/Library/PrivateFrameworks/MediaServices.framework/Versions/A/MediaServices
0x000000012f0e9000 	/System/Library/Frameworks/Security.framework/PlugIns/csparser.bundle/Contents/MacOS/csparser
0x000000013099c000 	/System/Library/Frameworks/Quartz.framework/Versions/A/Frameworks/QuickLookUI.framework/Versions/A/PlugIns/Web2.qldisplay/Contents/MacOS/Web2
0x000000003b4e3000 	/System/Library/PrivateFrameworks/ShareKit.framework/Versions/A/ShareKit
0x000000003b4e3000 	/System/Library/Frameworks/Social.framework/Versions/A/Social
0x000000003b4e3000 	/System/Library/PrivateFrameworks/AccountsUI.framework/Versions/A/AccountsUI
0x000000003b4e3000 	/System/Library/PrivateFrameworks/AccountsDaemon.framework/Versions/A/AccountsDaemon
0x000000012fa5e000 	/System/Library/Frameworks/Quartz.framework/Versions/A/Frameworks/QuickLookUI.framework/Versions/A/PlugIns/Generic.qldisplay/Contents/MacOS/Generic
0x000000012fa71000 	/System/Library/PrivateFrameworks/Lookup.framework/Lookup
0x000000003b4e3000 	/System/Library/PrivateFrameworks/DataDetectors.framework/Versions/A/DataDetectors
0x000000003b4e3000 	/System/Library/PrivateFrameworks/Shortcut.framework/Versions/A/Shortcut
0x000000003b4e3000 	/System/Library/PrivateFrameworks/HelpData.framework/Versions/A/HelpData

VM Arguments:
jvm_args: -Dfile.encoding=UTF-8 
java_command: com.dlas.gui.EcranAccueil
java_class_path (initial): /Volumes/LaCie/ProjetDev/WrkSpaceEclipse/WyccExcel/bin:/Volumes/LaCie/ProjetDev/WrkSpaceEclipse/WyccExcel/lib/log4j-1.2.17.jar:/Volumes/LaCie/ProjetDev/WrkSpaceEclipse/WyccExcel/lib/opencsv-3.8.jar:/Volumes/LaCie/ProjetDev/WrkSpaceEclipse/WyccExcel/lib/gson-2.2.2.jar:/Volumes/LaCie/ProjetDev/WrkSpaceEclipse/WyccExcel/lib/commons-collections4-4.1.jar:/Volumes/LaCie/ProjetDev/WrkSpaceEclipse/WyccExcel/lib/hibernate-core-5.2.6.Final.jar:/Volumes/LaCie/ProjetDev/WrkSpaceEclipse/WyccExcel/lib/xmlbeans-2.6.0.jar:/Volumes/LaCie/ProjetDev/WrkSpaceEclipse/WyccExcel/lib/curvesapi-1.04.jar:/Volumes/LaCie/ProjetDev/WrkSpaceEclipse/WyccExcel/lib/antlr-2.7.7.jar:/Volumes/LaCie/ProjetDev/WrkSpaceEclipse/WyccExcel/lib/classmate-1.3.0.jar:/Volumes/LaCie/ProjetDev/WrkSpaceEclipse/WyccExcel/lib/dom4j-1.6.1.jar:/Volumes/LaCie/ProjetDev/WrkSpaceEclipse/WyccExcel/lib/geronimo-jta_1.1_spec-1.1.1.jar:/Volumes/LaCie/ProjetDev/WrkSpaceEclipse/WyccExcel/lib/hibernate-commons-annotations-5.0.1.Final.jar:/Volumes/LaCie/ProjetDev/WrkSpaceEclipse/WyccExcel/lib/hibernate-jpa-2.1-api-1.0.0.Final.jar:/Volumes/LaCie/ProjetDev/WrkSpaceEclipse/WyccExcel/lib/jandex-2.0.0.Final.jar:/Volumes/LaCie/ProjetDev/WrkSpaceEclipse/WyccExcel/lib/javassist-3.20.0-GA.jar:/Volumes/LaCie/ProjetDev/WrkSpaceEclipse/WyccExcel/lib/jboss-logging-3.3.0.Final.jar:/Volumes/LaCie/ProjetDev/WrkSpaceEclipse/WyccExcel/lib/hsqldb.jar:/Volumes/LaCie/ProjetDev/WrkSpaceEclipse/WyccExcel/lib/commons-lang3-3.5.jar:/Volumes/LaCie/ProjetDev/WrkSpaceEclipse/WyccExcel/lib/miglayout-swing.jar:/Volumes/LaCie/ProjetDev/WrkSpaceEclipse/WyccExcel/lib/miglayout-core.jar:/Volumes/LaCie/ProjetDev/WrkSpaceEclipse/WyccExcel/lib/com.ibm.icu-4.4.2.jar:/Volumes/LaCie/ProjetDev/WrkSpaceEclipse/WyccExcel/lib/org.eclipse.core.commands_3.8.1.v20161221-1651.jar:/Volumes/LaCie/ProjetDev/WrkSpaceEclipse/WyccExcel/lib/org.eclipse.equinox.common_3.8.0.v20160509-1230.jar:/Volumes/LaCie/ProjetDev/WrkSpaceEclipse/WyccExcel/lib/org.ecli
Launcher Type: SUN_STANDARD

Environment Variables:
PATH=/usr/bin:/bin:/usr/sbin:/sbin
SHELL=/bin/bash

Signal Handlers:
SIGSEGV: [libjvm.dylib+0x5a6d31], sa_mask[0]=11111111011111110111111111111111, sa_flags=SA_ONSTACK|SA_RESTART|SA_SIGINFO
SIGBUS: [libjvm.dylib+0x5a6d31], sa_mask[0]=11111111011111110111111111111111, sa_flags=SA_RESTART|SA_SIGINFO
SIGFPE: [libjvm.dylib+0x480a40], sa_mask[0]=11111111011111110111111111111111, sa_flags=SA_RESTART|SA_SIGINFO
SIGPIPE: [libjvm.dylib+0x480a40], sa_mask[0]=11111111011111110111111111111111, sa_flags=SA_RESTART|SA_SIGINFO
SIGXFSZ: [libjvm.dylib+0x480a40], sa_mask[0]=11111111011111110111111111111111, sa_flags=SA_RESTART|SA_SIGINFO
SIGILL: [libjvm.dylib+0x480a40], sa_mask[0]=11111111011111110111111111111111, sa_flags=SA_RESTART|SA_SIGINFO
SIGUSR1: SIG_DFL, sa_mask[0]=00000000000000000000000000000000, sa_flags=none
SIGUSR2: [libjvm.dylib+0x48055e], sa_mask[0]=00100000000000000000000000000000, sa_flags=SA_RESTART|SA_SIGINFO
SIGHUP: [libjvm.dylib+0x47eb35], sa_mask[0]=11111111011111110111111111111111, sa_flags=SA_RESTART|SA_SIGINFO
SIGINT: [libjvm.dylib+0x47eb35], sa_mask[0]=11111111011111110111111111111111, sa_flags=SA_RESTART|SA_SIGINFO
SIGTERM: [libjvm.dylib+0x47eb35], sa_mask[0]=11111111011111110111111111111111, sa_flags=SA_RESTART|SA_SIGINFO
SIGQUIT: [libjvm.dylib+0x47eb35], sa_mask[0]=11111111011111110111111111111111, sa_flags=SA_RESTART|SA_SIGINFO


---------------  S Y S T E M  ---------------

OS:Bsduname:Darwin 16.6.0 Darwin Kernel Version 16.6.0: Fri Apr 14 16:21:16 PDT 2017; root:xnu-3789.60.24~6/RELEASE_X86_64 x86_64
rlimit: STACK 8192k, CORE 0k, NPROC 709, NOFILE 10240, AS infinity
load average:2.69 3.08 2.43

CPU:total 4 (2 cores per cpu, 2 threads per core) family 6 model 61 stepping 4, cmov, cx8, fxsr, mmx, sse, sse2, sse3, ssse3, sse4.1, sse4.2, popcnt, avx, avx2, aes, clmul, erms, 3dnowpref, lzcnt, ht, tsc, tscinvbit, bmi1, bmi2, adx

Memory: 4k page, physical 16777216k(127256k free)

/proc/meminfo:


vm_info: Java HotSpot(TM) 64-Bit Server VM (25.65-b01) for bsd-amd64 JRE (1.8.0_65-b17), built on Oct  6 2015 15:36:46 by "java_re" with gcc 4.2.1 (Based on Apple Inc. build 5658) (LLVM build 2336.11.00)

time: Sat May 27 11:26:27 2017
elapsed time: 44 seconds (0d 0h 0m 44s)

