#
# A fatal error has been detected by the Java Runtime Environment:
#
#  SIGSEGV (0xb) at pc=0x00000001264ef75b, pid=41531, tid=10755
#
# JRE version: Java(TM) SE Runtime Environment (8.0_65-b17) (build 1.8.0_65-b17)
# Java VM: Java HotSpot(TM) 64-Bit Server VM (25.65-b01 mixed mode bsd-amd64 compressed oops)
# Problematic frame:
# C  [libswt-cocoa-4628.jnilib+0x275b]  callback+0x31b
#
# Failed to write core dump. Core dumps have been disabled. To enable core dumping, try "ulimit -c unlimited" before starting Java again
#
# If you would like to submit a bug report, please visit:
#   http://bugreport.java.com/bugreport/crash.jsp
#

---------------  T H R E A D  ---------------

Current thread (0x00007fee1e00d000):  VMThread [stack: 0x000070000954b000,0x000070000964b000] [id=10755]

siginfo: si_signo: 11 (SIGSEGV), si_code: 1 (SEGV_MAPERR), si_addr: 0x0000000000000078

Registers:
RAX=0x0000000000000000, RBX=0x00007fee20a53430, RCX=0x00000001089e2975, RDX=0x0000000000000001
RSP=0x000070000964a660, RBP=0x000070000964a8b0, RSI=0x0000000000000000, RDI=0x0000000000000000
R8 =0x0000000000000002, R9 =0xa2de96f26e91002d, R10=0x00007fee1c65a440, R11=0x00007fee1e444eb0
R12=0x00007fffe2120b40, R13=0x00007fffe2120b40, R14=0x0000000000000000, R15=0x0000000000000000
RIP=0x00000001264ef75b, EFLAGS=0x0000000000010202, ERR=0x0000000000000004
  TRAPNO=0x000000000000000e

Top of Stack: (sp=0x000070000964a660)
0x000070000964a660:   00007fffeb7af280 000000011c6166b0
0x000070000964a670:   000070000964a690 ffff8011e39e9740
0x000070000964a680:   00007fee1d050f60 00007fee1c6166b0
0x000070000964a690:   0000000000000000 000070000964a718
0x000070000964a6a0:   00007fee1c6166b0 00007fee1c60dd80
0x000070000964a6b0:   0000000000000000 00000000eb83e060
0x000070000964a6c0:   00000001089e2975 fffffffecd4d06a0
0x000070000964a6d0:   00007fee1c64b610 00007fffcbc157ab
0x000070000964a6e0:   0000000000000000 0000000000000003
0x000070000964a6f0:   0000000000000000 000000000964a760
0x000070000964a700:   0000000000000000 0000000000000000
0x000070000964a710:   0000000000000000 0000000000000000
0x000070000964a720:   00007fee1c617e60 00007fee1c617f60
0x000070000964a730:   00007fee1c617e60 00007fee1c617f60
0x000070000964a740:   00007fee1c6183b0 00007fee1c618570
0x000070000964a750:   000000004683ebce 0000000000000000
0x000070000964a760:   0000000000000000 0000000000000000
0x000070000964a770:   0000000000000000 0000000000000000
0x000070000964a780:   00007fffeb6f52ec 00007fee1c64b610
0x000070000964a790:   00007fffcbc157ab 0000000000000000
0x000070000964a7a0:   0000000000000003 0000000000000000
0x000070000964a7b0:   00007fffe7bd0088 0000000000000000
0x000070000964a7c0:   000070000964a7e0 00007fffe21226c9
0x000070000964a7d0:   0000000000002a03 00007fffe7cf0118
0x000070000964a7e0:   000070000964a840 00007fffe2121c4e
0x000070000964a7f0:   00007fffeb7af300 ffff8011e3a21720
0x000070000964a800:   00007fee20a58910 00007fee20a53430
0x000070000964a810:   0000000008388a00 000070000964a9a0
0x000070000964a820:   0000000000000000 00007fffe2120b40
0x000070000964a830:   00000000000000f8 00007fffcbc08e75
0x000070000964a840:   000070000964a910 00000000e21215d4
0x000070000964a850:   0000000000000000 0000000000000000 

Instructions: (pc=0x00000001264ef75b)
0x00000001264ef73b:   00 e9 00 00 00 00 48 81 7d c8 00 00 00 00 0f 85
0x00000001264ef74b:   05 00 00 00 e9 34 03 00 00 48 8b 45 c8 48 8b 00
0x00000001264ef75b:   48 8b 40 78 48 8b 7d c8 ff d0 48 89 45 a0 48 3d
0x00000001264ef76b:   00 00 00 00 0f 84 1d 00 00 00 48 8b 45 c8 48 8b 

Register to memory mapping:

RAX=0x0000000000000000 is an unknown value
RBX=0x00007fee20a53430 is an unknown value
RCX=0x00000001089e2975: jni_AttachCurrentThreadAsDaemon+0 in /Library/Java/JavaVirtualMachines/jdk1.8.0_65.jdk/Contents/Home/jre/lib/server/libjvm.dylib at 0x00000001086c2000
RDX=0x0000000000000001 is an unknown value
RSP=0x000070000964a660 is an unknown value
RBP=0x000070000964a8b0 is an unknown value
RSI=0x0000000000000000 is an unknown value
RDI=0x0000000000000000 is an unknown value
R8 =0x0000000000000002 is an unknown value
R9 =0xa2de96f26e91002d is an unknown value
R10=0x00007fee1c65a440 is an unknown value
R11=0x00007fee1e444eb0 is an unknown value
R12=0x00007fffe2120b40: objc_msgSend+0 in /usr/lib/libobjc.A.dylib at 0x00007fffe211a000
R13=0x00007fffe2120b40: objc_msgSend+0 in /usr/lib/libobjc.A.dylib at 0x00007fffe211a000
R14=0x0000000000000000 is an unknown value
R15=0x0000000000000000 is an unknown value


Stack: [0x000070000954b000,0x000070000964b000],  sp=0x000070000964a660,  free space=1021k
Native frames: (J=compiled Java code, j=interpreted, Vv=VM code, C=native code)
C  [libswt-cocoa-4628.jnilib+0x275b]  callback+0x31b
C  [libswt-cocoa-4628.jnilib+0x52d3]  fn0_2+0x23
C  [AppKit+0x181d9c]  -[NSWindow orderWindow:relativeTo:]+0x76
C  [AppKit+0x2de684]  __18-[NSWindow _close]_block_invoke+0x209
C  [AppKit+0x2de42c]  -[NSWindow _close]+0x16d
C  [FinderKit+0xa87f9]  -[FI_TFloatingInputWindowController dealloc]+0x3b
C  [libobjc.A.dylib+0xedb7]  objc_object::sidetable_release(bool)+0x11d
C  [AppKit+0x56df5]  -[NSWindowController release]+0x9b
C  [FinderKit+0xa84e4]  TNSRef<FI_TFloatingInputWindowController*, void>::~TNSRef()+0x14
C  [libsystem_c.dylib+0x60178]  __cxa_finalize_ranges+0x14c
C  [libsystem_c.dylib+0x604b2]  exit+0x37
V  [libjvm.dylib+0x2e926a]  vm_exit(int)+0x0
V  [libjvm.dylib+0x5ae00d]  VM_Operation::evaluate()+0x4f
V  [libjvm.dylib+0x5ac677]  VMThread::evaluate_operation(VM_Operation*)+0xdf
V  [libjvm.dylib+0x5acac4]  VMThread::loop()+0x328
V  [libjvm.dylib+0x5ac3e3]  VMThread::run()+0x79
V  [libjvm.dylib+0x48342e]  java_start(Thread*)+0xf6
C  [libsystem_pthread.dylib+0x3aab]  _pthread_body+0xb4
C  [libsystem_pthread.dylib+0x39f7]  _pthread_body+0x0
C  [libsystem_pthread.dylib+0x31fd]  thread_start+0xd

VM_Operation (0x0000700009138658): Exit, mode: safepoint, requested by thread 0x00007fee1d20a000


---------------  P R O C E S S  ---------------

Java Threads: ( => current thread )
  0x00007fee1d20a000 JavaThread "SIGTERM handler" daemon [_thread_blocked, id=66595, stack(0x0000700009039000,0x0000700009139000)]
  0x00007fee1d803000 JavaThread "DestroyJavaVM" [_thread_blocked, id=775, stack(0x00007fff57097000,0x00007fff57897000)]
  0x00007fee1e4e5000 JavaThread "pool-1-thread-1" [_thread_blocked, id=72971, stack(0x000070000a2fe000,0x000070000a3fe000)]
  0x00007fee1dd7b000 JavaThread "HSQLDB Timer @7bf3a5d8" daemon [_thread_blocked, id=100107, stack(0x000070000a1fb000,0x000070000a2fb000)]
  0x00007fee1d032000 JavaThread "Service Thread" daemon [_thread_blocked, id=17923, stack(0x0000700009c60000,0x0000700009d60000)]
  0x00007fee1d044000 JavaThread "C1 CompilerThread2" daemon [_thread_blocked, id=17411, stack(0x0000700009b5d000,0x0000700009c5d000)]
  0x00007fee1d043000 JavaThread "C2 CompilerThread1" daemon [_thread_blocked, id=16899, stack(0x0000700009a5a000,0x0000700009b5a000)]
  0x00007fee1e012000 JavaThread "C2 CompilerThread0" daemon [_thread_blocked, id=16387, stack(0x0000700009957000,0x0000700009a57000)]
  0x00007fee1c800000 JavaThread "Signal Dispatcher" daemon [_thread_blocked, id=15883, stack(0x0000700009854000,0x0000700009954000)]
  0x00007fee1c803800 JavaThread "Finalizer" daemon [_thread_blocked, id=11779, stack(0x0000700009751000,0x0000700009851000)]
  0x00007fee1d80c800 JavaThread "Reference Handler" daemon [_thread_blocked, id=11267, stack(0x000070000964e000,0x000070000974e000)]

Other Threads:
=>0x00007fee1e00d000 VMThread [stack: 0x000070000954b000,0x000070000964b000] [id=10755]

VM state:at safepoint (shutting down)

VM Mutex/Monitor currently owned by a thread:  ([mutex/lock_event])
[0x00007fee1c60fc20] Threads_lock - owner thread: 0x00007fee1e00d000

Heap:
 PSYoungGen      total 76288K, used 18295K [0x000000076ab00000, 0x0000000773580000, 0x00000007c0000000)
  eden space 65536K, 11% used [0x000000076ab00000,0x000000076b28a520,0x000000076eb00000)
  from space 10752K, 98% used [0x000000076eb00000,0x000000076f553838,0x000000076f580000)
  to   space 10752K, 0% used [0x0000000772b00000,0x0000000772b00000,0x0000000773580000)
 ParOldGen       total 84992K, used 9773K [0x00000006c0000000, 0x00000006c5300000, 0x000000076ab00000)
  object space 84992K, 11% used [0x00000006c0000000,0x00000006c098b410,0x00000006c5300000)
 Metaspace       used 31583K, capacity 32158K, committed 32512K, reserved 1077248K
  class space    used 3887K, capacity 4009K, committed 4096K, reserved 1048576K

Card table byte_map: [0x00000001193c0000,0x0000000119bc1000] byte_map_base: 0x0000000115dc0000

Marking Bits: (ParMarkBitMap*) 0x0000000108fa0e20
 Begin Bits: [0x000000011a117000, 0x000000011e117000)
 End Bits:   [0x000000011e117000, 0x0000000122117000)

Polling page: 0x000000010842a000

CodeCache: size=245760Kb used=7112Kb max_used=7182Kb free=238647Kb
 bounds [0x000000010a000000, 0x000000010a710000, 0x0000000119000000]
 total_blobs=2840 nmethods=2241 adapters=512
 compilation: enabled

Compilation events (10 events):
Event: 14.113 Thread 0x00007fee1d044000 2251       3       java.nio.CharBuffer::arrayOffset (35 bytes)
Event: 14.114 Thread 0x00007fee1d044000 nmethod 2251 0x000000010a706a50 code [0x000000010a706be0, 0x000000010a706ef8]
Event: 14.114 Thread 0x00007fee1d044000 2252       3       java.nio.charset.CoderResult::isUnderflow (13 bytes)
Event: 14.114 Thread 0x00007fee1d044000 nmethod 2252 0x000000010a7066d0 code [0x000000010a706840, 0x000000010a7069f0]
Event: 73.851 Thread 0x00007fee1d044000 2254  s    3       org.hsqldb.lib.HsqlTimer$Task::getNextScheduled (5 bytes)
Event: 73.852 Thread 0x00007fee1d044000 nmethod 2254 0x000000010a6fef10 code [0x000000010a6ff080, 0x000000010a6ff330]
Event: 73.852 Thread 0x00007fee1d044000 2255  s    3       org.hsqldb.lib.HsqlTimer$TaskQueue::peekTask (42 bytes)
Event: 73.853 Thread 0x00007fee1d044000 nmethod 2255 0x000000010a6fe210 code [0x000000010a6fe3c0, 0x000000010a6febe8]
Event: 127.765 Thread 0x00007fee1d044000 2257       1       java.util.logging.LogManager::access$500 (5 bytes)
Event: 127.765 Thread 0x00007fee1d044000 nmethod 2257 0x000000010a6fdbd0 code [0x000000010a6fdd20, 0x000000010a6fde10]

GC Heap History (8 events):
Event: 12.848 GC heap before
{Heap before GC invocations=1 (full 0):
 PSYoungGen      total 76288K, used 65536K [0x000000076ab00000, 0x0000000770000000, 0x00000007c0000000)
  eden space 65536K, 100% used [0x000000076ab00000,0x000000076eb00000,0x000000076eb00000)
  from space 10752K, 0% used [0x000000076f580000,0x000000076f580000,0x0000000770000000)
  to   space 10752K, 0% used [0x000000076eb00000,0x000000076eb00000,0x000000076f580000)
 ParOldGen       total 175104K, used 0K [0x00000006c0000000, 0x00000006cab00000, 0x000000076ab00000)
  object space 175104K, 0% used [0x00000006c0000000,0x00000006c0000000,0x00000006cab00000)
 Metaspace       used 11975K, capacity 12420K, committed 12672K, reserved 1060864K
  class space    used 1424K, capacity 1559K, committed 1664K, reserved 1048576K
Event: 12.858 GC heap after
Heap after GC invocations=1 (full 0):
 PSYoungGen      total 76288K, used 9675K [0x000000076ab00000, 0x0000000770000000, 0x00000007c0000000)
  eden space 65536K, 0% used [0x000000076ab00000,0x000000076ab00000,0x000000076eb00000)
  from space 10752K, 89% used [0x000000076eb00000,0x000000076f472c70,0x000000076f580000)
  to   space 10752K, 0% used [0x000000076f580000,0x000000076f580000,0x0000000770000000)
 ParOldGen       total 175104K, used 30K [0x00000006c0000000, 0x00000006cab00000, 0x000000076ab00000)
  object space 175104K, 0% used [0x00000006c0000000,0x00000006c0007bf8,0x00000006cab00000)
 Metaspace       used 11975K, capacity 12420K, committed 12672K, reserved 1060864K
  class space    used 1424K, capacity 1559K, committed 1664K, reserved 1048576K
}
Event: 13.217 GC heap before
{Heap before GC invocations=2 (full 0):
 PSYoungGen      total 76288K, used 57369K [0x000000076ab00000, 0x0000000770000000, 0x00000007c0000000)
  eden space 65536K, 72% used [0x000000076ab00000,0x000000076d993a50,0x000000076eb00000)
  from space 10752K, 89% used [0x000000076eb00000,0x000000076f472c70,0x000000076f580000)
  to   space 10752K, 0% used [0x000000076f580000,0x000000076f580000,0x0000000770000000)
 ParOldGen       total 175104K, used 30K [0x00000006c0000000, 0x00000006cab00000, 0x000000076ab00000)
  object space 175104K, 0% used [0x00000006c0000000,0x00000006c0007bf8,0x00000006cab00000)
 Metaspace       used 20592K, capacity 21090K, committed 21248K, reserved 1067008K
  class space    used 2648K, capacity 2777K, committed 2816K, reserved 1048576K
Event: 13.232 GC heap after
Heap after GC invocations=2 (full 0):
 PSYoungGen      total 76288K, used 9959K [0x000000076ab00000, 0x0000000774000000, 0x00000007c0000000)
  eden space 65536K, 0% used [0x000000076ab00000,0x000000076ab00000,0x000000076eb00000)
  from space 10752K, 92% used [0x000000076f580000,0x000000076ff39e38,0x0000000770000000)
  to   space 10752K, 0% used [0x000000076eb00000,0x000000076eb00000,0x000000076f580000)
 ParOldGen       total 175104K, used 103K [0x00000006c0000000, 0x00000006cab00000, 0x000000076ab00000)
  object space 175104K, 0% used [0x00000006c0000000,0x00000006c0019c08,0x00000006cab00000)
 Metaspace       used 20592K, capacity 21090K, committed 21248K, reserved 1067008K
  class space    used 2648K, capacity 2777K, committed 2816K, reserved 1048576K
}
Event: 13.232 GC heap before
{Heap before GC invocations=3 (full 1):
 PSYoungGen      total 76288K, used 9959K [0x000000076ab00000, 0x0000000774000000, 0x00000007c0000000)
  eden space 65536K, 0% used [0x000000076ab00000,0x000000076ab00000,0x000000076eb00000)
  from space 10752K, 92% used [0x000000076f580000,0x000000076ff39e38,0x0000000770000000)
  to   space 10752K, 0% used [0x000000076eb00000,0x000000076eb00000,0x000000076f580000)
 ParOldGen       total 175104K, used 103K [0x00000006c0000000, 0x00000006cab00000, 0x000000076ab00000)
  object space 175104K, 0% used [0x00000006c0000000,0x00000006c0019c08,0x00000006cab00000)
 Metaspace       used 20592K, capacity 21090K, committed 21248K, reserved 1067008K
  class space    used 2648K, capacity 2777K, committed 2816K, reserved 1048576K
Event: 13.272 GC heap after
Heap after GC invocations=3 (full 1):
 PSYoungGen      total 76288K, used 0K [0x000000076ab00000, 0x0000000774000000, 0x00000007c0000000)
  eden space 65536K, 0% used [0x000000076ab00000,0x000000076ab00000,0x000000076eb00000)
  from space 10752K, 0% used [0x000000076f580000,0x000000076f580000,0x0000000770000000)
  to   space 10752K, 0% used [0x000000076eb00000,0x000000076eb00000,0x000000076f580000)
 ParOldGen       total 84992K, used 9765K [0x00000006c0000000, 0x00000006c5300000, 0x000000076ab00000)
  object space 84992K, 11% used [0x00000006c0000000,0x00000006c0989410,0x00000006c5300000)
 Metaspace       used 20592K, capacity 21090K, committed 21248K, reserved 1067008K
  class space    used 2648K, capacity 2777K, committed 2816K, reserved 1048576K
}
Event: 14.054 GC heap before
{Heap before GC invocations=4 (full 1):
 PSYoungGen      total 76288K, used 65536K [0x000000076ab00000, 0x0000000774000000, 0x00000007c0000000)
  eden space 65536K, 100% used [0x000000076ab00000,0x000000076eb00000,0x000000076eb00000)
  from space 10752K, 0% used [0x000000076f580000,0x000000076f580000,0x0000000770000000)
  to   space 10752K, 0% used [0x000000076eb00000,0x000000076eb00000,0x000000076f580000)
 ParOldGen       total 84992K, used 9765K [0x00000006c0000000, 0x00000006c5300000, 0x000000076ab00000)
  object space 84992K, 11% used [0x00000006c0000000,0x00000006c0989410,0x00000006c5300000)
 Metaspace       used 30730K, capacity 31308K, committed 31616K, reserved 1077248K
  class space    used 3796K, capacity 3940K, committed 3968K, reserved 1048576K
Event: 14.060 GC heap after
Heap after GC invocations=4 (full 1):
 PSYoungGen      total 76288K, used 10574K [0x000000076ab00000, 0x0000000773580000, 0x00000007c0000000)
  eden space 65536K, 0% used [0x000000076ab00000,0x000000076ab00000,0x000000076eb00000)
  from space 10752K, 98% used [0x000000076eb00000,0x000000076f553838,0x000000076f580000)
  to   space 10752K, 0% used [0x0000000772b00000,0x0000000772b00000,0x0000000773580000)
 ParOldGen       total 84992K, used 9773K [0x00000006c0000000, 0x00000006c5300000, 0x000000076ab00000)
  object space 84992K, 11% used [0x00000006c0000000,0x00000006c098b410,0x00000006c5300000)
 Metaspace       used 30730K, capacity 31308K, committed 31616K, reserved 1077248K
  class space    used 3796K, capacity 3940K, committed 3968K, reserved 1048576K
}

Deoptimization events (10 events):
Event: 13.475 Thread 0x00007fee1d803000 Uncommon trap: reason=unstable_if action=reinterpret pc=0x000000010a58b1e4 method=org.hsqldb.map.BaseHashMap.addOrRemove(JJLjava/lang/Object;Ljava/lang/Object;Z)Ljava/lang/Object; @ 601
Event: 13.533 Thread 0x00007fee1d803000 Uncommon trap: reason=unstable_if action=reinterpret pc=0x000000010a57cff0 method=org.hsqldb.rights.Right.add(Lorg/hsqldb/rights/Right;)V @ 4
Event: 13.558 Thread 0x00007fee1d803000 Uncommon trap: reason=class_check action=maybe_recompile pc=0x000000010a3e32b4 method=java.util.HashMap.putVal(ILjava/lang/Object;Ljava/lang/Object;ZZ)Ljava/lang/Object; @ 203
Event: 13.598 Thread 0x00007fee1d803000 Uncommon trap: reason=unstable_if action=reinterpret pc=0x000000010a2e414c method=java.util.jar.Manifest$FastInputStream.peek()B @ 23
Event: 13.896 Thread 0x00007fee1d803000 Uncommon trap: reason=unstable_if action=reinterpret pc=0x000000010a5dc35c method=java.util.HashMap.putVal(ILjava/lang/Object;Ljava/lang/Object;ZZ)Ljava/lang/Object; @ 162
Event: 13.896 Thread 0x00007fee1d803000 Uncommon trap: reason=unstable_if action=reinterpret pc=0x000000010a4d0db0 method=java.util.HashMap.getNode(ILjava/lang/Object;)Ljava/util/HashMap$Node; @ 84
Event: 13.896 Thread 0x00007fee1d803000 Uncommon trap: reason=unstable_if action=reinterpret pc=0x000000010a433188 method=java.util.HashMap.getNode(ILjava/lang/Object;)Ljava/util/HashMap$Node; @ 84
Event: 13.896 Thread 0x00007fee1d803000 Uncommon trap: reason=unstable_if action=reinterpret pc=0x000000010a614af0 method=java.util.HashMap.resize()[Ljava/util/HashMap$Node; @ 206
Event: 13.943 Thread 0x00007fee1d803000 Uncommon trap: reason=unstable_if action=reinterpret pc=0x000000010a695244 method=javassist.bytecode.ClassFile.isDuplicated(Ljavassist/bytecode/MethodInfo;Ljava/lang/String;Ljava/lang/String;Ljavassist/bytecode/MethodInfo;Ljava/util/ListIterator;)Z @ 8
Event: 13.960 Thread 0x00007fee1d803000 Uncommon trap: reason=unstable_if action=reinterpret pc=0x000000010a467770 method=java.lang.String.trim()Ljava/lang/String; @ 15

Internal exceptions (10 events):
Event: 9.870 Thread 0x00007fee1d803000 Exception <a 'java/lang/ClassNotFoundException': com/dlas/dao/MvtCsvCustomizer> (0x000000076de780b8) thrown at [/Users/java_re/workspace/8-2-build-macosx-x86_64/jdk8u65/4987/hotspot/src/share/vm/classfile/systemDictionary.cpp, line 210]
Event: 9.880 Thread 0x00007fee1d803000 Exception <a 'java/lang/ClassNotFoundException': com/dlas/dao/MvtCustomizer> (0x000000076df3c0b8) thrown at [/Users/java_re/workspace/8-2-build-macosx-x86_64/jdk8u65/4987/hotspot/src/share/vm/classfile/systemDictionary.cpp, line 210]
Event: 9.884 Thread 0x00007fee1d803000 Exception <a 'java/lang/ClassNotFoundException': java/lang/StringEditor> (0x000000076df69dc8) thrown at [/Users/java_re/workspace/8-2-build-macosx-x86_64/jdk8u65/4987/hotspot/src/share/vm/classfile/systemDictionary.cpp, line 210]
Event: 9.970 Thread 0x00007fee1d803000 Implicit null exception at 0x000000010a4336f5 to 0x000000010a433935
Event: 12.971 Thread 0x00007fee1d803000 Exception <a 'java/lang/ClassNotFoundException': com/sun/org/glassfish/hk2/osgiresourcelocator/ServiceLoader> (0x000000076c96ae58) thrown at [/Users/java_re/workspace/8-2-build-macosx-x86_64/jdk8u65/4987/hotspot/src/share/vm/classfile/systemDictionary.cpp
Event: 12.973 Thread 0x00007fee1d803000 Exception <a 'java/lang/NullPointerException'> (0x000000076c974e78) thrown at [/Users/java_re/workspace/8-2-build-macosx-x86_64/jdk8u65/4987/hotspot/src/share/vm/interpreter/linkResolver.cpp, line 1280]
Event: 12.979 Thread 0x00007fee1d803000 Implicit null exception at 0x000000010a1b2d98 to 0x000000010a1b2e26
Event: 12.996 Thread 0x00007fee1d803000 Exception <a 'java/lang/ArrayIndexOutOfBoundsException'> (0x000000076ca142a8) thrown at [/Users/java_re/workspace/8-2-build-macosx-x86_64/jdk8u65/4987/hotspot/src/share/vm/runtime/sharedRuntime.cpp, line 605]
Event: 12.996 Thread 0x00007fee1d803000 Exception <a 'java/lang/ArrayIndexOutOfBoundsException'> (0x000000076ca15790) thrown at [/Users/java_re/workspace/8-2-build-macosx-x86_64/jdk8u65/4987/hotspot/src/share/vm/runtime/sharedRuntime.cpp, line 605]
Event: 13.060 Thread 0x00007fee1d803000 Implicit null exception at 0x000000010a278333 to 0x000000010a2786b5

Events (10 events):
Event: 127.765 Thread 0x00007fee1d044000 flushing nmethod 0x000000010a11fcd0
Event: 127.765 Thread 0x00007fee1d044000 flushing nmethod 0x000000010a124a50
Event: 127.765 Thread 0x00007fee1d044000 flushing nmethod 0x000000010a125a90
Event: 127.765 Thread 0x00007fee1d044000 flushing nmethod 0x000000010a125f10
Event: 127.765 Thread 0x00007fee1d044000 flushing nmethod 0x000000010a128e90
Event: 127.765 Thread 0x00007fee1d044000 flushing nmethod 0x000000010a12b450
Event: 127.765 Thread 0x00007fee1d044000 flushing nmethod 0x000000010a12bb10
Event: 127.765 Thread 0x00007fee1d044000 flushing nmethod 0x000000010a12c5d0
Event: 127.765 Thread 0x00007fee1d044000 flushing nmethod 0x000000010a13ca10
Event: 127.897 Executing VM operation: Exit


Dynamic libraries:
0x0000000058109000 	/System/Library/Frameworks/Cocoa.framework/Versions/A/Cocoa
0x0000000058109000 	/System/Library/Frameworks/Security.framework/Versions/A/Security
0x0000000058109000 	/System/Library/Frameworks/ApplicationServices.framework/Versions/A/ApplicationServices
0x0000000058109000 	/usr/lib/libz.1.dylib
0x0000000058109000 	/usr/lib/libSystem.B.dylib
0x0000000058109000 	/usr/lib/libobjc.A.dylib
0x0000000058109000 	/System/Library/Frameworks/CoreFoundation.framework/Versions/A/CoreFoundation
0x0000000058109000 	/System/Library/Frameworks/Foundation.framework/Versions/C/Foundation
0x0000000058109000 	/System/Library/Frameworks/AppKit.framework/Versions/C/AppKit
0x0000000058109000 	/System/Library/Frameworks/CoreData.framework/Versions/A/CoreData
0x0000000058109000 	/System/Library/PrivateFrameworks/RemoteViewServices.framework/Versions/A/RemoteViewServices
0x0000000058109000 	/System/Library/PrivateFrameworks/UIFoundation.framework/Versions/A/UIFoundation
0x0000000058109000 	/System/Library/PrivateFrameworks/DFRFoundation.framework/Versions/A/DFRFoundation
0x0000000058109000 	/usr/lib/libenergytrace.dylib
0x0000000058109000 	/System/Library/PrivateFrameworks/SkyLight.framework/Versions/A/SkyLight
0x0000000058109000 	/System/Library/Frameworks/CoreGraphics.framework/Versions/A/CoreGraphics
0x0000000058109000 	/usr/lib/libScreenReader.dylib
0x0000000058109000 	/System/Library/Frameworks/Accelerate.framework/Versions/A/Accelerate
0x0000000058109000 	/System/Library/Frameworks/IOSurface.framework/Versions/A/IOSurface
0x0000000058109000 	/System/Library/Frameworks/AudioToolbox.framework/Versions/A/AudioToolbox
0x0000000058109000 	/System/Library/Frameworks/AudioUnit.framework/Versions/A/AudioUnit
0x0000000058109000 	/System/Library/PrivateFrameworks/DataDetectorsCore.framework/Versions/A/DataDetectorsCore
0x0000000058109000 	/System/Library/PrivateFrameworks/DesktopServicesPriv.framework/Versions/A/DesktopServicesPriv
0x0000000058109000 	/System/Library/Frameworks/Carbon.framework/Versions/A/Frameworks/HIToolbox.framework/Versions/A/HIToolbox
0x0000000058109000 	/usr/lib/libicucore.A.dylib
0x0000000058109000 	/System/Library/Frameworks/QuartzCore.framework/Versions/A/QuartzCore
0x0000000058109000 	/System/Library/Frameworks/Carbon.framework/Versions/A/Frameworks/SpeechRecognition.framework/Versions/A/SpeechRecognition
0x0000000058109000 	/usr/lib/libauto.dylib
0x0000000058109000 	/usr/lib/libxml2.2.dylib
0x0000000058109000 	/System/Library/PrivateFrameworks/CoreUI.framework/Versions/A/CoreUI
0x0000000058109000 	/System/Library/Frameworks/CoreAudio.framework/Versions/A/CoreAudio
0x0000000058109000 	/System/Library/Frameworks/DiskArbitration.framework/Versions/A/DiskArbitration
0x0000000058109000 	/usr/lib/liblangid.dylib
0x0000000058109000 	/System/Library/PrivateFrameworks/MultitouchSupport.framework/Versions/A/MultitouchSupport
0x0000000058109000 	/System/Library/Frameworks/IOKit.framework/Versions/A/IOKit
0x0000000058109000 	/usr/lib/libDiagnosticMessagesClient.dylib
0x0000000058109000 	/System/Library/Frameworks/CoreServices.framework/Versions/A/CoreServices
0x0000000058109000 	/System/Library/PrivateFrameworks/PerformanceAnalysis.framework/Versions/A/PerformanceAnalysis
0x0000000058109000 	/System/Library/PrivateFrameworks/GenerationalStorage.framework/Versions/A/GenerationalStorage
0x0000000058109000 	/System/Library/Frameworks/OpenGL.framework/Versions/A/OpenGL
0x0000000058109000 	/System/Library/Frameworks/CoreImage.framework/Versions/A/CoreImage
0x0000000058109000 	/System/Library/Frameworks/CoreText.framework/Versions/A/CoreText
0x0000000058109000 	/System/Library/Frameworks/ImageIO.framework/Versions/A/ImageIO
0x0000000058109000 	/System/Library/PrivateFrameworks/Backup.framework/Versions/A/Backup
0x0000000058109000 	/usr/lib/libarchive.2.dylib
0x0000000058109000 	/System/Library/Frameworks/CFNetwork.framework/Versions/A/CFNetwork
0x0000000058109000 	/System/Library/Frameworks/SystemConfiguration.framework/Versions/A/SystemConfiguration
0x0000000058109000 	/usr/lib/libCRFSuite.dylib
0x0000000058109000 	/usr/lib/libc++.1.dylib
0x0000000058109000 	/usr/lib/libc++abi.dylib
0x0000000058109000 	/usr/lib/system/libcache.dylib
0x0000000058109000 	/usr/lib/system/libcommonCrypto.dylib
0x0000000058109000 	/usr/lib/system/libcompiler_rt.dylib
0x0000000058109000 	/usr/lib/system/libcopyfile.dylib
0x0000000058109000 	/usr/lib/system/libcorecrypto.dylib
0x0000000058109000 	/usr/lib/system/libdispatch.dylib
0x0000000058109000 	/usr/lib/system/libdyld.dylib
0x0000000058109000 	/usr/lib/system/libkeymgr.dylib
0x0000000058109000 	/usr/lib/system/liblaunch.dylib
0x0000000058109000 	/usr/lib/system/libmacho.dylib
0x0000000058109000 	/usr/lib/system/libquarantine.dylib
0x0000000058109000 	/usr/lib/system/libremovefile.dylib
0x0000000058109000 	/usr/lib/system/libsystem_asl.dylib
0x0000000058109000 	/usr/lib/system/libsystem_blocks.dylib
0x0000000058109000 	/usr/lib/system/libsystem_c.dylib
0x0000000058109000 	/usr/lib/system/libsystem_configuration.dylib
0x0000000058109000 	/usr/lib/system/libsystem_coreservices.dylib
0x0000000058109000 	/usr/lib/system/libsystem_coretls.dylib
0x0000000058109000 	/usr/lib/system/libsystem_dnssd.dylib
0x0000000058109000 	/usr/lib/system/libsystem_info.dylib
0x0000000058109000 	/usr/lib/system/libsystem_kernel.dylib
0x0000000058109000 	/usr/lib/system/libsystem_m.dylib
0x0000000058109000 	/usr/lib/system/libsystem_malloc.dylib
0x0000000058109000 	/usr/lib/system/libsystem_network.dylib
0x0000000058109000 	/usr/lib/system/libsystem_networkextension.dylib
0x0000000058109000 	/usr/lib/system/libsystem_notify.dylib
0x0000000058109000 	/usr/lib/system/libsystem_platform.dylib
0x0000000058109000 	/usr/lib/system/libsystem_pthread.dylib
0x0000000058109000 	/usr/lib/system/libsystem_sandbox.dylib
0x0000000058109000 	/usr/lib/system/libsystem_secinit.dylib
0x0000000058109000 	/usr/lib/system/libsystem_symptoms.dylib
0x0000000058109000 	/usr/lib/system/libsystem_trace.dylib
0x0000000058109000 	/usr/lib/system/libunwind.dylib
0x0000000058109000 	/usr/lib/system/libxpc.dylib
0x0000000058109000 	/usr/lib/libbsm.0.dylib
0x0000000058109000 	/usr/lib/system/libkxld.dylib
0x0000000058109000 	/usr/lib/libcoretls.dylib
0x0000000058109000 	/usr/lib/libcoretls_cfhelpers.dylib
0x0000000058109000 	/usr/lib/libxar.1.dylib
0x0000000058109000 	/usr/lib/libsqlite3.dylib
0x0000000058109000 	/usr/lib/libpam.2.dylib
0x0000000058109000 	/usr/lib/libOpenScriptingUtil.dylib
0x0000000058109000 	/usr/lib/libbz2.1.0.dylib
0x0000000058109000 	/usr/lib/liblzma.5.dylib
0x0000000058109000 	/usr/lib/libnetwork.dylib
0x0000000058109000 	/usr/lib/libpcap.A.dylib
0x0000000058109000 	/System/Library/Frameworks/CoreServices.framework/Versions/A/Frameworks/FSEvents.framework/Versions/A/FSEvents
0x0000000058109000 	/System/Library/Frameworks/CoreServices.framework/Versions/A/Frameworks/CarbonCore.framework/Versions/A/CarbonCore
0x0000000058109000 	/System/Library/Frameworks/CoreServices.framework/Versions/A/Frameworks/Metadata.framework/Versions/A/Metadata
0x0000000058109000 	/System/Library/Frameworks/CoreServices.framework/Versions/A/Frameworks/OSServices.framework/Versions/A/OSServices
0x0000000058109000 	/System/Library/Frameworks/CoreServices.framework/Versions/A/Frameworks/SearchKit.framework/Versions/A/SearchKit
0x0000000058109000 	/System/Library/Frameworks/CoreServices.framework/Versions/A/Frameworks/AE.framework/Versions/A/AE
0x0000000058109000 	/System/Library/Frameworks/CoreServices.framework/Versions/A/Frameworks/LaunchServices.framework/Versions/A/LaunchServices
0x0000000058109000 	/System/Library/Frameworks/CoreServices.framework/Versions/A/Frameworks/DictionaryServices.framework/Versions/A/DictionaryServices
0x0000000058109000 	/System/Library/Frameworks/CoreServices.framework/Versions/A/Frameworks/SharedFileList.framework/Versions/A/SharedFileList
0x0000000058109000 	/System/Library/Frameworks/NetFS.framework/Versions/A/NetFS
0x0000000058109000 	/System/Library/PrivateFrameworks/NetAuth.framework/Versions/A/NetAuth
0x0000000058109000 	/System/Library/PrivateFrameworks/login.framework/Versions/A/Frameworks/loginsupport.framework/Versions/A/loginsupport
0x0000000058109000 	/System/Library/PrivateFrameworks/TCC.framework/Versions/A/TCC
0x0000000058109000 	/usr/lib/libmecabra.dylib
0x0000000058109000 	/System/Library/Frameworks/ApplicationServices.framework/Versions/A/Frameworks/ATS.framework/Versions/A/ATS
0x0000000058109000 	/System/Library/Frameworks/ApplicationServices.framework/Versions/A/Frameworks/ColorSync.framework/Versions/A/ColorSync
0x0000000058109000 	/System/Library/Frameworks/ApplicationServices.framework/Versions/A/Frameworks/HIServices.framework/Versions/A/HIServices
0x0000000058109000 	/System/Library/Frameworks/ApplicationServices.framework/Versions/A/Frameworks/LangAnalysis.framework/Versions/A/LangAnalysis
0x0000000058109000 	/System/Library/Frameworks/ApplicationServices.framework/Versions/A/Frameworks/PrintCore.framework/Versions/A/PrintCore
0x0000000058109000 	/System/Library/Frameworks/ApplicationServices.framework/Versions/A/Frameworks/QD.framework/Versions/A/QD
0x0000000058109000 	/System/Library/Frameworks/ApplicationServices.framework/Versions/A/Frameworks/SpeechSynthesis.framework/Versions/A/SpeechSynthesis
0x0000000058109000 	/System/Library/Frameworks/Accelerate.framework/Versions/A/Frameworks/vImage.framework/Versions/A/vImage
0x0000000058109000 	/System/Library/Frameworks/Accelerate.framework/Versions/A/Frameworks/vecLib.framework/Versions/A/vecLib
0x0000000058109000 	/System/Library/Frameworks/Accelerate.framework/Versions/A/Frameworks/vecLib.framework/Versions/A/libvDSP.dylib
0x0000000058109000 	/System/Library/Frameworks/Accelerate.framework/Versions/A/Frameworks/vecLib.framework/Versions/A/libBNNS.dylib
0x0000000058109000 	/System/Library/Frameworks/Accelerate.framework/Versions/A/Frameworks/vecLib.framework/Versions/A/libQuadrature.dylib
0x0000000058109000 	/System/Library/Frameworks/Accelerate.framework/Versions/A/Frameworks/vecLib.framework/Versions/A/libvMisc.dylib
0x0000000058109000 	/System/Library/Frameworks/Accelerate.framework/Versions/A/Frameworks/vecLib.framework/Versions/A/libLAPACK.dylib
0x0000000058109000 	/System/Library/Frameworks/Accelerate.framework/Versions/A/Frameworks/vecLib.framework/Versions/A/libBLAS.dylib
0x0000000058109000 	/System/Library/Frameworks/Accelerate.framework/Versions/A/Frameworks/vecLib.framework/Versions/A/libLinearAlgebra.dylib
0x0000000058109000 	/System/Library/Frameworks/Accelerate.framework/Versions/A/Frameworks/vecLib.framework/Versions/A/libSparseBLAS.dylib
0x0000000058109000 	/System/Library/Frameworks/ApplicationServices.framework/Versions/A/Frameworks/ATS.framework/Versions/A/Resources/libFontParser.dylib
0x0000000058109000 	/System/Library/Frameworks/ApplicationServices.framework/Versions/A/Frameworks/ATS.framework/Versions/A/Resources/libFontRegistry.dylib
0x0000000058109000 	/System/Library/Frameworks/ImageIO.framework/Versions/A/Resources/libJPEG.dylib
0x0000000058109000 	/System/Library/Frameworks/ImageIO.framework/Versions/A/Resources/libTIFF.dylib
0x0000000058109000 	/System/Library/Frameworks/ImageIO.framework/Versions/A/Resources/libPng.dylib
0x0000000058109000 	/System/Library/Frameworks/ImageIO.framework/Versions/A/Resources/libGIF.dylib
0x0000000058109000 	/System/Library/Frameworks/ImageIO.framework/Versions/A/Resources/libJP2.dylib
0x0000000058109000 	/System/Library/Frameworks/ImageIO.framework/Versions/A/Resources/libRadiance.dylib
0x0000000058109000 	/usr/lib/libcompression.dylib
0x0000000058109000 	/System/Library/PrivateFrameworks/AppleJPEG.framework/Versions/A/AppleJPEG
0x0000000058109000 	/usr/lib/libcups.2.dylib
0x0000000058109000 	/System/Library/Frameworks/Kerberos.framework/Versions/A/Kerberos
0x0000000058109000 	/System/Library/Frameworks/GSS.framework/Versions/A/GSS
0x0000000058109000 	/usr/lib/libresolv.9.dylib
0x0000000058109000 	/usr/lib/libiconv.2.dylib
0x0000000058109000 	/System/Library/PrivateFrameworks/Heimdal.framework/Versions/A/Heimdal
0x0000000058109000 	/usr/lib/libheimdal-asn1.dylib
0x0000000058109000 	/System/Library/Frameworks/OpenDirectory.framework/Versions/A/OpenDirectory
0x0000000058109000 	/System/Library/PrivateFrameworks/CommonAuth.framework/Versions/A/CommonAuth
0x0000000058109000 	/System/Library/Frameworks/OpenDirectory.framework/Versions/A/Frameworks/CFOpenDirectory.framework/Versions/A/CFOpenDirectory
0x0000000058109000 	/System/Library/Frameworks/SecurityFoundation.framework/Versions/A/SecurityFoundation
0x0000000058109000 	/System/Library/PrivateFrameworks/LanguageModeling.framework/Versions/A/LanguageModeling
0x0000000058109000 	/usr/lib/libmarisa.dylib
0x0000000058109000 	/usr/lib/libChineseTokenizer.dylib
0x0000000058109000 	/usr/lib/libcmph.dylib
0x0000000058109000 	/System/Library/PrivateFrameworks/CoreEmoji.framework/Versions/A/CoreEmoji
0x0000000058109000 	/System/Library/Frameworks/ServiceManagement.framework/Versions/A/ServiceManagement
0x0000000058109000 	/usr/lib/libxslt.1.dylib
0x0000000058109000 	/System/Library/Frameworks/Carbon.framework/Versions/A/Frameworks/Ink.framework/Versions/A/Ink
0x0000000058109000 	/System/Library/PrivateFrameworks/TextureIO.framework/Versions/A/TextureIO
0x0000000058109000 	/System/Library/Frameworks/Metal.framework/Versions/A/Metal
0x0000000058109000 	/usr/lib/libate.dylib
0x0000000058109000 	/System/Library/PrivateFrameworks/GPUCompiler.framework/libmetal_timestamp.dylib
0x0000000058109000 	/System/Library/Frameworks/OpenGL.framework/Versions/A/Libraries/libCoreFSCache.dylib
0x0000000058109000 	/System/Library/PrivateFrameworks/IOAccelerator.framework/Versions/A/IOAccelerator
0x0000000058109000 	/System/Library/Frameworks/CoreVideo.framework/Versions/A/CoreVideo
0x0000000058109000 	/usr/lib/libFosl_dynamic.dylib
0x0000000058109000 	/System/Library/PrivateFrameworks/MetalPerformanceShaders.framework/Versions/A/MetalPerformanceShaders
0x0000000058109000 	/System/Library/PrivateFrameworks/FaceCore.framework/Versions/A/FaceCore
0x0000000058109000 	/System/Library/Frameworks/OpenCL.framework/Versions/A/OpenCL
0x0000000058109000 	/System/Library/Frameworks/OpenGL.framework/Versions/A/Libraries/libGLU.dylib
0x0000000058109000 	/System/Library/Frameworks/OpenGL.framework/Versions/A/Libraries/libGFXShared.dylib
0x0000000058109000 	/System/Library/Frameworks/OpenGL.framework/Versions/A/Libraries/libGL.dylib
0x0000000058109000 	/System/Library/Frameworks/OpenGL.framework/Versions/A/Libraries/libGLImage.dylib
0x0000000058109000 	/System/Library/Frameworks/OpenGL.framework/Versions/A/Libraries/libCVMSPluginSupport.dylib
0x0000000058109000 	/System/Library/Frameworks/OpenGL.framework/Versions/A/Libraries/libCoreVMClient.dylib
0x0000000058109000 	/System/Library/PrivateFrameworks/CrashReporterSupport.framework/Versions/A/CrashReporterSupport
0x0000000058109000 	/System/Library/PrivateFrameworks/Sharing.framework/Versions/A/Sharing
0x0000000058109000 	/System/Library/PrivateFrameworks/IconServices.framework/Versions/A/IconServices
0x0000000058109000 	/System/Library/PrivateFrameworks/ProtocolBuffer.framework/Versions/A/ProtocolBuffer
0x0000000058109000 	/System/Library/PrivateFrameworks/Apple80211.framework/Versions/A/Apple80211
0x0000000058109000 	/System/Library/Frameworks/CoreWLAN.framework/Versions/A/CoreWLAN
0x0000000058109000 	/System/Library/PrivateFrameworks/CoreUtils.framework/Versions/A/CoreUtils
0x0000000058109000 	/System/Library/Frameworks/IOBluetooth.framework/Versions/A/IOBluetooth
0x0000000058109000 	/System/Library/PrivateFrameworks/CoreWiFi.framework/Versions/A/CoreWiFi
0x0000000058109000 	/System/Library/Frameworks/CoreBluetooth.framework/Versions/A/CoreBluetooth
0x0000000058109000 	/System/Library/Frameworks/CoreDisplay.framework/Versions/A/CoreDisplay
0x0000000058109000 	/System/Library/PrivateFrameworks/IOPresentment.framework/Versions/A/IOPresentment
0x0000000058109000 	/System/Library/PrivateFrameworks/DebugSymbols.framework/Versions/A/DebugSymbols
0x0000000058109000 	/System/Library/PrivateFrameworks/CoreSymbolication.framework/Versions/A/CoreSymbolication
0x0000000058109000 	/System/Library/PrivateFrameworks/Symbolication.framework/Versions/A/Symbolication
0x0000000058109000 	/System/Library/PrivateFrameworks/AppleFSCompression.framework/Versions/A/AppleFSCompression
0x0000000058109000 	/System/Library/PrivateFrameworks/SpeechRecognitionCore.framework/Versions/A/SpeechRecognitionCore
0x0000000058109000 	/System/Library/PrivateFrameworks/ChunkingLibrary.framework/Versions/A/ChunkingLibrary
0x00000001086c2000 	/Library/Java/JavaVirtualMachines/jdk1.8.0_65.jdk/Contents/Home/jre/lib/server/libjvm.dylib
0x0000000058109000 	/usr/lib/libstdc++.6.dylib
0x00000001083e7000 	/Library/Java/JavaVirtualMachines/jdk1.8.0_65.jdk/Contents/Home/jre/lib/libverify.dylib
0x00000001083f5000 	/Library/Java/JavaVirtualMachines/jdk1.8.0_65.jdk/Contents/Home/jre/lib/libjava.dylib
0x0000000108433000 	/Library/Java/JavaVirtualMachines/jdk1.8.0_65.jdk/Contents/Home/jre/lib/libzip.dylib
0x000000010978b000 	/System/Library/Frameworks/JavaVM.framework/Frameworks/JavaRuntimeSupport.framework/JavaRuntimeSupport
0x00000001097a5000 	/System/Library/Frameworks/JavaVM.framework/Versions/A/Frameworks/JavaNativeFoundation.framework/Versions/A/JavaNativeFoundation
0x00000001097ba000 	/System/Library/Frameworks/JavaVM.framework/Versions/A/JavaVM
0x0000000058109000 	/System/Library/Frameworks/Carbon.framework/Versions/A/Carbon
0x00000001097c7000 	/System/Library/PrivateFrameworks/JavaLaunching.framework/Versions/A/JavaLaunching
0x0000000058109000 	/System/Library/Frameworks/Carbon.framework/Versions/A/Frameworks/CommonPanels.framework/Versions/A/CommonPanels
0x0000000058109000 	/System/Library/Frameworks/Carbon.framework/Versions/A/Frameworks/Help.framework/Versions/A/Help
0x0000000058109000 	/System/Library/Frameworks/Carbon.framework/Versions/A/Frameworks/ImageCapture.framework/Versions/A/ImageCapture
0x0000000058109000 	/System/Library/Frameworks/Carbon.framework/Versions/A/Frameworks/OpenScripting.framework/Versions/A/OpenScripting
0x0000000058109000 	/System/Library/Frameworks/Carbon.framework/Versions/A/Frameworks/Print.framework/Versions/A/Print
0x0000000058109000 	/System/Library/Frameworks/Carbon.framework/Versions/A/Frameworks/SecurityHI.framework/Versions/A/SecurityHI
0x00000001264ed000 	/Users/didierlasnier/.swt/lib/macosx/x86_64/libswt-cocoa-4628.jnilib
0x0000000058109000 	/System/Library/Frameworks/WebKit.framework/Versions/A/WebKit
0x0000000058109000 	/System/Library/Frameworks/JavaScriptCore.framework/Versions/A/JavaScriptCore
0x0000000058109000 	/System/Library/Frameworks/SecurityInterface.framework/Versions/A/SecurityInterface
0x0000000058109000 	/System/Library/Frameworks/WebKit.framework/Versions/A/Frameworks/WebKitLegacy.framework/Versions/A/WebKitLegacy
0x0000000058109000 	/System/Library/Frameworks/WebKit.framework/Versions/A/Frameworks/WebCore.framework/Versions/A/WebCore
0x0000000125fdf000 	/Users/didierlasnier/.swt/lib/macosx/x86_64/libswt-pi-cocoa-4628.jnilib
0x0000000058109000 	/System/Library/PrivateFrameworks/CoreServicesInternal.framework/Versions/A/CoreServicesInternal
0x0000000058109000 	/System/Library/Frameworks/Accelerate.framework/Versions/A/Frameworks/vImage.framework/Versions/A/Libraries/libCGInterfaces.dylib
0x0000000058109000 	/System/Library/Frameworks/ApplicationServices.framework/Versions/A/Frameworks/ATS.framework/Versions/A/Resources/libTrueTypeScaler.dylib
0x0000000058109000 	/System/Library/PrivateFrameworks/FamilyControls.framework/Versions/A/FamilyControls
0x0000000058109000 	/System/Library/PrivateFrameworks/CommerceKit.framework/Versions/A/Frameworks/CommerceCore.framework/Versions/A/CommerceCore
0x0000000058109000 	/System/Library/PrivateFrameworks/SystemAdministration.framework/Versions/A/SystemAdministration
0x0000000058109000 	/System/Library/PrivateFrameworks/AppContainer.framework/Versions/A/AppContainer
0x0000000058109000 	/System/Library/PrivateFrameworks/SecCodeWrapper.framework/Versions/A/SecCodeWrapper
0x0000000058109000 	/System/Library/Frameworks/DirectoryService.framework/Versions/A/DirectoryService
0x0000000058109000 	/System/Library/PrivateFrameworks/DiskImages.framework/Versions/A/DiskImages
0x0000000058109000 	/System/Library/PrivateFrameworks/LoginUIKit.framework/Versions/A/Frameworks/LoginUICore.framework/Versions/A/LoginUICore
0x0000000058109000 	/usr/lib/libCoreStorage.dylib
0x0000000058109000 	/usr/lib/libcsfde.dylib
0x0000000058109000 	/usr/lib/libodfde.dylib
0x0000000058109000 	/System/Library/Frameworks/DiscRecording.framework/Versions/A/DiscRecording
0x0000000058109000 	/usr/lib/libcurl.4.dylib
0x0000000058109000 	/System/Library/PrivateFrameworks/MediaKit.framework/Versions/A/MediaKit
0x0000000058109000 	/System/Library/PrivateFrameworks/ProtectedCloudStorage.framework/Versions/A/ProtectedCloudStorage
0x0000000058109000 	/System/Library/PrivateFrameworks/EFILogin.framework/Versions/A/EFILogin
0x0000000058109000 	/usr/lib/libutil.dylib
0x0000000058109000 	/System/Library/Frameworks/LDAP.framework/Versions/A/LDAP
0x0000000058109000 	/usr/lib/libsasl2.2.dylib
0x0000000058109000 	/System/Library/PrivateFrameworks/CoreDaemon.framework/Versions/B/CoreDaemon
0x0000000058109000 	/System/Library/PrivateFrameworks/AppleSRP.framework/Versions/A/AppleSRP
0x0000000058109000 	/System/Library/PrivateFrameworks/APFS.framework/Versions/A/APFS
0x0000000058109000 	/System/Library/Frameworks/OpenGL.framework/Versions/A/Resources/GLEngine.bundle/GLEngine
0x0000000058109000 	/System/Library/Frameworks/OpenGL.framework/Versions/A/Libraries/libGLProgrammability.dylib
0x000000012a13a000 	/System/Library/Extensions/AppleIntelBDWGraphicsGLDriver.bundle/Contents/MacOS/AppleIntelBDWGraphicsGLDriver
0x0000000058109000 	/System/Library/PrivateFrameworks/GPUSupport.framework/Versions/A/Libraries/libGPUSupportMercury.dylib
0x0000000058109000 	/System/Library/Frameworks/OpenGL.framework/Versions/A/Resources/GLRendererFloat.bundle/GLRendererFloat
0x0000000058109000 	/System/Library/Frameworks/OpenCL.framework/Versions/A/Libraries/libcldcpuengine.dylib
0x0000000058109000 	/usr/lib/libcrypto.0.9.8.dylib
0x0000000058109000 	/System/Library/PrivateFrameworks/TrustEvaluationAgent.framework/Versions/A/TrustEvaluationAgent
0x000000012a896000 	/System/Library/Extensions/AppleIntelBDWGraphicsMTLDriver.bundle/Contents/MacOS/AppleIntelBDWGraphicsMTLDriver
0x0000000058109000 	/System/Library/CoreServices/RawCamera.bundle/Contents/MacOS/RawCamera
0x0000000058109000 	/System/Library/PrivateFrameworks/FinderKit.framework/Versions/A/FinderKit
0x0000000058109000 	/System/Library/Frameworks/Quartz.framework/Versions/A/Frameworks/QuickLookUI.framework/Versions/A/QuickLookUI
0x0000000058109000 	/System/Library/Frameworks/Quartz.framework/Versions/A/Frameworks/ImageKit.framework/Versions/A/ImageKit
0x0000000058109000 	/System/Library/PrivateFrameworks/Bom.framework/Versions/A/Bom
0x0000000058109000 	/System/Library/Frameworks/QuickLook.framework/Versions/A/QuickLook
0x0000000058109000 	/System/Library/PrivateFrameworks/Suggestions.framework/Versions/A/Suggestions
0x0000000058109000 	/System/Library/PrivateFrameworks/AppleSystemInfo.framework/Versions/A/AppleSystemInfo
0x0000000058109000 	/System/Library/Frameworks/ImageCaptureCore.framework/Versions/A/ImageCaptureCore
0x0000000058109000 	/System/Library/Frameworks/SafariServices.framework/Versions/A/SafariServices
0x0000000058109000 	/System/Library/Frameworks/QTKit.framework/Versions/A/QTKit
0x0000000058109000 	/System/Library/PrivateFrameworks/MobileKeyBag.framework/Versions/A/MobileKeyBag
0x0000000058109000 	/System/Library/PrivateFrameworks/ViewBridge.framework/Versions/A/ViewBridge
0x0000000058109000 	/System/Library/PrivateFrameworks/XPCService.framework/Versions/A/XPCService
0x0000000058109000 	/System/Library/PrivateFrameworks/AppSandbox.framework/Versions/A/AppSandbox
0x0000000058109000 	/usr/lib/libsandbox.1.dylib
0x0000000058109000 	/usr/lib/libMatch.1.dylib
0x0000000058109000 	/System/Library/Frameworks/AVFoundation.framework/Versions/A/AVFoundation
0x0000000058109000 	/System/Library/Frameworks/CoreMedia.framework/Versions/A/CoreMedia
0x0000000058109000 	/System/Library/Frameworks/MediaToolbox.framework/Versions/A/MediaToolbox
0x0000000058109000 	/System/Library/Frameworks/VideoToolbox.framework/Versions/A/VideoToolbox
0x0000000058109000 	/System/Library/PrivateFrameworks/CoreMediaAuthoring.framework/Versions/A/CoreMediaAuthoring
0x0000000058109000 	/System/Library/Frameworks/CoreMediaIO.framework/Versions/A/CoreMediaIO
0x0000000058109000 	/System/Library/Frameworks/AVFoundation.framework/Versions/A/Frameworks/AVFAudio.framework/Versions/A/AVFAudio
0x0000000058109000 	/System/Library/PrivateFrameworks/IntlPreferences.framework/Versions/A/IntlPreferences
0x0000000058109000 	/usr/lib/libspindump.dylib
0x0000000058109000 	/usr/lib/libdscsym.dylib
0x0000000058109000 	/System/Library/PrivateFrameworks/CoreAVCHD.framework/Versions/A/CoreAVCHD
0x0000000058109000 	/System/Library/Frameworks/MediaAccessibility.framework/Versions/A/MediaAccessibility
0x0000000058109000 	/System/Library/PrivateFrameworks/Mangrove.framework/Versions/A/Mangrove
0x0000000058109000 	/System/Library/PrivateFrameworks/CoreAUC.framework/Versions/A/CoreAUC
0x0000000058109000 	/System/Library/PrivateFrameworks/AppleVA.framework/Versions/A/AppleVA
0x0000000058109000 	/System/Library/PrivateFrameworks/QuickLookThumbnailing.framework/Versions/A/QuickLookThumbnailing
0x0000000058109000 	/System/Library/PrivateFrameworks/DisplayServices.framework/Versions/A/DisplayServices
0x0000000058109000 	/System/Library/Frameworks/Quartz.framework/Versions/A/Frameworks/PDFKit.framework/Versions/A/PDFKit
0x0000000058109000 	/System/Library/Frameworks/Quartz.framework/Versions/A/Frameworks/QuartzComposer.framework/Versions/A/QuartzComposer
0x0000000058109000 	/System/Library/Frameworks/Quartz.framework/Versions/A/Frameworks/QuartzFilters.framework/Versions/A/QuartzFilters
0x0000000058109000 	/System/Library/PrivateFrameworks/CorePDF.framework/Versions/A/CorePDF
0x0000000058109000 	/System/Library/Frameworks/AddressBook.framework/Versions/A/AddressBook
0x0000000058109000 	/System/Library/PrivateFrameworks/ContactsPersistence.framework/Versions/A/ContactsPersistence
0x0000000058109000 	/System/Library/PrivateFrameworks/CalendarAgentLink.framework/Versions/A/CalendarAgentLink
0x0000000058109000 	/System/Library/PrivateFrameworks/ContactsFoundation.framework/Versions/A/ContactsFoundation
0x0000000058109000 	/System/Library/PrivateFrameworks/vCard.framework/Versions/A/vCard
0x0000000058109000 	/System/Library/PrivateFrameworks/ToneLibrary.framework/Versions/A/ToneLibrary
0x0000000058109000 	/System/Library/PrivateFrameworks/ToneKit.framework/Versions/A/ToneKit
0x0000000058109000 	/System/Library/PrivateFrameworks/ApplePushService.framework/Versions/A/ApplePushService
0x0000000058109000 	/System/Library/PrivateFrameworks/PhoneNumbers.framework/Versions/A/PhoneNumbers
0x0000000058109000 	/System/Library/Frameworks/Quartz.framework/Versions/A/Quartz
0x0000000058109000 	/System/Library/Frameworks/Accounts.framework/Versions/A/Accounts
0x0000000058109000 	/System/Library/PrivateFrameworks/OAuth.framework/Versions/A/OAuth
0x0000000058109000 	/System/Library/PrivateFrameworks/CacheDelete.framework/Versions/A/CacheDelete
0x0000000058109000 	/System/Library/PrivateFrameworks/CloudDocs.framework/Versions/A/CloudDocs
0x0000000058109000 	/System/Library/Frameworks/CloudKit.framework/Versions/A/CloudKit
0x0000000058109000 	/System/Library/PrivateFrameworks/MMCS.framework/Versions/A/MMCS
0x0000000058109000 	/System/Library/Frameworks/CoreLocation.framework/Versions/A/CoreLocation
0x0000000058109000 	/System/Library/PrivateFrameworks/AssetCacheServices.framework/Versions/A/AssetCacheServices
0x0000000058109000 	/System/Library/PrivateFrameworks/GeoServices.framework/Versions/A/GeoServices
0x0000000058109000 	/System/Library/PrivateFrameworks/PlugInKit.framework/Versions/A/PlugInKit
0x0000000058109000 	/System/Library/PrivateFrameworks/iLifeMediaBrowser.framework/Versions/A/iLifeMediaBrowser
0x0000000058109000 	/System/Library/Frameworks/AVKit.framework/Versions/A/AVKit
0x0000000058109000 	/System/Library/PrivateFrameworks/MediaRemote.framework/Versions/A/MediaRemote
0x0000000058109000 	/System/Library/PrivateFrameworks/MediaServices.framework/Versions/A/MediaServices
0x000000012d2e1000 	/System/Library/Frameworks/Security.framework/PlugIns/csparser.bundle/Contents/MacOS/csparser
0x000000012dc96000 	/System/Library/Frameworks/Quartz.framework/Versions/A/Frameworks/QuickLookUI.framework/Versions/A/PlugIns/Web2.qldisplay/Contents/MacOS/Web2
0x0000000058109000 	/System/Library/PrivateFrameworks/ShareKit.framework/Versions/A/ShareKit
0x0000000058109000 	/System/Library/Frameworks/Social.framework/Versions/A/Social
0x0000000058109000 	/System/Library/PrivateFrameworks/AccountsUI.framework/Versions/A/AccountsUI
0x0000000058109000 	/System/Library/PrivateFrameworks/AccountsDaemon.framework/Versions/A/AccountsDaemon
0x000000012dd1a000 	/System/Library/Frameworks/Quartz.framework/Versions/A/Frameworks/QuickLookUI.framework/Versions/A/PlugIns/Generic.qldisplay/Contents/MacOS/Generic
0x000000012dd30000 	/System/Library/PrivateFrameworks/Lookup.framework/Lookup
0x0000000058109000 	/System/Library/PrivateFrameworks/DataDetectors.framework/Versions/A/DataDetectors

VM Arguments:
jvm_args: -Dfile.encoding=UTF-8 
java_command: com.dlas.gui.EcranAccueil
java_class_path (initial): /Volumes/LaCie/ProjetDev/WrkSpaceEclipse/WyccExcel/bin:/Volumes/LaCie/ProjetDev/WrkSpaceEclipse/WyccExcel/lib/log4j-1.2.17.jar:/Volumes/LaCie/ProjetDev/WrkSpaceEclipse/WyccExcel/lib/opencsv-3.8.jar:/Volumes/LaCie/ProjetDev/WrkSpaceEclipse/WyccExcel/lib/poi-3.15.jar:/Volumes/LaCie/ProjetDev/WrkSpaceEclipse/WyccExcel/lib/poi-excelant-3.15.jar:/Volumes/LaCie/ProjetDev/WrkSpaceEclipse/WyccExcel/lib/poi-ooxml-3.15.jar:/Volumes/LaCie/ProjetDev/WrkSpaceEclipse/WyccExcel/lib/poi-ooxml-schemas-3.15.jar:/Volumes/LaCie/ProjetDev/WrkSpaceEclipse/WyccExcel/lib/poi-scratchpad-3.15.jar:/Volumes/LaCie/ProjetDev/WrkSpaceEclipse/WyccExcel/lib/gson-2.2.2.jar:/Volumes/LaCie/ProjetDev/WrkSpaceEclipse/WyccExcel/lib/commons-collections4-4.1.jar:/Volumes/LaCie/ProjetDev/WrkSpaceEclipse/WyccExcel/lib/hibernate-core-5.2.6.Final.jar:/Volumes/LaCie/ProjetDev/WrkSpaceEclipse/WyccExcel/lib/xmlbeans-2.6.0.jar:/Volumes/LaCie/ProjetDev/WrkSpaceEclipse/WyccExcel/lib/curvesapi-1.04.jar:/Volumes/LaCie/ProjetDev/WrkSpaceEclipse/WyccExcel/lib/antlr-2.7.7.jar:/Volumes/LaCie/ProjetDev/WrkSpaceEclipse/WyccExcel/lib/classmate-1.3.0.jar:/Volumes/LaCie/ProjetDev/WrkSpaceEclipse/WyccExcel/lib/dom4j-1.6.1.jar:/Volumes/LaCie/ProjetDev/WrkSpaceEclipse/WyccExcel/lib/geronimo-jta_1.1_spec-1.1.1.jar:/Volumes/LaCie/ProjetDev/WrkSpaceEclipse/WyccExcel/lib/hibernate-commons-annotations-5.0.1.Final.jar:/Volumes/LaCie/ProjetDev/WrkSpaceEclipse/WyccExcel/lib/hibernate-core-5.1.0.Final.jar:/Volumes/LaCie/ProjetDev/WrkSpaceEclipse/WyccExcel/lib/hibernate-jpa-2.1-api-1.0.0.Final.jar:/Volumes/LaCie/ProjetDev/WrkSpaceEclipse/WyccExcel/lib/jandex-2.0.0.Final.jar:/Volumes/LaCie/ProjetDev/WrkSpaceEclipse/WyccExcel/lib/javassist-3.20.0-GA.jar:/Volumes/LaCie/ProjetDev/WrkSpaceEclipse/WyccExcel/lib/jboss-logging-3.3.0.Final.jar:/Volumes/LaCie/ProjetDev/WrkSpaceEclipse/WyccExcel/lib/hsqldb.jar:/Volumes/LaCie/ProjetDev/WrkSpaceEclipse/WyccExcel/lib/commons-lang3-3.5.jar:/Volumes/LaCie/ProjetDev/WrkSpaceEcl
Launcher Type: SUN_STANDARD

Environment Variables:
PATH=/usr/bin:/bin:/usr/sbin:/sbin
SHELL=/bin/bash

Signal Handlers:
SIGSEGV: [libjvm.dylib+0x5a6d31], sa_mask[0]=11111111011111110111111111111111, sa_flags=SA_ONSTACK|SA_RESTART|SA_SIGINFO
SIGBUS: [libjvm.dylib+0x5a6d31], sa_mask[0]=11111111011111110111111111111111, sa_flags=SA_RESTART|SA_SIGINFO
SIGFPE: [libjvm.dylib+0x480a40], sa_mask[0]=11111111011111110111111111111111, sa_flags=SA_RESTART|SA_SIGINFO
SIGPIPE: [libjvm.dylib+0x480a40], sa_mask[0]=11111111011111110111111111111111, sa_flags=SA_RESTART|SA_SIGINFO
SIGXFSZ: [libjvm.dylib+0x480a40], sa_mask[0]=11111111011111110111111111111111, sa_flags=SA_RESTART|SA_SIGINFO
SIGILL: [libjvm.dylib+0x480a40], sa_mask[0]=11111111011111110111111111111111, sa_flags=SA_RESTART|SA_SIGINFO
SIGUSR1: SIG_DFL, sa_mask[0]=00000000000000000000000000000000, sa_flags=none
SIGUSR2: [libjvm.dylib+0x48055e], sa_mask[0]=00100000000000000000000000000000, sa_flags=SA_RESTART|SA_SIGINFO
SIGHUP: [libjvm.dylib+0x47eb35], sa_mask[0]=11111111011111110111111111111111, sa_flags=SA_RESTART|SA_SIGINFO
SIGINT: [libjvm.dylib+0x47eb35], sa_mask[0]=11111111011111110111111111111111, sa_flags=SA_RESTART|SA_SIGINFO
SIGTERM: [libjvm.dylib+0x47eb35], sa_mask[0]=11111111011111110111111111111111, sa_flags=SA_RESTART|SA_SIGINFO
SIGQUIT: [libjvm.dylib+0x47eb35], sa_mask[0]=11111111011111110111111111111111, sa_flags=SA_RESTART|SA_SIGINFO


---------------  S Y S T E M  ---------------

OS:Bsduname:Darwin 16.4.0 Darwin Kernel Version 16.4.0: Thu Dec 22 22:53:21 PST 2016; root:xnu-3789.41.3~3/RELEASE_X86_64 x86_64
rlimit: STACK 8192k, CORE 0k, NPROC 709, NOFILE 10240, AS infinity
load average:4.29 2.94 3.71

CPU:total 4 (2 cores per cpu, 2 threads per core) family 6 model 61 stepping 4, cmov, cx8, fxsr, mmx, sse, sse2, sse3, ssse3, sse4.1, sse4.2, popcnt, avx, avx2, aes, clmul, erms, 3dnowpref, lzcnt, ht, tsc, tscinvbit, bmi1, bmi2, adx

Memory: 4k page, physical 16777216k(2007188k free)

/proc/meminfo:


vm_info: Java HotSpot(TM) 64-Bit Server VM (25.65-b01) for bsd-amd64 JRE (1.8.0_65-b17), built on Oct  6 2015 15:36:46 by "java_re" with gcc 4.2.1 (Based on Apple Inc. build 5658) (LLVM build 2336.11.00)

time: Sun Mar 19 11:14:54 2017
elapsed time: 128 seconds (0d 0h 2m 8s)

