#
# A fatal error has been detected by the Java Runtime Environment:
#
#  SIGSEGV (0xb) at pc=0x000000011499f75b, pid=40887, tid=11267
#
# JRE version: Java(TM) SE Runtime Environment (8.0_65-b17) (build 1.8.0_65-b17)
# Java VM: Java HotSpot(TM) 64-Bit Server VM (25.65-b01 mixed mode bsd-amd64 compressed oops)
# Problematic frame:
# C  [libswt-cocoa-4628.jnilib+0x275b]  callback+0x31b
#
# Failed to write core dump. Core dumps have been disabled. To enable core dumping, try "ulimit -c unlimited" before starting Java again
#
# If you would like to submit a bug report, please visit:
#   http://bugreport.java.com/bugreport/crash.jsp
#

---------------  T H R E A D  ---------------

Current thread (0x00007fb2f381a000):  VMThread [stack: 0x000070000bf72000,0x000070000c072000] [id=11267]

siginfo: si_signo: 11 (SIGSEGV), si_code: 1 (SEGV_MAPERR), si_addr: 0x0000000000000078

Registers:
RAX=0x0000000000000000, RBX=0x00007fb2f71b3f60, RCX=0x000000010e320975, RDX=0x0000000000000001
RSP=0x000070000c071660, RBP=0x000070000c0718b0, RSI=0x0000000000000000, RDI=0x0000000000000000
R8 =0x0000000000000002, R9 =0x42de2b1820b700bf, R10=0x00007fb2f365f320, R11=0x00007fb2f3c2d8b0
R12=0x00007fffe2120b40, R13=0x00007fffe2120b40, R14=0x0000000000000000, R15=0x0000000000000000
RIP=0x000000011499f75b, EFLAGS=0x0000000000010202, ERR=0x0000000000000004
  TRAPNO=0x000000000000000e

Top of Stack: (sp=0x000070000c071660)
0x000070000c071660:   00007fffeb7ae700 00000001f34180e0
0x000070000c071670:   000070000c071690 ffff804d0cbe6fe0
0x000070000c071680:   00007fb2f3d93250 00007fb2f34180e0
0x000070000c071690:   0000000000000000 000070000c071718
0x000070000c0716a0:   00007fb2f34180e0 00007fb2f350c9b0
0x000070000c0716b0:   0000000000000000 00000000eb83e060
0x000070000c0716c0:   000000010e320975 fffffffecd4d06a0
0x000070000c0716d0:   00007fb2f3659fb0 00007fffcbc157ab
0x000070000c0716e0:   0000000000000000 0000000000000001
0x000070000c0716f0:   00007fb2f5b60280 000000000c071760
0x000070000c071700:   0000000000000000 0000000000000000
0x000070000c071710:   0000000000000000 0000000000000000
0x000070000c071720:   00007fb2f341a510 00007fb2f341a660
0x000070000c071730:   00007fb2f341a510 00007fb2f341a660
0x000070000c071740:   00007fb2f341aa30 00007fb2f341abb0
0x000070000c071750:   000000004683ebce 0000000000000000
0x000070000c071760:   0000000000000000 0000000000000000
0x000070000c071770:   0000000000000000 0000000000000000
0x000070000c071780:   00007fffeb6f52ec 00007fb2f3659fb0
0x000070000c071790:   00007fffcbc157ab 0000000000000000
0x000070000c0717a0:   0000000000000001 00007fb2f5b60280
0x000070000c0717b0:   00007fffe7bd0088 0000000000000000
0x000070000c0717c0:   000070000c0717e0 00007fffe21226c9
0x000070000c0717d0:   0000000000002c03 00007fffe7cf0118
0x000070000c0717e0:   000070000c071840 00007fffe2121c4e
0x000070000c0717f0:   00007fffeb7af040 ffff804d0a49f940
0x000070000c071800:   00007fb2f5fb3ff0 00007fb2f71b3f60
0x000070000c071810:   000000000d783a00 000070000c0719a0
0x000070000c071820:   0000000000000000 00007fffe2120b40
0x000070000c071830:   00000000000000f8 00007fffcbc08e75
0x000070000c071840:   000070000c071910 00000000e21215d4
0x000070000c071850:   00007fb2f5b60280 0000000000000000 

Instructions: (pc=0x000000011499f75b)
0x000000011499f73b:   00 e9 00 00 00 00 48 81 7d c8 00 00 00 00 0f 85
0x000000011499f74b:   05 00 00 00 e9 34 03 00 00 48 8b 45 c8 48 8b 00
0x000000011499f75b:   48 8b 40 78 48 8b 7d c8 ff d0 48 89 45 a0 48 3d
0x000000011499f76b:   00 00 00 00 0f 84 1d 00 00 00 48 8b 45 c8 48 8b 

Register to memory mapping:

RAX=0x0000000000000000 is an unknown value
RBX=0x00007fb2f71b3f60 is an unknown value
RCX=0x000000010e320975: jni_AttachCurrentThreadAsDaemon+0 in /Library/Java/JavaVirtualMachines/jdk1.8.0_65.jdk/Contents/Home/jre/lib/server/libjvm.dylib at 0x000000010e000000
RDX=0x0000000000000001 is an unknown value
RSP=0x000070000c071660 is an unknown value
RBP=0x000070000c0718b0 is an unknown value
RSI=0x0000000000000000 is an unknown value
RDI=0x0000000000000000 is an unknown value
R8 =0x0000000000000002 is an unknown value
R9 =0x42de2b1820b700bf is an unknown value
R10=0x00007fb2f365f320 is an unknown value
R11=0x00007fb2f3c2d8b0 is an unknown value
R12=0x00007fffe2120b40: objc_msgSend+0 in /usr/lib/libobjc.A.dylib at 0x00007fffe211a000
R13=0x00007fffe2120b40: objc_msgSend+0 in /usr/lib/libobjc.A.dylib at 0x00007fffe211a000
R14=0x0000000000000000 is an unknown value
R15=0x0000000000000000 is an unknown value


Stack: [0x000070000bf72000,0x000070000c072000],  sp=0x000070000c071660,  free space=1021k
Native frames: (J=compiled Java code, j=interpreted, Vv=VM code, C=native code)
C  [libswt-cocoa-4628.jnilib+0x275b]  callback+0x31b
C  [libswt-cocoa-4628.jnilib+0x52d3]  fn0_2+0x23
C  [AppKit+0x181d9c]  -[NSWindow orderWindow:relativeTo:]+0x76
C  [AppKit+0x2de684]  __18-[NSWindow _close]_block_invoke+0x209
C  [AppKit+0x2de42c]  -[NSWindow _close]+0x16d
C  [FinderKit+0xa87f9]  -[FI_TFloatingInputWindowController dealloc]+0x3b
C  [libobjc.A.dylib+0xedb7]  _ZN11objc_object17sidetable_releaseEb+0x11d
C  [AppKit+0x56df5]  -[NSWindowController release]+0x9b
C  [FinderKit+0xa84e4]  _ZN6TNSRefIP33FI_TFloatingInputWindowControllervED1Ev+0x14
C  [libsystem_c.dylib+0x60178]  __cxa_finalize_ranges+0x14c
C  [libsystem_c.dylib+0x604b2]  exit+0x37
V  [libjvm.dylib+0x2e926a]
V  [libjvm.dylib+0x5ae00d]
V  [libjvm.dylib+0x5ac677]
V  [libjvm.dylib+0x5acac4]
V  [libjvm.dylib+0x5ac3e3]
V  [libjvm.dylib+0x48342e]
C  [libsystem_pthread.dylib+0x3aab]  _pthread_body+0xb4
C  [libsystem_pthread.dylib+0x39f7]  _pthread_body+0x0
C  [libsystem_pthread.dylib+0x31fd]  thread_start+0xd

VM_Operation (0x000070000cc98658): Exit, mode: safepoint, requested by thread 0x00007fb2f3cde000


---------------  P R O C E S S  ---------------

Java Threads: ( => current thread )
  0x00007fb2f3cde000 JavaThread "SIGTERM handler" daemon [_thread_blocked, id=59179, stack(0x000070000cb99000,0x000070000cc99000)]
  0x00007fb2f400d800 JavaThread "DestroyJavaVM" [_thread_blocked, id=775, stack(0x00007fff51c9c000,0x00007fff5249c000)]
  0x00007fb2f3c09000 JavaThread "pool-1-thread-1" [_thread_blocked, id=63555, stack(0x000070000ca96000,0x000070000cb96000)]
  0x00007fb2f3859800 JavaThread "HSQLDB Timer @13bc8645" daemon [_thread_blocked, id=66055, stack(0x000070000c993000,0x000070000ca93000)]
  0x00007fb2f4051000 JavaThread "Service Thread" daemon [_thread_blocked, id=17923, stack(0x000070000c687000,0x000070000c787000)]
  0x00007fb2f5005800 JavaThread "C1 CompilerThread2" daemon [_thread_blocked, id=17411, stack(0x000070000c584000,0x000070000c684000)]
  0x00007fb2f4040800 JavaThread "C2 CompilerThread1" daemon [_thread_blocked, id=16899, stack(0x000070000c481000,0x000070000c581000)]
  0x00007fb2f3826000 JavaThread "C2 CompilerThread0" daemon [_thread_blocked, id=16387, stack(0x000070000c37e000,0x000070000c47e000)]
  0x00007fb2f3823000 JavaThread "Signal Dispatcher" daemon [_thread_blocked, id=15883, stack(0x000070000c27b000,0x000070000c37b000)]
  0x00007fb2f381d000 JavaThread "Finalizer" daemon [_thread_blocked, id=12291, stack(0x000070000c178000,0x000070000c278000)]
  0x00007fb2f381c800 JavaThread "Reference Handler" daemon [_thread_blocked, id=11779, stack(0x000070000c075000,0x000070000c175000)]

Other Threads:
=>0x00007fb2f381a000 VMThread [stack: 0x000070000bf72000,0x000070000c072000] [id=11267]

VM state:at safepoint (shutting down)

VM Mutex/Monitor currently owned by a thread:  ([mutex/lock_event])
[0x00007fb2f34057b0] Threads_lock - owner thread: 0x00007fb2f381a000

Heap:
 PSYoungGen      total 76288K, used 18555K [0x000000076ab00000, 0x0000000773680000, 0x00000007c0000000)
  eden space 65536K, 12% used [0x000000076ab00000,0x000000076b2cf920,0x000000076eb00000)
  from space 10752K, 98% used [0x000000076eb00000,0x000000076f54f5c0,0x000000076f580000)
  to   space 10752K, 0% used [0x0000000772c00000,0x0000000772c00000,0x0000000773680000)
 ParOldGen       total 84480K, used 9737K [0x00000006c0000000, 0x00000006c5280000, 0x000000076ab00000)
  object space 84480K, 11% used [0x00000006c0000000,0x00000006c0982468,0x00000006c5280000)
 Metaspace       used 31630K, capacity 32220K, committed 32768K, reserved 1077248K
  class space    used 3882K, capacity 4004K, committed 4096K, reserved 1048576K

Card table byte_map: [0x000000010f387000,0x000000010fb88000] byte_map_base: 0x000000010bd87000

Marking Bits: (ParMarkBitMap*) 0x000000010e8dee20
 Begin Bits: [0x0000000125a5b000, 0x0000000129a5b000)
 End Bits:   [0x0000000129a5b000, 0x000000012da5b000)

Polling page: 0x000000010d7f0000

CodeCache: size=245760Kb used=7282Kb max_used=7351Kb free=238478Kb
 bounds [0x0000000116a5b000, 0x000000011719b000, 0x0000000125a5b000]
 total_blobs=2852 nmethods=2253 adapters=512
 compilation: enabled

Compilation events (10 events):
Event: 136.776 Thread 0x00007fb2f5005800 2263       3       org.hsqldb.lib.HsqlTimer::compare (41 bytes)
Event: 136.777 Thread 0x00007fb2f5005800 nmethod 2263 0x0000000117185310 code [0x00000001171854c0, 0x0000000117185cb0]
Event: 143.314 Thread 0x00007fb2f5005800 2264   !   3       org.hsqldb.scriptio.ScriptWriterBase::run (16 bytes)
Event: 143.315 Thread 0x00007fb2f5005800 nmethod 2264 0x000000011718d2d0 code [0x000000011718d440, 0x000000011718d808]
Event: 143.315 Thread 0x00007fb2f5005800 2265       3       org.hsqldb.scriptio.ScriptWriterBase::sync (20 bytes)
Event: 143.316 Thread 0x00007fb2f5005800 nmethod 2265 0x000000011718d910 code [0x000000011718da80, 0x000000011718dd08]
Event: 315.250 Thread 0x00007fb2f5005800 2266       3       java.io.RandomAccessFile::write (6 bytes)
Event: 315.250 Thread 0x00007fb2f5005800 nmethod 2266 0x000000011718dd90 code [0x000000011718df00, 0x000000011718e088]
Event: 317.631 Thread 0x00007fb2f5005800 2268       1       java.util.logging.LogManager::access$500 (5 bytes)
Event: 317.631 Thread 0x00007fb2f5005800 nmethod 2268 0x000000011718e110 code [0x000000011718e260, 0x000000011718e350]

GC Heap History (8 events):
Event: 14.569 GC heap before
{Heap before GC invocations=1 (full 0):
 PSYoungGen      total 76288K, used 65536K [0x000000076ab00000, 0x0000000770000000, 0x00000007c0000000)
  eden space 65536K, 100% used [0x000000076ab00000,0x000000076eb00000,0x000000076eb00000)
  from space 10752K, 0% used [0x000000076f580000,0x000000076f580000,0x0000000770000000)
  to   space 10752K, 0% used [0x000000076eb00000,0x000000076eb00000,0x000000076f580000)
 ParOldGen       total 175104K, used 0K [0x00000006c0000000, 0x00000006cab00000, 0x000000076ab00000)
  object space 175104K, 0% used [0x00000006c0000000,0x00000006c0000000,0x00000006cab00000)
 Metaspace       used 11979K, capacity 12418K, committed 12672K, reserved 1060864K
  class space    used 1418K, capacity 1554K, committed 1664K, reserved 1048576K
Event: 14.578 GC heap after
Heap after GC invocations=1 (full 0):
 PSYoungGen      total 76288K, used 9632K [0x000000076ab00000, 0x0000000770000000, 0x00000007c0000000)
  eden space 65536K, 0% used [0x000000076ab00000,0x000000076ab00000,0x000000076eb00000)
  from space 10752K, 89% used [0x000000076eb00000,0x000000076f468210,0x000000076f580000)
  to   space 10752K, 0% used [0x000000076f580000,0x000000076f580000,0x0000000770000000)
 ParOldGen       total 175104K, used 30K [0x00000006c0000000, 0x00000006cab00000, 0x000000076ab00000)
  object space 175104K, 0% used [0x00000006c0000000,0x00000006c0007bf8,0x00000006cab00000)
 Metaspace       used 11979K, capacity 12418K, committed 12672K, reserved 1060864K
  class space    used 1418K, capacity 1554K, committed 1664K, reserved 1048576K
}
Event: 14.965 GC heap before
{Heap before GC invocations=2 (full 0):
 PSYoungGen      total 76288K, used 57634K [0x000000076ab00000, 0x0000000770000000, 0x00000007c0000000)
  eden space 65536K, 73% used [0x000000076ab00000,0x000000076d9e0628,0x000000076eb00000)
  from space 10752K, 89% used [0x000000076eb00000,0x000000076f468210,0x000000076f580000)
  to   space 10752K, 0% used [0x000000076f580000,0x000000076f580000,0x0000000770000000)
 ParOldGen       total 175104K, used 30K [0x00000006c0000000, 0x00000006cab00000, 0x000000076ab00000)
  object space 175104K, 0% used [0x00000006c0000000,0x00000006c0007bf8,0x00000006cab00000)
 Metaspace       used 20604K, capacity 21088K, committed 21248K, reserved 1067008K
  class space    used 2640K, capacity 2772K, committed 2816K, reserved 1048576K
Event: 14.977 GC heap after
Heap after GC invocations=2 (full 0):
 PSYoungGen      total 76288K, used 9945K [0x000000076ab00000, 0x0000000774000000, 0x00000007c0000000)
  eden space 65536K, 0% used [0x000000076ab00000,0x000000076ab00000,0x000000076eb00000)
  from space 10752K, 92% used [0x000000076f580000,0x000000076ff367d0,0x0000000770000000)
  to   space 10752K, 0% used [0x000000076eb00000,0x000000076eb00000,0x000000076f580000)
 ParOldGen       total 175104K, used 103K [0x00000006c0000000, 0x00000006cab00000, 0x000000076ab00000)
  object space 175104K, 0% used [0x00000006c0000000,0x00000006c0019c08,0x00000006cab00000)
 Metaspace       used 20604K, capacity 21088K, committed 21248K, reserved 1067008K
  class space    used 2640K, capacity 2772K, committed 2816K, reserved 1048576K
}
Event: 14.977 GC heap before
{Heap before GC invocations=3 (full 1):
 PSYoungGen      total 76288K, used 9945K [0x000000076ab00000, 0x0000000774000000, 0x00000007c0000000)
  eden space 65536K, 0% used [0x000000076ab00000,0x000000076ab00000,0x000000076eb00000)
  from space 10752K, 92% used [0x000000076f580000,0x000000076ff367d0,0x0000000770000000)
  to   space 10752K, 0% used [0x000000076eb00000,0x000000076eb00000,0x000000076f580000)
 ParOldGen       total 175104K, used 103K [0x00000006c0000000, 0x00000006cab00000, 0x000000076ab00000)
  object space 175104K, 0% used [0x00000006c0000000,0x00000006c0019c08,0x00000006cab00000)
 Metaspace       used 20604K, capacity 21088K, committed 21248K, reserved 1067008K
  class space    used 2640K, capacity 2772K, committed 2816K, reserved 1048576K
Event: 15.010 GC heap after
Heap after GC invocations=3 (full 1):
 PSYoungGen      total 76288K, used 0K [0x000000076ab00000, 0x0000000774000000, 0x00000007c0000000)
  eden space 65536K, 0% used [0x000000076ab00000,0x000000076ab00000,0x000000076eb00000)
  from space 10752K, 0% used [0x000000076f580000,0x000000076f580000,0x0000000770000000)
  to   space 10752K, 0% used [0x000000076eb00000,0x000000076eb00000,0x000000076f580000)
 ParOldGen       total 84480K, used 9729K [0x00000006c0000000, 0x00000006c5280000, 0x000000076ab00000)
  object space 84480K, 11% used [0x00000006c0000000,0x00000006c0980468,0x00000006c5280000)
 Metaspace       used 20604K, capacity 21088K, committed 21248K, reserved 1067008K
  class space    used 2640K, capacity 2772K, committed 2816K, reserved 1048576K
}
Event: 15.812 GC heap before
{Heap before GC invocations=4 (full 1):
 PSYoungGen      total 76288K, used 65536K [0x000000076ab00000, 0x0000000774000000, 0x00000007c0000000)
  eden space 65536K, 100% used [0x000000076ab00000,0x000000076eb00000,0x000000076eb00000)
  from space 10752K, 0% used [0x000000076f580000,0x000000076f580000,0x0000000770000000)
  to   space 10752K, 0% used [0x000000076eb00000,0x000000076eb00000,0x000000076f580000)
 ParOldGen       total 84480K, used 9729K [0x00000006c0000000, 0x00000006c5280000, 0x000000076ab00000)
  object space 84480K, 11% used [0x00000006c0000000,0x00000006c0980468,0x00000006c5280000)
 Metaspace       used 30770K, capacity 31306K, committed 31616K, reserved 1077248K
  class space    used 3793K, capacity 3935K, committed 3968K, reserved 1048576K
Event: 15.819 GC heap after
Heap after GC invocations=4 (full 1):
 PSYoungGen      total 76288K, used 10557K [0x000000076ab00000, 0x0000000773680000, 0x00000007c0000000)
  eden space 65536K, 0% used [0x000000076ab00000,0x000000076ab00000,0x000000076eb00000)
  from space 10752K, 98% used [0x000000076eb00000,0x000000076f54f5c0,0x000000076f580000)
  to   space 10752K, 0% used [0x0000000772c00000,0x0000000772c00000,0x0000000773680000)
 ParOldGen       total 84480K, used 9737K [0x00000006c0000000, 0x00000006c5280000, 0x000000076ab00000)
  object space 84480K, 11% used [0x00000006c0000000,0x00000006c0982468,0x00000006c5280000)
 Metaspace       used 30770K, capacity 31306K, committed 31616K, reserved 1077248K
  class space    used 3793K, capacity 3935K, committed 3968K, reserved 1048576K
}

Deoptimization events (10 events):
Event: 15.213 Thread 0x00007fb2f400d800 Uncommon trap: reason=unstable_if action=reinterpret pc=0x00000001170195a4 method=org.hsqldb.map.BaseHashMap.addOrRemove(JJLjava/lang/Object;Ljava/lang/Object;Z)Ljava/lang/Object; @ 601
Event: 15.261 Thread 0x00007fb2f400d800 Uncommon trap: reason=unstable_if action=reinterpret pc=0x0000000116c1c084 method=java.lang.ref.SoftReference.get()Ljava/lang/Object; @ 17
Event: 15.268 Thread 0x00007fb2f400d800 Uncommon trap: reason=unstable_if action=reinterpret pc=0x00000001170028f0 method=org.hsqldb.rights.Right.add(Lorg/hsqldb/rights/Right;)V @ 4
Event: 15.336 Thread 0x00007fb2f400d800 Uncommon trap: reason=unstable_if action=reinterpret pc=0x0000000116d33dac method=java.util.jar.Manifest$FastInputStream.peek()B @ 23
Event: 15.668 Thread 0x00007fb2f400d800 Uncommon trap: reason=unstable_if action=reinterpret pc=0x00000001170bf7b0 method=java.util.HashMap.putVal(ILjava/lang/Object;Ljava/lang/Object;ZZ)Ljava/lang/Object; @ 162
Event: 15.669 Thread 0x00007fb2f400d800 Uncommon trap: reason=unstable_if action=reinterpret pc=0x0000000116f50cb0 method=java.util.HashMap.getNode(ILjava/lang/Object;)Ljava/util/HashMap$Node; @ 84
Event: 15.669 Thread 0x00007fb2f400d800 Uncommon trap: reason=unstable_if action=reinterpret pc=0x0000000116e7e788 method=java.util.HashMap.getNode(ILjava/lang/Object;)Ljava/util/HashMap$Node; @ 84
Event: 15.669 Thread 0x00007fb2f400d800 Uncommon trap: reason=unstable_if action=reinterpret pc=0x00000001170b2fb0 method=java.util.HashMap.resize()[Ljava/util/HashMap$Node; @ 206
Event: 15.670 Thread 0x00007fb2f400d800 Uncommon trap: reason=unstable_if action=reinterpret pc=0x00000001170e3bc0 method=java.util.HashMap.putVal(ILjava/lang/Object;Ljava/lang/Object;ZZ)Ljava/lang/Object; @ 109
Event: 15.730 Thread 0x00007fb2f400d800 Uncommon trap: reason=unstable_if action=reinterpret pc=0x0000000116ebf6f0 method=java.lang.String.trim()Ljava/lang/String; @ 15

Internal exceptions (10 events):
Event: 6.728 Thread 0x00007fb2f400d800 Exception <a 'java/lang/ClassNotFoundException': com/dlas/dao/MvtCsvCustomizer> (0x000000076de67bb0) thrown at [/Users/java_re/workspace/8-2-build-macosx-x86_64/jdk8u65/4987/hotspot/src/share/vm/classfile/systemDictionary.cpp, line 210]
Event: 6.738 Thread 0x00007fb2f400d800 Exception <a 'java/lang/ClassNotFoundException': com/dlas/dao/MvtCustomizer> (0x000000076df2bbb0) thrown at [/Users/java_re/workspace/8-2-build-macosx-x86_64/jdk8u65/4987/hotspot/src/share/vm/classfile/systemDictionary.cpp, line 210]
Event: 6.742 Thread 0x00007fb2f400d800 Exception <a 'java/lang/ClassNotFoundException': java/lang/StringEditor> (0x000000076df598f0) thrown at [/Users/java_re/workspace/8-2-build-macosx-x86_64/jdk8u65/4987/hotspot/src/share/vm/classfile/systemDictionary.cpp, line 210]
Event: 6.833 Thread 0x00007fb2f400d800 Implicit null exception at 0x0000000116e80035 to 0x0000000116e80275
Event: 14.702 Thread 0x00007fb2f400d800 Exception <a 'java/lang/ClassNotFoundException': com/sun/org/glassfish/hk2/osgiresourcelocator/ServiceLoader> (0x000000076c9be9c8) thrown at [/Users/java_re/workspace/8-2-build-macosx-x86_64/jdk8u65/4987/hotspot/src/share/vm/classfile/systemDictionary.cpp
Event: 14.705 Thread 0x00007fb2f400d800 Exception <a 'java/lang/NullPointerException'> (0x000000076c9c89e8) thrown at [/Users/java_re/workspace/8-2-build-macosx-x86_64/jdk8u65/4987/hotspot/src/share/vm/interpreter/linkResolver.cpp, line 1280]
Event: 14.710 Thread 0x00007fb2f400d800 Implicit null exception at 0x0000000116e26d98 to 0x0000000116e26e26
Event: 14.728 Thread 0x00007fb2f400d800 Exception <a 'java/lang/ArrayIndexOutOfBoundsException'> (0x000000076ca67e18) thrown at [/Users/java_re/workspace/8-2-build-macosx-x86_64/jdk8u65/4987/hotspot/src/share/vm/runtime/sharedRuntime.cpp, line 605]
Event: 14.728 Thread 0x00007fb2f400d800 Exception <a 'java/lang/ArrayIndexOutOfBoundsException'> (0x000000076ca69300) thrown at [/Users/java_re/workspace/8-2-build-macosx-x86_64/jdk8u65/4987/hotspot/src/share/vm/runtime/sharedRuntime.cpp, line 605]
Event: 14.799 Thread 0x00007fb2f400d800 Implicit null exception at 0x0000000116c6ef73 to 0x0000000116c6f2f5

Events (10 events):
Event: 317.631 Thread 0x00007fb2f5005800 flushing nmethod 0x0000000116b7e510
Event: 317.631 Thread 0x00007fb2f5005800 flushing nmethod 0x0000000116b82e10
Event: 317.631 Thread 0x00007fb2f5005800 flushing nmethod 0x0000000116b83e50
Event: 317.631 Thread 0x00007fb2f5005800 flushing nmethod 0x0000000116b842d0
Event: 317.631 Thread 0x00007fb2f5005800 flushing nmethod 0x0000000116b85910
Event: 317.631 Thread 0x00007fb2f5005800 flushing nmethod 0x0000000116b8dd10
Event: 317.631 Thread 0x00007fb2f5005800 flushing nmethod 0x0000000116b8f790
Event: 317.631 Thread 0x00007fb2f5005800 flushing nmethod 0x0000000116b8fe90
Event: 317.631 Thread 0x00007fb2f5005800 flushing nmethod 0x0000000116b92310
Event: 317.673 Executing VM operation: Exit


Dynamic libraries:
0x0000000058109000 	/System/Library/Frameworks/Cocoa.framework/Versions/A/Cocoa
0x0000000058109000 	/System/Library/Frameworks/Security.framework/Versions/A/Security
0x0000000058109000 	/System/Library/Frameworks/ApplicationServices.framework/Versions/A/ApplicationServices
0x0000000058109000 	/usr/lib/libz.1.dylib
0x0000000058109000 	/usr/lib/libSystem.B.dylib
0x0000000058109000 	/usr/lib/libobjc.A.dylib
0x0000000058109000 	/System/Library/Frameworks/CoreFoundation.framework/Versions/A/CoreFoundation
0x0000000058109000 	/System/Library/Frameworks/Foundation.framework/Versions/C/Foundation
0x0000000058109000 	/System/Library/Frameworks/AppKit.framework/Versions/C/AppKit
0x0000000058109000 	/System/Library/Frameworks/CoreData.framework/Versions/A/CoreData
0x0000000058109000 	/System/Library/PrivateFrameworks/RemoteViewServices.framework/Versions/A/RemoteViewServices
0x0000000058109000 	/System/Library/PrivateFrameworks/UIFoundation.framework/Versions/A/UIFoundation
0x0000000058109000 	/System/Library/PrivateFrameworks/DFRFoundation.framework/Versions/A/DFRFoundation
0x0000000058109000 	/usr/lib/libenergytrace.dylib
0x0000000058109000 	/System/Library/PrivateFrameworks/SkyLight.framework/Versions/A/SkyLight
0x0000000058109000 	/System/Library/Frameworks/CoreGraphics.framework/Versions/A/CoreGraphics
0x0000000058109000 	/usr/lib/libScreenReader.dylib
0x0000000058109000 	/System/Library/Frameworks/Accelerate.framework/Versions/A/Accelerate
0x0000000058109000 	/System/Library/Frameworks/IOSurface.framework/Versions/A/IOSurface
0x0000000058109000 	/System/Library/Frameworks/AudioToolbox.framework/Versions/A/AudioToolbox
0x0000000058109000 	/System/Library/Frameworks/AudioUnit.framework/Versions/A/AudioUnit
0x0000000058109000 	/System/Library/PrivateFrameworks/DataDetectorsCore.framework/Versions/A/DataDetectorsCore
0x0000000058109000 	/System/Library/PrivateFrameworks/DesktopServicesPriv.framework/Versions/A/DesktopServicesPriv
0x0000000058109000 	/System/Library/Frameworks/Carbon.framework/Versions/A/Frameworks/HIToolbox.framework/Versions/A/HIToolbox
0x0000000058109000 	/usr/lib/libicucore.A.dylib
0x0000000058109000 	/System/Library/Frameworks/QuartzCore.framework/Versions/A/QuartzCore
0x0000000058109000 	/System/Library/Frameworks/Carbon.framework/Versions/A/Frameworks/SpeechRecognition.framework/Versions/A/SpeechRecognition
0x0000000058109000 	/usr/lib/libauto.dylib
0x0000000058109000 	/usr/lib/libxml2.2.dylib
0x0000000058109000 	/System/Library/PrivateFrameworks/CoreUI.framework/Versions/A/CoreUI
0x0000000058109000 	/System/Library/Frameworks/CoreAudio.framework/Versions/A/CoreAudio
0x0000000058109000 	/System/Library/Frameworks/DiskArbitration.framework/Versions/A/DiskArbitration
0x0000000058109000 	/usr/lib/liblangid.dylib
0x0000000058109000 	/System/Library/PrivateFrameworks/MultitouchSupport.framework/Versions/A/MultitouchSupport
0x0000000058109000 	/System/Library/Frameworks/IOKit.framework/Versions/A/IOKit
0x0000000058109000 	/usr/lib/libDiagnosticMessagesClient.dylib
0x0000000058109000 	/System/Library/Frameworks/CoreServices.framework/Versions/A/CoreServices
0x0000000058109000 	/System/Library/PrivateFrameworks/PerformanceAnalysis.framework/Versions/A/PerformanceAnalysis
0x0000000058109000 	/System/Library/PrivateFrameworks/GenerationalStorage.framework/Versions/A/GenerationalStorage
0x0000000058109000 	/System/Library/Frameworks/OpenGL.framework/Versions/A/OpenGL
0x0000000058109000 	/System/Library/Frameworks/CoreImage.framework/Versions/A/CoreImage
0x0000000058109000 	/System/Library/Frameworks/CoreText.framework/Versions/A/CoreText
0x0000000058109000 	/System/Library/Frameworks/ImageIO.framework/Versions/A/ImageIO
0x0000000058109000 	/System/Library/PrivateFrameworks/Backup.framework/Versions/A/Backup
0x0000000058109000 	/usr/lib/libarchive.2.dylib
0x0000000058109000 	/System/Library/Frameworks/CFNetwork.framework/Versions/A/CFNetwork
0x0000000058109000 	/System/Library/Frameworks/SystemConfiguration.framework/Versions/A/SystemConfiguration
0x0000000058109000 	/usr/lib/libCRFSuite.dylib
0x0000000058109000 	/usr/lib/libc++.1.dylib
0x0000000058109000 	/usr/lib/libc++abi.dylib
0x0000000058109000 	/usr/lib/system/libcache.dylib
0x0000000058109000 	/usr/lib/system/libcommonCrypto.dylib
0x0000000058109000 	/usr/lib/system/libcompiler_rt.dylib
0x0000000058109000 	/usr/lib/system/libcopyfile.dylib
0x0000000058109000 	/usr/lib/system/libcorecrypto.dylib
0x0000000058109000 	/usr/lib/system/libdispatch.dylib
0x0000000058109000 	/usr/lib/system/libdyld.dylib
0x0000000058109000 	/usr/lib/system/libkeymgr.dylib
0x0000000058109000 	/usr/lib/system/liblaunch.dylib
0x0000000058109000 	/usr/lib/system/libmacho.dylib
0x0000000058109000 	/usr/lib/system/libquarantine.dylib
0x0000000058109000 	/usr/lib/system/libremovefile.dylib
0x0000000058109000 	/usr/lib/system/libsystem_asl.dylib
0x0000000058109000 	/usr/lib/system/libsystem_blocks.dylib
0x0000000058109000 	/usr/lib/system/libsystem_c.dylib
0x0000000058109000 	/usr/lib/system/libsystem_configuration.dylib
0x0000000058109000 	/usr/lib/system/libsystem_coreservices.dylib
0x0000000058109000 	/usr/lib/system/libsystem_coretls.dylib
0x0000000058109000 	/usr/lib/system/libsystem_dnssd.dylib
0x0000000058109000 	/usr/lib/system/libsystem_info.dylib
0x0000000058109000 	/usr/lib/system/libsystem_kernel.dylib
0x0000000058109000 	/usr/lib/system/libsystem_m.dylib
0x0000000058109000 	/usr/lib/system/libsystem_malloc.dylib
0x0000000058109000 	/usr/lib/system/libsystem_network.dylib
0x0000000058109000 	/usr/lib/system/libsystem_networkextension.dylib
0x0000000058109000 	/usr/lib/system/libsystem_notify.dylib
0x0000000058109000 	/usr/lib/system/libsystem_platform.dylib
0x0000000058109000 	/usr/lib/system/libsystem_pthread.dylib
0x0000000058109000 	/usr/lib/system/libsystem_sandbox.dylib
0x0000000058109000 	/usr/lib/system/libsystem_secinit.dylib
0x0000000058109000 	/usr/lib/system/libsystem_symptoms.dylib
0x0000000058109000 	/usr/lib/system/libsystem_trace.dylib
0x0000000058109000 	/usr/lib/system/libunwind.dylib
0x0000000058109000 	/usr/lib/system/libxpc.dylib
0x0000000058109000 	/usr/lib/libbsm.0.dylib
0x0000000058109000 	/usr/lib/system/libkxld.dylib
0x0000000058109000 	/usr/lib/libcoretls.dylib
0x0000000058109000 	/usr/lib/libcoretls_cfhelpers.dylib
0x0000000058109000 	/usr/lib/libxar.1.dylib
0x0000000058109000 	/usr/lib/libsqlite3.dylib
0x0000000058109000 	/usr/lib/libpam.2.dylib
0x0000000058109000 	/usr/lib/libOpenScriptingUtil.dylib
0x0000000058109000 	/usr/lib/libbz2.1.0.dylib
0x0000000058109000 	/usr/lib/liblzma.5.dylib
0x0000000058109000 	/usr/lib/libnetwork.dylib
0x0000000058109000 	/usr/lib/libpcap.A.dylib
0x0000000058109000 	/System/Library/Frameworks/CoreServices.framework/Versions/A/Frameworks/FSEvents.framework/Versions/A/FSEvents
0x0000000058109000 	/System/Library/Frameworks/CoreServices.framework/Versions/A/Frameworks/CarbonCore.framework/Versions/A/CarbonCore
0x0000000058109000 	/System/Library/Frameworks/CoreServices.framework/Versions/A/Frameworks/Metadata.framework/Versions/A/Metadata
0x0000000058109000 	/System/Library/Frameworks/CoreServices.framework/Versions/A/Frameworks/OSServices.framework/Versions/A/OSServices
0x0000000058109000 	/System/Library/Frameworks/CoreServices.framework/Versions/A/Frameworks/SearchKit.framework/Versions/A/SearchKit
0x0000000058109000 	/System/Library/Frameworks/CoreServices.framework/Versions/A/Frameworks/AE.framework/Versions/A/AE
0x0000000058109000 	/System/Library/Frameworks/CoreServices.framework/Versions/A/Frameworks/LaunchServices.framework/Versions/A/LaunchServices
0x0000000058109000 	/System/Library/Frameworks/CoreServices.framework/Versions/A/Frameworks/DictionaryServices.framework/Versions/A/DictionaryServices
0x0000000058109000 	/System/Library/Frameworks/CoreServices.framework/Versions/A/Frameworks/SharedFileList.framework/Versions/A/SharedFileList
0x0000000058109000 	/System/Library/Frameworks/NetFS.framework/Versions/A/NetFS
0x0000000058109000 	/System/Library/PrivateFrameworks/NetAuth.framework/Versions/A/NetAuth
0x0000000058109000 	/System/Library/PrivateFrameworks/login.framework/Versions/A/Frameworks/loginsupport.framework/Versions/A/loginsupport
0x0000000058109000 	/System/Library/PrivateFrameworks/TCC.framework/Versions/A/TCC
0x0000000058109000 	/usr/lib/libmecabra.dylib
0x0000000058109000 	/System/Library/Frameworks/ApplicationServices.framework/Versions/A/Frameworks/ATS.framework/Versions/A/ATS
0x0000000058109000 	/System/Library/Frameworks/ApplicationServices.framework/Versions/A/Frameworks/ColorSync.framework/Versions/A/ColorSync
0x0000000058109000 	/System/Library/Frameworks/ApplicationServices.framework/Versions/A/Frameworks/HIServices.framework/Versions/A/HIServices
0x0000000058109000 	/System/Library/Frameworks/ApplicationServices.framework/Versions/A/Frameworks/LangAnalysis.framework/Versions/A/LangAnalysis
0x0000000058109000 	/System/Library/Frameworks/ApplicationServices.framework/Versions/A/Frameworks/PrintCore.framework/Versions/A/PrintCore
0x0000000058109000 	/System/Library/Frameworks/ApplicationServices.framework/Versions/A/Frameworks/QD.framework/Versions/A/QD
0x0000000058109000 	/System/Library/Frameworks/ApplicationServices.framework/Versions/A/Frameworks/SpeechSynthesis.framework/Versions/A/SpeechSynthesis
0x0000000058109000 	/System/Library/Frameworks/Accelerate.framework/Versions/A/Frameworks/vImage.framework/Versions/A/vImage
0x0000000058109000 	/System/Library/Frameworks/Accelerate.framework/Versions/A/Frameworks/vecLib.framework/Versions/A/vecLib
0x0000000058109000 	/System/Library/Frameworks/Accelerate.framework/Versions/A/Frameworks/vecLib.framework/Versions/A/libvDSP.dylib
0x0000000058109000 	/System/Library/Frameworks/Accelerate.framework/Versions/A/Frameworks/vecLib.framework/Versions/A/libBNNS.dylib
0x0000000058109000 	/System/Library/Frameworks/Accelerate.framework/Versions/A/Frameworks/vecLib.framework/Versions/A/libQuadrature.dylib
0x0000000058109000 	/System/Library/Frameworks/Accelerate.framework/Versions/A/Frameworks/vecLib.framework/Versions/A/libvMisc.dylib
0x0000000058109000 	/System/Library/Frameworks/Accelerate.framework/Versions/A/Frameworks/vecLib.framework/Versions/A/libLAPACK.dylib
0x0000000058109000 	/System/Library/Frameworks/Accelerate.framework/Versions/A/Frameworks/vecLib.framework/Versions/A/libBLAS.dylib
0x0000000058109000 	/System/Library/Frameworks/Accelerate.framework/Versions/A/Frameworks/vecLib.framework/Versions/A/libLinearAlgebra.dylib
0x0000000058109000 	/System/Library/Frameworks/Accelerate.framework/Versions/A/Frameworks/vecLib.framework/Versions/A/libSparseBLAS.dylib
0x0000000058109000 	/System/Library/Frameworks/ApplicationServices.framework/Versions/A/Frameworks/ATS.framework/Versions/A/Resources/libFontParser.dylib
0x0000000058109000 	/System/Library/Frameworks/ApplicationServices.framework/Versions/A/Frameworks/ATS.framework/Versions/A/Resources/libFontRegistry.dylib
0x0000000058109000 	/System/Library/Frameworks/ImageIO.framework/Versions/A/Resources/libJPEG.dylib
0x0000000058109000 	/System/Library/Frameworks/ImageIO.framework/Versions/A/Resources/libTIFF.dylib
0x0000000058109000 	/System/Library/Frameworks/ImageIO.framework/Versions/A/Resources/libPng.dylib
0x0000000058109000 	/System/Library/Frameworks/ImageIO.framework/Versions/A/Resources/libGIF.dylib
0x0000000058109000 	/System/Library/Frameworks/ImageIO.framework/Versions/A/Resources/libJP2.dylib
0x0000000058109000 	/System/Library/Frameworks/ImageIO.framework/Versions/A/Resources/libRadiance.dylib
0x0000000058109000 	/usr/lib/libcompression.dylib
0x0000000058109000 	/System/Library/PrivateFrameworks/AppleJPEG.framework/Versions/A/AppleJPEG
0x0000000058109000 	/usr/lib/libcups.2.dylib
0x0000000058109000 	/System/Library/Frameworks/Kerberos.framework/Versions/A/Kerberos
0x0000000058109000 	/System/Library/Frameworks/GSS.framework/Versions/A/GSS
0x0000000058109000 	/usr/lib/libresolv.9.dylib
0x0000000058109000 	/usr/lib/libiconv.2.dylib
0x0000000058109000 	/System/Library/PrivateFrameworks/Heimdal.framework/Versions/A/Heimdal
0x0000000058109000 	/usr/lib/libheimdal-asn1.dylib
0x0000000058109000 	/System/Library/Frameworks/OpenDirectory.framework/Versions/A/OpenDirectory
0x0000000058109000 	/System/Library/PrivateFrameworks/CommonAuth.framework/Versions/A/CommonAuth
0x0000000058109000 	/System/Library/Frameworks/OpenDirectory.framework/Versions/A/Frameworks/CFOpenDirectory.framework/Versions/A/CFOpenDirectory
0x0000000058109000 	/System/Library/Frameworks/SecurityFoundation.framework/Versions/A/SecurityFoundation
0x0000000058109000 	/System/Library/PrivateFrameworks/LanguageModeling.framework/Versions/A/LanguageModeling
0x0000000058109000 	/usr/lib/libmarisa.dylib
0x0000000058109000 	/usr/lib/libChineseTokenizer.dylib
0x0000000058109000 	/usr/lib/libcmph.dylib
0x0000000058109000 	/System/Library/PrivateFrameworks/CoreEmoji.framework/Versions/A/CoreEmoji
0x0000000058109000 	/System/Library/Frameworks/ServiceManagement.framework/Versions/A/ServiceManagement
0x0000000058109000 	/usr/lib/libxslt.1.dylib
0x0000000058109000 	/System/Library/Frameworks/Carbon.framework/Versions/A/Frameworks/Ink.framework/Versions/A/Ink
0x0000000058109000 	/System/Library/PrivateFrameworks/TextureIO.framework/Versions/A/TextureIO
0x0000000058109000 	/System/Library/Frameworks/Metal.framework/Versions/A/Metal
0x0000000058109000 	/usr/lib/libate.dylib
0x0000000058109000 	/System/Library/PrivateFrameworks/GPUCompiler.framework/libmetal_timestamp.dylib
0x0000000058109000 	/System/Library/Frameworks/OpenGL.framework/Versions/A/Libraries/libCoreFSCache.dylib
0x0000000058109000 	/System/Library/PrivateFrameworks/IOAccelerator.framework/Versions/A/IOAccelerator
0x0000000058109000 	/System/Library/Frameworks/CoreVideo.framework/Versions/A/CoreVideo
0x0000000058109000 	/usr/lib/libFosl_dynamic.dylib
0x0000000058109000 	/System/Library/PrivateFrameworks/MetalPerformanceShaders.framework/Versions/A/MetalPerformanceShaders
0x0000000058109000 	/System/Library/PrivateFrameworks/FaceCore.framework/Versions/A/FaceCore
0x0000000058109000 	/System/Library/Frameworks/OpenCL.framework/Versions/A/OpenCL
0x0000000058109000 	/System/Library/Frameworks/OpenGL.framework/Versions/A/Libraries/libGLU.dylib
0x0000000058109000 	/System/Library/Frameworks/OpenGL.framework/Versions/A/Libraries/libGFXShared.dylib
0x0000000058109000 	/System/Library/Frameworks/OpenGL.framework/Versions/A/Libraries/libGL.dylib
0x0000000058109000 	/System/Library/Frameworks/OpenGL.framework/Versions/A/Libraries/libGLImage.dylib
0x0000000058109000 	/System/Library/Frameworks/OpenGL.framework/Versions/A/Libraries/libCVMSPluginSupport.dylib
0x0000000058109000 	/System/Library/Frameworks/OpenGL.framework/Versions/A/Libraries/libCoreVMClient.dylib
0x0000000058109000 	/System/Library/PrivateFrameworks/CrashReporterSupport.framework/Versions/A/CrashReporterSupport
0x0000000058109000 	/System/Library/PrivateFrameworks/Sharing.framework/Versions/A/Sharing
0x0000000058109000 	/System/Library/PrivateFrameworks/IconServices.framework/Versions/A/IconServices
0x0000000058109000 	/System/Library/PrivateFrameworks/ProtocolBuffer.framework/Versions/A/ProtocolBuffer
0x0000000058109000 	/System/Library/PrivateFrameworks/Apple80211.framework/Versions/A/Apple80211
0x0000000058109000 	/System/Library/Frameworks/CoreWLAN.framework/Versions/A/CoreWLAN
0x0000000058109000 	/System/Library/PrivateFrameworks/CoreUtils.framework/Versions/A/CoreUtils
0x0000000058109000 	/System/Library/Frameworks/IOBluetooth.framework/Versions/A/IOBluetooth
0x0000000058109000 	/System/Library/PrivateFrameworks/CoreWiFi.framework/Versions/A/CoreWiFi
0x0000000058109000 	/System/Library/Frameworks/CoreBluetooth.framework/Versions/A/CoreBluetooth
0x0000000058109000 	/System/Library/Frameworks/CoreDisplay.framework/Versions/A/CoreDisplay
0x0000000058109000 	/System/Library/PrivateFrameworks/IOPresentment.framework/Versions/A/IOPresentment
0x0000000058109000 	/System/Library/PrivateFrameworks/DebugSymbols.framework/Versions/A/DebugSymbols
0x0000000058109000 	/System/Library/PrivateFrameworks/CoreSymbolication.framework/Versions/A/CoreSymbolication
0x0000000058109000 	/System/Library/PrivateFrameworks/Symbolication.framework/Versions/A/Symbolication
0x0000000058109000 	/System/Library/PrivateFrameworks/AppleFSCompression.framework/Versions/A/AppleFSCompression
0x0000000058109000 	/System/Library/PrivateFrameworks/SpeechRecognitionCore.framework/Versions/A/SpeechRecognitionCore
0x0000000058109000 	/System/Library/PrivateFrameworks/ChunkingLibrary.framework/Versions/A/ChunkingLibrary
0x000000010e000000 	/Library/Java/JavaVirtualMachines/jdk1.8.0_65.jdk/Contents/Home/jre/lib/server/libjvm.dylib
0x0000000058109000 	/usr/lib/libstdc++.6.dylib
0x000000010d7e2000 	/Library/Java/JavaVirtualMachines/jdk1.8.0_65.jdk/Contents/Home/jre/lib/libverify.dylib
0x000000010ef89000 	/Library/Java/JavaVirtualMachines/jdk1.8.0_65.jdk/Contents/Home/jre/lib/libjava.dylib
0x000000010efbe000 	/Library/Java/JavaVirtualMachines/jdk1.8.0_65.jdk/Contents/Home/jre/lib/libzip.dylib
0x00000001123fc000 	/System/Library/Frameworks/JavaVM.framework/Frameworks/JavaRuntimeSupport.framework/JavaRuntimeSupport
0x0000000112416000 	/System/Library/Frameworks/JavaVM.framework/Versions/A/Frameworks/JavaNativeFoundation.framework/Versions/A/JavaNativeFoundation
0x000000011242b000 	/System/Library/Frameworks/JavaVM.framework/Versions/A/JavaVM
0x0000000058109000 	/System/Library/Frameworks/Carbon.framework/Versions/A/Carbon
0x0000000112438000 	/System/Library/PrivateFrameworks/JavaLaunching.framework/Versions/A/JavaLaunching
0x0000000058109000 	/System/Library/Frameworks/Carbon.framework/Versions/A/Frameworks/CommonPanels.framework/Versions/A/CommonPanels
0x0000000058109000 	/System/Library/Frameworks/Carbon.framework/Versions/A/Frameworks/Help.framework/Versions/A/Help
0x0000000058109000 	/System/Library/Frameworks/Carbon.framework/Versions/A/Frameworks/ImageCapture.framework/Versions/A/ImageCapture
0x0000000058109000 	/System/Library/Frameworks/Carbon.framework/Versions/A/Frameworks/OpenScripting.framework/Versions/A/OpenScripting
0x0000000058109000 	/System/Library/Frameworks/Carbon.framework/Versions/A/Frameworks/Print.framework/Versions/A/Print
0x0000000058109000 	/System/Library/Frameworks/Carbon.framework/Versions/A/Frameworks/SecurityHI.framework/Versions/A/SecurityHI
0x000000011499d000 	/Users/didierlasnier/.swt/lib/macosx/x86_64/libswt-cocoa-4628.jnilib
0x0000000058109000 	/System/Library/Frameworks/WebKit.framework/Versions/A/WebKit
0x0000000058109000 	/System/Library/Frameworks/JavaScriptCore.framework/Versions/A/JavaScriptCore
0x0000000058109000 	/System/Library/Frameworks/SecurityInterface.framework/Versions/A/SecurityInterface
0x0000000058109000 	/System/Library/Frameworks/WebKit.framework/Versions/A/Frameworks/WebKitLegacy.framework/Versions/A/WebKitLegacy
0x0000000058109000 	/System/Library/Frameworks/WebKit.framework/Versions/A/Frameworks/WebCore.framework/Versions/A/WebCore
0x000000011428e000 	/Users/didierlasnier/.swt/lib/macosx/x86_64/libswt-pi-cocoa-4628.jnilib
0x0000000058109000 	/System/Library/PrivateFrameworks/CoreServicesInternal.framework/Versions/A/CoreServicesInternal
0x0000000058109000 	/System/Library/Frameworks/Accelerate.framework/Versions/A/Frameworks/vImage.framework/Versions/A/Libraries/libCGInterfaces.dylib
0x0000000058109000 	/System/Library/Frameworks/ApplicationServices.framework/Versions/A/Frameworks/ATS.framework/Versions/A/Resources/libTrueTypeScaler.dylib
0x0000000058109000 	/System/Library/PrivateFrameworks/FamilyControls.framework/Versions/A/FamilyControls
0x0000000058109000 	/System/Library/PrivateFrameworks/CommerceKit.framework/Versions/A/Frameworks/CommerceCore.framework/Versions/A/CommerceCore
0x0000000058109000 	/System/Library/PrivateFrameworks/SystemAdministration.framework/Versions/A/SystemAdministration
0x0000000058109000 	/System/Library/PrivateFrameworks/AppContainer.framework/Versions/A/AppContainer
0x0000000058109000 	/System/Library/PrivateFrameworks/SecCodeWrapper.framework/Versions/A/SecCodeWrapper
0x0000000058109000 	/System/Library/Frameworks/DirectoryService.framework/Versions/A/DirectoryService
0x0000000058109000 	/System/Library/PrivateFrameworks/DiskImages.framework/Versions/A/DiskImages
0x0000000058109000 	/System/Library/PrivateFrameworks/LoginUIKit.framework/Versions/A/Frameworks/LoginUICore.framework/Versions/A/LoginUICore
0x0000000058109000 	/usr/lib/libCoreStorage.dylib
0x0000000058109000 	/usr/lib/libcsfde.dylib
0x0000000058109000 	/usr/lib/libodfde.dylib
0x0000000058109000 	/System/Library/Frameworks/DiscRecording.framework/Versions/A/DiscRecording
0x0000000058109000 	/usr/lib/libcurl.4.dylib
0x0000000058109000 	/System/Library/PrivateFrameworks/MediaKit.framework/Versions/A/MediaKit
0x0000000058109000 	/System/Library/PrivateFrameworks/ProtectedCloudStorage.framework/Versions/A/ProtectedCloudStorage
0x0000000058109000 	/System/Library/PrivateFrameworks/EFILogin.framework/Versions/A/EFILogin
0x0000000058109000 	/usr/lib/libutil.dylib
0x0000000058109000 	/System/Library/Frameworks/LDAP.framework/Versions/A/LDAP
0x0000000058109000 	/usr/lib/libsasl2.2.dylib
0x0000000058109000 	/System/Library/PrivateFrameworks/CoreDaemon.framework/Versions/B/CoreDaemon
0x0000000058109000 	/System/Library/PrivateFrameworks/AppleSRP.framework/Versions/A/AppleSRP
0x0000000058109000 	/System/Library/PrivateFrameworks/APFS.framework/Versions/A/APFS
0x0000000058109000 	/System/Library/Frameworks/OpenGL.framework/Versions/A/Resources/GLEngine.bundle/GLEngine
0x0000000058109000 	/System/Library/Frameworks/OpenGL.framework/Versions/A/Libraries/libGLProgrammability.dylib
0x000000012f708000 	/System/Library/Extensions/AppleIntelBDWGraphicsGLDriver.bundle/Contents/MacOS/AppleIntelBDWGraphicsGLDriver
0x0000000058109000 	/System/Library/PrivateFrameworks/GPUSupport.framework/Versions/A/Libraries/libGPUSupportMercury.dylib
0x0000000058109000 	/System/Library/Frameworks/OpenGL.framework/Versions/A/Resources/GLRendererFloat.bundle/GLRendererFloat
0x0000000058109000 	/System/Library/Frameworks/OpenCL.framework/Versions/A/Libraries/libcldcpuengine.dylib
0x0000000058109000 	/usr/lib/libcrypto.0.9.8.dylib
0x0000000058109000 	/System/Library/PrivateFrameworks/TrustEvaluationAgent.framework/Versions/A/TrustEvaluationAgent
0x0000000116864000 	/System/Library/Extensions/AppleIntelBDWGraphicsMTLDriver.bundle/Contents/MacOS/AppleIntelBDWGraphicsMTLDriver
0x0000000058109000 	/System/Library/CoreServices/RawCamera.bundle/Contents/MacOS/RawCamera
0x0000000058109000 	/System/Library/PrivateFrameworks/FinderKit.framework/Versions/A/FinderKit
0x0000000058109000 	/System/Library/Frameworks/Quartz.framework/Versions/A/Frameworks/QuickLookUI.framework/Versions/A/QuickLookUI
0x0000000058109000 	/System/Library/Frameworks/Quartz.framework/Versions/A/Frameworks/ImageKit.framework/Versions/A/ImageKit
0x0000000058109000 	/System/Library/PrivateFrameworks/Bom.framework/Versions/A/Bom
0x0000000058109000 	/System/Library/Frameworks/QuickLook.framework/Versions/A/QuickLook
0x0000000058109000 	/System/Library/PrivateFrameworks/Suggestions.framework/Versions/A/Suggestions
0x0000000058109000 	/System/Library/PrivateFrameworks/AppleSystemInfo.framework/Versions/A/AppleSystemInfo
0x0000000058109000 	/System/Library/Frameworks/ImageCaptureCore.framework/Versions/A/ImageCaptureCore
0x0000000058109000 	/System/Library/Frameworks/SafariServices.framework/Versions/A/SafariServices
0x0000000058109000 	/System/Library/Frameworks/QTKit.framework/Versions/A/QTKit
0x0000000058109000 	/System/Library/PrivateFrameworks/MobileKeyBag.framework/Versions/A/MobileKeyBag
0x0000000058109000 	/System/Library/PrivateFrameworks/ViewBridge.framework/Versions/A/ViewBridge
0x0000000058109000 	/System/Library/PrivateFrameworks/XPCService.framework/Versions/A/XPCService
0x0000000058109000 	/System/Library/PrivateFrameworks/AppSandbox.framework/Versions/A/AppSandbox
0x0000000058109000 	/usr/lib/libsandbox.1.dylib
0x0000000058109000 	/usr/lib/libMatch.1.dylib
0x0000000058109000 	/System/Library/Frameworks/AVFoundation.framework/Versions/A/AVFoundation
0x0000000058109000 	/System/Library/Frameworks/CoreMedia.framework/Versions/A/CoreMedia
0x0000000058109000 	/System/Library/Frameworks/MediaToolbox.framework/Versions/A/MediaToolbox
0x0000000058109000 	/System/Library/Frameworks/VideoToolbox.framework/Versions/A/VideoToolbox
0x0000000058109000 	/System/Library/PrivateFrameworks/CoreMediaAuthoring.framework/Versions/A/CoreMediaAuthoring
0x0000000058109000 	/System/Library/Frameworks/CoreMediaIO.framework/Versions/A/CoreMediaIO
0x0000000058109000 	/System/Library/Frameworks/AVFoundation.framework/Versions/A/Frameworks/AVFAudio.framework/Versions/A/AVFAudio
0x0000000058109000 	/System/Library/PrivateFrameworks/IntlPreferences.framework/Versions/A/IntlPreferences
0x0000000058109000 	/usr/lib/libspindump.dylib
0x0000000058109000 	/usr/lib/libdscsym.dylib
0x0000000058109000 	/System/Library/PrivateFrameworks/CoreAVCHD.framework/Versions/A/CoreAVCHD
0x0000000058109000 	/System/Library/Frameworks/MediaAccessibility.framework/Versions/A/MediaAccessibility
0x0000000058109000 	/System/Library/PrivateFrameworks/Mangrove.framework/Versions/A/Mangrove
0x0000000058109000 	/System/Library/PrivateFrameworks/CoreAUC.framework/Versions/A/CoreAUC
0x0000000058109000 	/System/Library/PrivateFrameworks/AppleVA.framework/Versions/A/AppleVA
0x0000000058109000 	/System/Library/PrivateFrameworks/QuickLookThumbnailing.framework/Versions/A/QuickLookThumbnailing
0x0000000058109000 	/System/Library/PrivateFrameworks/DisplayServices.framework/Versions/A/DisplayServices
0x0000000058109000 	/System/Library/Frameworks/Quartz.framework/Versions/A/Frameworks/PDFKit.framework/Versions/A/PDFKit
0x0000000058109000 	/System/Library/Frameworks/Quartz.framework/Versions/A/Frameworks/QuartzComposer.framework/Versions/A/QuartzComposer
0x0000000058109000 	/System/Library/Frameworks/Quartz.framework/Versions/A/Frameworks/QuartzFilters.framework/Versions/A/QuartzFilters
0x0000000058109000 	/System/Library/PrivateFrameworks/CorePDF.framework/Versions/A/CorePDF
0x0000000058109000 	/System/Library/Frameworks/AddressBook.framework/Versions/A/AddressBook
0x0000000058109000 	/System/Library/PrivateFrameworks/ContactsPersistence.framework/Versions/A/ContactsPersistence
0x0000000058109000 	/System/Library/PrivateFrameworks/CalendarAgentLink.framework/Versions/A/CalendarAgentLink
0x0000000058109000 	/System/Library/PrivateFrameworks/ContactsFoundation.framework/Versions/A/ContactsFoundation
0x0000000058109000 	/System/Library/PrivateFrameworks/vCard.framework/Versions/A/vCard
0x0000000058109000 	/System/Library/PrivateFrameworks/ToneLibrary.framework/Versions/A/ToneLibrary
0x0000000058109000 	/System/Library/PrivateFrameworks/ToneKit.framework/Versions/A/ToneKit
0x0000000058109000 	/System/Library/PrivateFrameworks/ApplePushService.framework/Versions/A/ApplePushService
0x0000000058109000 	/System/Library/PrivateFrameworks/PhoneNumbers.framework/Versions/A/PhoneNumbers
0x0000000058109000 	/System/Library/Frameworks/Quartz.framework/Versions/A/Quartz
0x0000000058109000 	/System/Library/Frameworks/Accounts.framework/Versions/A/Accounts
0x0000000058109000 	/System/Library/PrivateFrameworks/OAuth.framework/Versions/A/OAuth
0x0000000058109000 	/System/Library/PrivateFrameworks/CacheDelete.framework/Versions/A/CacheDelete
0x0000000058109000 	/System/Library/PrivateFrameworks/CloudDocs.framework/Versions/A/CloudDocs
0x0000000058109000 	/System/Library/Frameworks/CloudKit.framework/Versions/A/CloudKit
0x0000000058109000 	/System/Library/PrivateFrameworks/MMCS.framework/Versions/A/MMCS
0x0000000058109000 	/System/Library/Frameworks/CoreLocation.framework/Versions/A/CoreLocation
0x0000000058109000 	/System/Library/PrivateFrameworks/AssetCacheServices.framework/Versions/A/AssetCacheServices
0x0000000058109000 	/System/Library/PrivateFrameworks/GeoServices.framework/Versions/A/GeoServices
0x0000000058109000 	/System/Library/PrivateFrameworks/PlugInKit.framework/Versions/A/PlugInKit
0x000000012fe64000 	/System/Library/Filesystems/NetFSPlugins/afp.bundle/Contents/MacOS/afp
0x00000001301a8000 	/System/Library/PrivateFrameworks/AppleShareClientCore.framework/Versions/A/AppleShareClientCore
0x0000000058109000 	/System/Library/PrivateFrameworks/KerberosHelper.framework/Versions/A/KerberosHelper
0x0000000058109000 	/System/Library/PrivateFrameworks/iLifeMediaBrowser.framework/Versions/A/iLifeMediaBrowser
0x0000000058109000 	/System/Library/Frameworks/AVKit.framework/Versions/A/AVKit
0x0000000058109000 	/System/Library/PrivateFrameworks/MediaRemote.framework/Versions/A/MediaRemote
0x0000000058109000 	/System/Library/PrivateFrameworks/MediaServices.framework/Versions/A/MediaServices
0x0000000132788000 	/System/Library/Frameworks/Security.framework/PlugIns/csparser.bundle/Contents/MacOS/csparser
0x0000000132ee9000 	/System/Library/Frameworks/Quartz.framework/Versions/A/Frameworks/QuickLookUI.framework/Versions/A/PlugIns/Web2.qldisplay/Contents/MacOS/Web2
0x0000000058109000 	/System/Library/PrivateFrameworks/ShareKit.framework/Versions/A/ShareKit
0x0000000058109000 	/System/Library/Frameworks/Social.framework/Versions/A/Social
0x0000000058109000 	/System/Library/PrivateFrameworks/AccountsUI.framework/Versions/A/AccountsUI
0x0000000058109000 	/System/Library/PrivateFrameworks/AccountsDaemon.framework/Versions/A/AccountsDaemon
0x0000000132f1a000 	/System/Library/Frameworks/Quartz.framework/Versions/A/Frameworks/QuickLookUI.framework/Versions/A/PlugIns/Generic.qldisplay/Contents/MacOS/Generic
0x0000000132f26000 	/System/Library/PrivateFrameworks/Lookup.framework/Lookup
0x0000000058109000 	/System/Library/PrivateFrameworks/DataDetectors.framework/Versions/A/DataDetectors

VM Arguments:
jvm_args: -Dfile.encoding=UTF-8 
java_command: com.dlas.gui.EcranAccueil
java_class_path (initial): /Volumes/LaCie/ProjetDev/WrkSpaceEclipse/WyccExcel/bin:/Volumes/LaCie/ProjetDev/WrkSpaceEclipse/WyccExcel/lib/log4j-1.2.17.jar:/Volumes/LaCie/ProjetDev/WrkSpaceEclipse/WyccExcel/lib/opencsv-3.8.jar:/Volumes/LaCie/ProjetDev/WrkSpaceEclipse/WyccExcel/lib/poi-3.15.jar:/Volumes/LaCie/ProjetDev/WrkSpaceEclipse/WyccExcel/lib/poi-excelant-3.15.jar:/Volumes/LaCie/ProjetDev/WrkSpaceEclipse/WyccExcel/lib/poi-ooxml-3.15.jar:/Volumes/LaCie/ProjetDev/WrkSpaceEclipse/WyccExcel/lib/poi-ooxml-schemas-3.15.jar:/Volumes/LaCie/ProjetDev/WrkSpaceEclipse/WyccExcel/lib/poi-scratchpad-3.15.jar:/Volumes/LaCie/ProjetDev/WrkSpaceEclipse/WyccExcel/lib/gson-2.2.2.jar:/Volumes/LaCie/ProjetDev/WrkSpaceEclipse/WyccExcel/lib/commons-collections4-4.1.jar:/Volumes/LaCie/ProjetDev/WrkSpaceEclipse/WyccExcel/lib/hibernate-core-5.2.6.Final.jar:/Volumes/LaCie/ProjetDev/WrkSpaceEclipse/WyccExcel/lib/xmlbeans-2.6.0.jar:/Volumes/LaCie/ProjetDev/WrkSpaceEclipse/WyccExcel/lib/curvesapi-1.04.jar:/Volumes/LaCie/ProjetDev/WrkSpaceEclipse/WyccExcel/lib/antlr-2.7.7.jar:/Volumes/LaCie/ProjetDev/WrkSpaceEclipse/WyccExcel/lib/classmate-1.3.0.jar:/Volumes/LaCie/ProjetDev/WrkSpaceEclipse/WyccExcel/lib/dom4j-1.6.1.jar:/Volumes/LaCie/ProjetDev/WrkSpaceEclipse/WyccExcel/lib/geronimo-jta_1.1_spec-1.1.1.jar:/Volumes/LaCie/ProjetDev/WrkSpaceEclipse/WyccExcel/lib/hibernate-commons-annotations-5.0.1.Final.jar:/Volumes/LaCie/ProjetDev/WrkSpaceEclipse/WyccExcel/lib/hibernate-core-5.1.0.Final.jar:/Volumes/LaCie/ProjetDev/WrkSpaceEclipse/WyccExcel/lib/hibernate-jpa-2.1-api-1.0.0.Final.jar:/Volumes/LaCie/ProjetDev/WrkSpaceEclipse/WyccExcel/lib/jandex-2.0.0.Final.jar:/Volumes/LaCie/ProjetDev/WrkSpaceEclipse/WyccExcel/lib/javassist-3.20.0-GA.jar:/Volumes/LaCie/ProjetDev/WrkSpaceEclipse/WyccExcel/lib/jboss-logging-3.3.0.Final.jar:/Volumes/LaCie/ProjetDev/WrkSpaceEclipse/WyccExcel/lib/hsqldb.jar:/Volumes/LaCie/ProjetDev/WrkSpaceEclipse/WyccExcel/lib/commons-lang3-3.5.jar:/Volumes/LaCie/ProjetDev/WrkSpaceEcl
Launcher Type: SUN_STANDARD

Environment Variables:
PATH=/usr/bin:/bin:/usr/sbin:/sbin
SHELL=/bin/bash

Signal Handlers:
SIGSEGV: [libjvm.dylib+0x5a6d31], sa_mask[0]=11111111011111110111111111111111, sa_flags=SA_ONSTACK|SA_RESTART|SA_SIGINFO
SIGBUS: [libjvm.dylib+0x5a6d31], sa_mask[0]=11111111011111110111111111111111, sa_flags=SA_RESTART|SA_SIGINFO
SIGFPE: [libjvm.dylib+0x480a40], sa_mask[0]=11111111011111110111111111111111, sa_flags=SA_RESTART|SA_SIGINFO
SIGPIPE: [libjvm.dylib+0x480a40], sa_mask[0]=11111111011111110111111111111111, sa_flags=SA_RESTART|SA_SIGINFO
SIGXFSZ: [libjvm.dylib+0x480a40], sa_mask[0]=11111111011111110111111111111111, sa_flags=SA_RESTART|SA_SIGINFO
SIGILL: [libjvm.dylib+0x480a40], sa_mask[0]=11111111011111110111111111111111, sa_flags=SA_RESTART|SA_SIGINFO
SIGUSR1: SIG_DFL, sa_mask[0]=00000000000000000000000000000000, sa_flags=none
SIGUSR2: [libjvm.dylib+0x48055e], sa_mask[0]=00100000000000000000000000000000, sa_flags=SA_RESTART|SA_SIGINFO
SIGHUP: [libjvm.dylib+0x47eb35], sa_mask[0]=11111111011111110111111111111111, sa_flags=SA_RESTART|SA_SIGINFO
SIGINT: [libjvm.dylib+0x47eb35], sa_mask[0]=11111111011111110111111111111111, sa_flags=SA_RESTART|SA_SIGINFO
SIGTERM: [libjvm.dylib+0x47eb35], sa_mask[0]=11111111011111110111111111111111, sa_flags=SA_RESTART|SA_SIGINFO
SIGQUIT: [libjvm.dylib+0x47eb35], sa_mask[0]=11111111011111110111111111111111, sa_flags=SA_RESTART|SA_SIGINFO


---------------  S Y S T E M  ---------------

OS:Bsduname:Darwin 16.4.0 Darwin Kernel Version 16.4.0: Thu Dec 22 22:53:21 PST 2016; root:xnu-3789.41.3~3/RELEASE_X86_64 x86_64
rlimit: STACK 8192k, CORE 0k, NPROC 709, NOFILE 10240, AS infinity
load average:2.72 2.85 4.61

CPU:total 4 (2 cores per cpu, 2 threads per core) family 6 model 61 stepping 4, cmov, cx8, fxsr, mmx, sse, sse2, sse3, ssse3, sse4.1, sse4.2, popcnt, avx, avx2, aes, clmul, erms, 3dnowpref, lzcnt, ht, tsc, tscinvbit, bmi1, bmi2, adx

Memory: 4k page, physical 16777216k(2794548k free)

/proc/meminfo:


vm_info: Java HotSpot(TM) 64-Bit Server VM (25.65-b01) for bsd-amd64 JRE (1.8.0_65-b17), built on Oct  6 2015 15:36:46 by "java_re" with gcc 4.2.1 (Based on Apple Inc. build 5658) (LLVM build 2336.11.00)

time: Sun Mar 19 11:05:55 2017
elapsed time: 317 seconds (0d 0h 5m 17s)

