/*C4*/SET SCHEMA PUBLIC
DELETE FROM MODUL WHERE MODUL_ID=2 AND MODUL_FOURNISSEUR='AIG Luxembourg' AND MODUL_LABEL='PRESTIGES' AND MODUL_PRICE=4832.2099609375E0 AND MODUL_SCOPE='Family' AND MODULE_CATEGORY='Healthcare Plan' AND FORFAIT_PERCENTAGE=1 AND CALCULMODE='MONTHLY' AND DISPLAYORDER=1
INSERT INTO MODUL VALUES(2,'AIG Luxembourg','PRESTIGES',4832.2099609375E0,'Family','Healthcare Plan',1,'MONTHLY',1)
DELETE FROM MODUL WHERE MODUL_ID=1 AND MODUL_FOURNISSEUR='AIG Luxembourg' AND MODUL_LABEL='PRESTIGES' AND MODUL_PRICE=1822.1199951171875E0 AND MODUL_SCOPE='Single' AND MODULE_CATEGORY='Healthcare Plan' AND FORFAIT_PERCENTAGE=1 AND CALCULMODE='MONTHLY' AND DISPLAYORDER=1
INSERT INTO MODUL VALUES(1,'AIG Luxembourg','PRESTIGES',1822.1199951171875E0,'Single','Healthcare Plan',1,'MONTHLY',1)
DELETE FROM MODUL WHERE MODUL_ID=3 AND MODUL_FOURNISSEUR='AIG Luxembourg' AND MODUL_LABEL='PRESTIGES' AND MODUL_PRICE=0.0E0 AND MODUL_SCOPE='Family' AND MODULE_CATEGORY='Assistance and Repatriation' AND FORFAIT_PERCENTAGE=1 AND CALCULMODE='MONTHLY' AND DISPLAYORDER=2
INSERT INTO MODUL VALUES(3,'AIG Luxembourg','PRESTIGES',0.0E0,'Family','Assistance and Repatriation',1,'MONTHLY',2)
DELETE FROM MODUL WHERE MODUL_ID=4 AND MODUL_FOURNISSEUR='AIG Luxembourg' AND MODUL_LABEL='PRESTIGES' AND MODUL_PRICE=0.0E0 AND MODUL_SCOPE='Single' AND MODULE_CATEGORY='Assistance and Repatriation' AND FORFAIT_PERCENTAGE=1 AND CALCULMODE='MONTHLY' AND DISPLAYORDER=2
INSERT INTO MODUL VALUES(4,'AIG Luxembourg','PRESTIGES',0.0E0,'Single','Assistance and Repatriation',1,'MONTHLY',2)
DELETE FROM MODUL WHERE MODUL_ID=18 AND MODUL_FOURNISSEUR='AIG Luxembourg' AND MODUL_LABEL='COMFORTMLC S' AND MODUL_PRICE=0.0E0 AND MODUL_SCOPE='Single' AND MODULE_CATEGORY='Healthcare Plan' AND FORFAIT_PERCENTAGE=1 AND CALCULMODE='MONTHLY' AND DISPLAYORDER=1
INSERT INTO MODUL VALUES(18,'AIG Luxembourg','COMFORTMLC S',0.0E0,'Single','Healthcare Plan',1,'MONTHLY',1)
DELETE FROM MODUL WHERE MODUL_ID=5 AND MODUL_FOURNISSEUR='Anker Verzekeringen n.v.' AND MODUL_LABEL='Formula 3' AND MODUL_PRICE=0.5009999871253967E0 AND MODUL_SCOPE='Single' AND MODULE_CATEGORY='Death Accident' AND FORFAIT_PERCENTAGE=300 AND CALCULMODE='DAILY' AND DISPLAYORDER=4
INSERT INTO MODUL VALUES(5,'Anker Verzekeringen n.v.','Formula 3',0.5009999871253967E0,'Single','Death Accident',300,'DAILY',4)
DELETE FROM MODUL WHERE MODUL_ID=6 AND MODUL_FOURNISSEUR='Anker Verzekeringen n.v.' AND MODUL_LABEL='Formula 3' AND MODUL_PRICE=0.5009999871253967E0 AND MODUL_SCOPE='Family' AND MODULE_CATEGORY='Death Accident' AND FORFAIT_PERCENTAGE=300 AND CALCULMODE='DAILY' AND DISPLAYORDER=4
INSERT INTO MODUL VALUES(6,'Anker Verzekeringen n.v.','Formula 3',0.5009999871253967E0,'Family','Death Accident',300,'DAILY',4)
DELETE FROM MODUL WHERE MODUL_ID=7 AND MODUL_FOURNISSEUR='Anker Verzekeringen n.v.' AND MODUL_LABEL='Formula 3' AND MODUL_PRICE=0.12530000507831573E0 AND MODUL_SCOPE='Family' AND MODULE_CATEGORY='Death Illness' AND FORFAIT_PERCENTAGE=300 AND CALCULMODE='DAILY' AND DISPLAYORDER=3
INSERT INTO MODUL VALUES(7,'Anker Verzekeringen n.v.','Formula 3',0.12530000507831573E0,'Family','Death Illness',300,'DAILY',3)
DELETE FROM MODUL WHERE MODUL_ID=8 AND MODUL_FOURNISSEUR='Anker Verzekeringen n.v.' AND MODUL_LABEL='Formula 3' AND MODUL_PRICE=0.12530000507831573E0 AND MODUL_SCOPE='Single' AND MODULE_CATEGORY='Death Illness' AND FORFAIT_PERCENTAGE=300 AND CALCULMODE='DAILY' AND DISPLAYORDER=3
INSERT INTO MODUL VALUES(8,'Anker Verzekeringen n.v.','Formula 3',0.12530000507831573E0,'Single','Death Illness',300,'DAILY',3)
DELETE FROM MODUL WHERE MODUL_ID=9 AND MODUL_FOURNISSEUR='Anker Verzekeringen n.v.' AND MODUL_LABEL='Formula 3' AND MODUL_PRICE=0.061900001019239426E0 AND MODUL_SCOPE='Single' AND MODULE_CATEGORY='Permanent Disability Accident' AND FORFAIT_PERCENTAGE=300 AND CALCULMODE='DAILY' AND DISPLAYORDER=7
INSERT INTO MODUL VALUES(9,'Anker Verzekeringen n.v.','Formula 3',0.061900001019239426E0,'Single','Permanent Disability Accident',300,'DAILY',7)
DELETE FROM MODUL WHERE MODUL_ID=10 AND MODUL_FOURNISSEUR='Anker Verzekeringen n.v.' AND MODUL_LABEL='Formula 3' AND MODUL_PRICE=0.061900001019239426E0 AND MODUL_SCOPE='Family' AND MODULE_CATEGORY='Permanent Disability Accident' AND FORFAIT_PERCENTAGE=300 AND CALCULMODE='DAILY' AND DISPLAYORDER=7
INSERT INTO MODUL VALUES(10,'Anker Verzekeringen n.v.','Formula 3',0.061900001019239426E0,'Family','Permanent Disability Accident',300,'DAILY',7)
DELETE FROM MODUL WHERE MODUL_ID=11 AND MODUL_FOURNISSEUR='Anker Verzekeringen n.v.' AND MODUL_LABEL='Formula 3' AND MODUL_PRICE=0.21080000698566437E0 AND MODUL_SCOPE='Single' AND MODULE_CATEGORY='Permanent Disability Illness' AND FORFAIT_PERCENTAGE=300 AND CALCULMODE='DAILY' AND DISPLAYORDER=8
INSERT INTO MODUL VALUES(11,'Anker Verzekeringen n.v.','Formula 3',0.21080000698566437E0,'Single','Permanent Disability Illness',300,'DAILY',8)
DELETE FROM MODUL WHERE MODUL_ID=12 AND MODUL_FOURNISSEUR='Anker Verzekeringen n.v.' AND MODUL_LABEL='Formula 3' AND MODUL_PRICE=0.21080000698566437E0 AND MODUL_SCOPE='Family' AND MODULE_CATEGORY='Permanent Disability Illness' AND FORFAIT_PERCENTAGE=300 AND CALCULMODE='DAILY' AND DISPLAYORDER=8
INSERT INTO MODUL VALUES(12,'Anker Verzekeringen n.v.','Formula 3',0.21080000698566437E0,'Family','Permanent Disability Illness',300,'DAILY',8)
DELETE FROM MODUL WHERE MODUL_ID=13 AND MODUL_FOURNISSEUR='Anker Verzekeringen n.v.' AND MODUL_LABEL='Formula 3' AND MODUL_PRICE=0.45249998569488525E0 AND MODUL_SCOPE='Single' AND MODULE_CATEGORY='Temporary Disability Accident' AND FORFAIT_PERCENTAGE=100 AND CALCULMODE='DAILY' AND DISPLAYORDER=5
INSERT INTO MODUL VALUES(13,'Anker Verzekeringen n.v.','Formula 3',0.45249998569488525E0,'Single','Temporary Disability Accident',100,'DAILY',5)
DELETE FROM MODUL WHERE MODUL_ID=14 AND MODUL_FOURNISSEUR='Anker Verzekeringen n.v.' AND MODUL_LABEL='Formula 3' AND MODUL_PRICE=0.45249998569488525E0 AND MODUL_SCOPE='Family' AND MODULE_CATEGORY='Temporary Disability Accident' AND FORFAIT_PERCENTAGE=100 AND CALCULMODE='DAILY' AND DISPLAYORDER=5
INSERT INTO MODUL VALUES(14,'Anker Verzekeringen n.v.','Formula 3',0.45249998569488525E0,'Family','Temporary Disability Accident',100,'DAILY',5)
DELETE FROM MODUL WHERE MODUL_ID=15 AND MODUL_FOURNISSEUR='Anker Verzekeringen n.v.' AND MODUL_LABEL='Formula 3' AND MODUL_PRICE=0.9043999910354614E0 AND MODUL_SCOPE='Single' AND MODULE_CATEGORY='Temporary Disability Illness' AND FORFAIT_PERCENTAGE=100 AND CALCULMODE='DAILY' AND DISPLAYORDER=6
INSERT INTO MODUL VALUES(15,'Anker Verzekeringen n.v.','Formula 3',0.9043999910354614E0,'Single','Temporary Disability Illness',100,'DAILY',6)
DELETE FROM MODUL WHERE MODUL_ID=16 AND MODUL_FOURNISSEUR='Anker Verzekeringen n.v.' AND MODUL_LABEL='Formula 3' AND MODUL_PRICE=0.9043999910354614E0 AND MODUL_SCOPE='Family' AND MODULE_CATEGORY='Temporary Disability Illness' AND FORFAIT_PERCENTAGE=100 AND CALCULMODE='DAILY' AND DISPLAYORDER=6
INSERT INTO MODUL VALUES(16,'Anker Verzekeringen n.v.','Formula 3',0.9043999910354614E0,'Family','Temporary Disability Illness',100,'DAILY',6)
DELETE FROM MODUL WHERE MODUL_ID=19 AND MODUL_FOURNISSEUR='Anker Verzekeringen n.v.' AND MODUL_LABEL='Formula 1A accident' AND MODUL_PRICE=0.9704899787902832E0 AND MODUL_SCOPE='Single' AND MODULE_CATEGORY='Death Accident' AND FORFAIT_PERCENTAGE=300 AND CALCULMODE='DAILY' AND DISPLAYORDER=4
INSERT INTO MODUL VALUES(19,'Anker Verzekeringen n.v.','Formula 1A accident',0.9704899787902832E0,'Single','Death Accident',300,'DAILY',4)
DELETE FROM MODUL WHERE MODUL_ID=20 AND MODUL_FOURNISSEUR='Anker Verzekeringen n.v.' AND MODUL_LABEL='Formula 1A accident' AND MODUL_PRICE=0.9704899787902832E0 AND MODUL_SCOPE='Family' AND MODULE_CATEGORY='Death Accident' AND FORFAIT_PERCENTAGE=300 AND CALCULMODE='DAILY' AND DISPLAYORDER=4
INSERT INTO MODUL VALUES(20,'Anker Verzekeringen n.v.','Formula 1A accident',0.9704899787902832E0,'Family','Death Accident',300,'DAILY',4)
DELETE FROM MODUL WHERE MODUL_ID=21 AND MODUL_FOURNISSEUR='AIG Luxembourg' AND MODUL_LABEL='COMFORTMLC S' AND MODUL_PRICE=0.0E0 AND MODUL_SCOPE='Family' AND MODULE_CATEGORY='Assistance and Repatriation' AND FORFAIT_PERCENTAGE=1 AND CALCULMODE='MONTHLY' AND DISPLAYORDER=2
INSERT INTO MODUL VALUES(21,'AIG Luxembourg','COMFORTMLC S',0.0E0,'Family','Assistance and Repatriation',1,'MONTHLY',2)
DELETE FROM MODUL WHERE MODUL_ID=17 AND MODUL_FOURNISSEUR='AIG Luxembourg' AND MODUL_LABEL='COMFORTMLC S' AND MODUL_PRICE=0.0E0 AND MODUL_SCOPE='Family' AND MODULE_CATEGORY='Healthcare Plan' AND FORFAIT_PERCENTAGE=1 AND CALCULMODE='MONTHLY' AND DISPLAYORDER=1
INSERT INTO MODUL VALUES(17,'AIG Luxembourg','COMFORTMLC S',0.0E0,'Family','Healthcare Plan',1,'MONTHLY',1)
DELETE FROM MODUL WHERE MODUL_ID=22 AND MODUL_FOURNISSEUR='AIG Luxembourg' AND MODUL_LABEL='COMFORTMLC S' AND MODUL_PRICE=0.0E0 AND MODUL_SCOPE='Single' AND MODULE_CATEGORY='Assistance and Repatriation' AND FORFAIT_PERCENTAGE=1 AND CALCULMODE='MONTHLY' AND DISPLAYORDER=2
INSERT INTO MODUL VALUES(22,'AIG Luxembourg','COMFORTMLC S',0.0E0,'Single','Assistance and Repatriation',1,'MONTHLY',2)
DELETE FROM MODUL WHERE MODUL_ID=23 AND MODUL_FOURNISSEUR IS NULL AND MODUL_LABEL IS NULL AND MODUL_PRICE IS NULL AND MODUL_SCOPE IS NULL AND MODULE_CATEGORY IS NULL AND FORFAIT_PERCENTAGE=0 AND CALCULMODE IS NULL AND DISPLAYORDER IS NULL
COMMIT
